[ 2015-05-30T20:09:40+08:00 ] 127.0.0.1 /Goods/Goods/add
INFO: [ app_init ] --START--
INFO: Run Behavior\BuildLiteBehavior [ RunTime:0.000028s ]
INFO: [ app_init ] --END-- [ RunTime:0.001641s ]
INFO: [ app_begin ] --START--
INFO: Run Behavior\ReadHtmlCacheBehavior [ RunTime:0.001516s ]
INFO: [ app_begin ] --END-- [ RunTime:0.001644s ]
INFO: [ view_parse ] --START--
INFO: [ template_filter ] --START--
INFO: Run Behavior\ContentReplaceBehavior [ RunTime:0.000078s ]
INFO: [ template_filter ] --END-- [ RunTime:0.000198s ]
INFO: Run Behavior\ParseTemplateBehavior [ RunTime:0.036183s ]
INFO: [ view_parse ] --END-- [ RunTime:0.036317s ]
INFO: [ view_filter ] --START--
INFO: Run Behavior\WriteHtmlCacheBehavior [ RunTime:0.000964s ]
INFO: [ view_filter ] --END-- [ RunTime:0.001104s ]

[ 2015-05-30T20:10:05+08:00 ] 127.0.0.1 /Goods/Brand/lst.html
INFO: [ app_init ] --START--
INFO: Run Behavior\BuildLiteBehavior [ RunTime:0.000026s ]
INFO: [ app_init ] --END-- [ RunTime:0.000721s ]
INFO: [ app_begin ] --START--
INFO: Run Behavior\ReadHtmlCacheBehavior [ RunTime:0.001244s ]
INFO: [ app_begin ] --END-- [ RunTime:0.001357s ]
SQL: SHOW COLUMNS FROM `sh_brand` [ RunTime:0.0439s ]
NOTIC: [2] Invalid argument supplied for foreach() D:\wamp\www\xm\ThinkPHP\Library\Think\Db\Driver.class.php 第 493 行.
SQL: SELECT COUNT(*) AS tp_count FROM `sh_brand` LIMIT 1   [ RunTime:0.0568s ]
NOTIC: [2] Invalid argument supplied for foreach() D:\wamp\www\xm\ThinkPHP\Library\Think\Db\Driver.class.php 第 493 行.
SQL: SELECT * FROM `sh_brand` ORDER BY id LIMIT 0,15   [ RunTime:0.0010s ]
INFO: [ view_parse ] --START--
INFO: [ template_filter ] --START--
INFO: Run Behavior\ContentReplaceBehavior [ RunTime:0.000142s ]
INFO: [ template_filter ] --END-- [ RunTime:0.000268s ]
INFO: Run Behavior\ParseTemplateBehavior [ RunTime:0.027578s ]
INFO: [ view_parse ] --END-- [ RunTime:0.027733s ]
INFO: [ view_filter ] --START--
INFO: Run Behavior\WriteHtmlCacheBehavior [ RunTime:0.000647s ]
INFO: [ view_filter ] --END-- [ RunTime:0.000766s ]
INFO: [ app_end ] --START--
INFO: Run Behavior\ShowPageTraceBehavior [ RunTime:0.001006s ]
INFO: [ app_end ] --END-- [ RunTime:0.001150s ]

[ 2015-05-30T20:10:09+08:00 ] 127.0.0.1 /Goods/Goods/lst.html
INFO: [ app_init ] --START--
INFO: Run Behavior\BuildLiteBehavior [ RunTime:0.000026s ]
INFO: [ app_init ] --END-- [ RunTime:0.000711s ]
INFO: [ app_begin ] --START--
INFO: Run Behavior\ReadHtmlCacheBehavior [ RunTime:0.000966s ]
INFO: [ app_begin ] --END-- [ RunTime:0.001076s ]
SQL: SHOW COLUMNS FROM `sh_goods` [ RunTime:0.0658s ]
NOTIC: [2] Invalid argument supplied for foreach() D:\wamp\www\xm\ThinkPHP\Library\Think\Db\Driver.class.php 第 493 行.
SQL: SELECT COUNT(*) AS tp_count FROM `sh_goods` LIMIT 1   [ RunTime:0.0003s ]
NOTIC: [2] Invalid argument supplied for foreach() D:\wamp\www\xm\ThinkPHP\Library\Think\Db\Driver.class.php 第 493 行.
SQL: SELECT * FROM `sh_goods` ORDER BY id LIMIT 0,15   [ RunTime:0.0005s ]
INFO: [ view_parse ] --START--
INFO: [ template_filter ] --START--
INFO: Run Behavior\ContentReplaceBehavior [ RunTime:0.000198s ]
INFO: [ template_filter ] --END-- [ RunTime:0.000406s ]
INFO: Run Behavior\ParseTemplateBehavior [ RunTime:0.028297s ]
INFO: [ view_parse ] --END-- [ RunTime:0.028531s ]
INFO: [ view_filter ] --START--
INFO: Run Behavior\WriteHtmlCacheBehavior [ RunTime:0.000946s ]
INFO: [ view_filter ] --END-- [ RunTime:0.001114s ]
INFO: [ app_end ] --START--
INFO: Run Behavior\ShowPageTraceBehavior [ RunTime:0.001827s ]
INFO: [ app_end ] --END-- [ RunTime:0.002003s ]

[ 2015-05-30T20:10:13+08:00 ] 127.0.0.1 /Goods/Goods/add
INFO: [ app_init ] --START--
INFO: Run Behavior\BuildLiteBehavior [ RunTime:0.000043s ]
INFO: [ app_init ] --END-- [ RunTime:0.001312s ]
INFO: [ app_begin ] --START--
INFO: Run Behavior\ReadHtmlCacheBehavior [ RunTime:0.002708s ]
INFO: [ app_begin ] --END-- [ RunTime:0.002914s ]
SQL: SHOW COLUMNS FROM `sh_category` [ RunTime:0.0646s ]
SQL: SELECT * FROM `sh_category`  [ RunTime:0.0007s ]
SQL: SHOW COLUMNS FROM `sh_brand` [ RunTime:0.0079s ]
SQL: SELECT * FROM `sh_brand`  [ RunTime:0.0007s ]
INFO: [ view_parse ] --START--
INFO: [ template_filter ] --START--
INFO: Run Behavior\ContentReplaceBehavior [ RunTime:0.000241s ]
INFO: [ template_filter ] --END-- [ RunTime:0.000455s ]
INFO: Run Behavior\ParseTemplateBehavior [ RunTime:0.034976s ]
INFO: [ view_parse ] --END-- [ RunTime:0.035227s ]
INFO: [ view_filter ] --START--
INFO: Run Behavior\WriteHtmlCacheBehavior [ RunTime:0.000967s ]
INFO: [ view_filter ] --END-- [ RunTime:0.001143s ]
INFO: [ app_end ] --START--
INFO: Run Behavior\ShowPageTraceBehavior [ RunTime:0.002086s ]
INFO: [ app_end ] --END-- [ RunTime:0.002283s ]

[ 2015-05-30T20:51:32+08:00 ] 127.0.0.1 /Goods/Goods/lst.html
INFO: [ app_init ] --START--
INFO: Run Behavior\BuildLiteBehavior [ RunTime:0.000042s ]
INFO: [ app_init ] --END-- [ RunTime:0.001321s ]
INFO: [ app_begin ] --START--
INFO: Run Behavior\ReadHtmlCacheBehavior [ RunTime:0.001983s ]
INFO: [ app_begin ] --END-- [ RunTime:0.002186s ]
SQL: SHOW COLUMNS FROM `sh_goods` [ RunTime:0.0110s ]
NOTIC: [2] Invalid argument supplied for foreach() D:\wamp\www\xm\ThinkPHP\Library\Think\Db\Driver.class.php 第 493 行.
SQL: SELECT COUNT(*) AS tp_count FROM `sh_goods` LIMIT 1   [ RunTime:0.0004s ]
NOTIC: [2] Invalid argument supplied for foreach() D:\wamp\www\xm\ThinkPHP\Library\Think\Db\Driver.class.php 第 493 行.
SQL: SELECT * FROM `sh_goods` ORDER BY id LIMIT 0,15   [ RunTime:0.0009s ]
INFO: [ view_parse ] --START--
INFO: [ template_filter ] --START--
INFO: Run Behavior\ContentReplaceBehavior [ RunTime:0.000201s ]
INFO: [ template_filter ] --END-- [ RunTime:0.000411s ]
INFO: Run Behavior\ParseTemplateBehavior [ RunTime:0.041186s ]
INFO: [ view_parse ] --END-- [ RunTime:0.041478s ]
INFO: [ view_filter ] --START--
INFO: Run Behavior\WriteHtmlCacheBehavior [ RunTime:0.001192s ]
INFO: [ view_filter ] --END-- [ RunTime:0.001369s ]
INFO: [ app_end ] --START--
INFO: Run Behavior\ShowPageTraceBehavior [ RunTime:0.001881s ]
INFO: [ app_end ] --END-- [ RunTime:0.002051s ]

[ 2015-05-30T20:51:34+08:00 ] 127.0.0.1 /Goods/Goods/add
INFO: [ app_init ] --START--
INFO: Run Behavior\BuildLiteBehavior [ RunTime:0.000027s ]
INFO: [ app_init ] --END-- [ RunTime:0.001068s ]
INFO: [ app_begin ] --START--
INFO: Run Behavior\ReadHtmlCacheBehavior [ RunTime:0.002051s ]
INFO: [ app_begin ] --END-- [ RunTime:0.002225s ]
SQL: SHOW COLUMNS FROM `sh_category` [ RunTime:0.0092s ]
SQL: SELECT * FROM `sh_category`  [ RunTime:0.0004s ]
SQL: SHOW COLUMNS FROM `sh_brand` [ RunTime:0.0046s ]
SQL: SELECT * FROM `sh_brand`  [ RunTime:0.0004s ]
INFO: [ view_parse ] --START--
INFO: [ template_filter ] --START--
INFO: Run Behavior\ContentReplaceBehavior [ RunTime:0.000151s ]
INFO: [ template_filter ] --END-- [ RunTime:0.000277s ]
INFO: Run Behavior\ParseTemplateBehavior [ RunTime:0.035782s ]
INFO: [ view_parse ] --END-- [ RunTime:0.035915s ]
INFO: [ view_filter ] --START--
INFO: Run Behavior\WriteHtmlCacheBehavior [ RunTime:0.000499s ]
INFO: [ view_filter ] --END-- [ RunTime:0.000594s ]
INFO: [ app_end ] --START--
INFO: Run Behavior\ShowPageTraceBehavior [ RunTime:0.000909s ]
INFO: [ app_end ] --END-- [ RunTime:0.001006s ]

[ 2015-05-30T20:53:11+08:00 ] 127.0.0.1 /Goods/Goods/lst.html
INFO: [ app_init ] --START--
INFO: Run Behavior\BuildLiteBehavior [ RunTime:0.000029s ]
INFO: [ app_init ] --END-- [ RunTime:0.001138s ]
INFO: [ app_begin ] --START--
INFO: Run Behavior\ReadHtmlCacheBehavior [ RunTime:0.000997s ]
INFO: [ app_begin ] --END-- [ RunTime:0.001120s ]
SQL: SHOW COLUMNS FROM `sh_goods` [ RunTime:0.0274s ]
NOTIC: [2] Invalid argument supplied for foreach() D:\wamp\www\xm\ThinkPHP\Library\Think\Db\Driver.class.php 第 493 行.
SQL: SELECT COUNT(*) AS tp_count FROM `sh_goods` LIMIT 1   [ RunTime:0.0006s ]
NOTIC: [2] Invalid argument supplied for foreach() D:\wamp\www\xm\ThinkPHP\Library\Think\Db\Driver.class.php 第 493 行.
SQL: SELECT * FROM `sh_goods` ORDER BY id LIMIT 0,15   [ RunTime:0.0014s ]
INFO: [ view_parse ] --START--
INFO: [ template_filter ] --START--
INFO: Run Behavior\ContentReplaceBehavior [ RunTime:0.000130s ]
INFO: [ template_filter ] --END-- [ RunTime:0.000285s ]
INFO: Run Behavior\ParseTemplateBehavior [ RunTime:0.017300s ]
INFO: [ view_parse ] --END-- [ RunTime:0.017560s ]
INFO: [ view_filter ] --START--
INFO: Run Behavior\WriteHtmlCacheBehavior [ RunTime:0.000710s ]
INFO: [ view_filter ] --END-- [ RunTime:0.000827s ]
INFO: [ app_end ] --START--
INFO: Run Behavior\ShowPageTraceBehavior [ RunTime:0.001124s ]
INFO: [ app_end ] --END-- [ RunTime:0.001244s ]

[ 2015-05-30T20:53:13+08:00 ] 127.0.0.1 /Goods/Goods/add
INFO: [ app_init ] --START--
INFO: Run Behavior\BuildLiteBehavior [ RunTime:0.000030s ]
INFO: [ app_init ] --END-- [ RunTime:0.000799s ]
INFO: [ app_begin ] --START--
INFO: Run Behavior\ReadHtmlCacheBehavior [ RunTime:0.001031s ]
INFO: [ app_begin ] --END-- [ RunTime:0.001160s ]
SQL: SHOW COLUMNS FROM `sh_category` [ RunTime:0.0043s ]
SQL: SELECT * FROM `sh_category`  [ RunTime:0.0004s ]
SQL: SHOW COLUMNS FROM `sh_brand` [ RunTime:0.0047s ]
SQL: SELECT * FROM `sh_brand`  [ RunTime:0.0004s ]
INFO: [ view_parse ] --START--
INFO: [ template_filter ] --START--
INFO: Run Behavior\ContentReplaceBehavior [ RunTime:0.000144s ]
INFO: [ template_filter ] --END-- [ RunTime:0.000282s ]
INFO: Run Behavior\ParseTemplateBehavior [ RunTime:0.013282s ]
INFO: [ view_parse ] --END-- [ RunTime:0.013415s ]
INFO: [ view_filter ] --START--
INFO: Run Behavior\WriteHtmlCacheBehavior [ RunTime:0.000529s ]
INFO: [ view_filter ] --END-- [ RunTime:0.000626s ]
INFO: [ app_end ] --START--
INFO: Run Behavior\ShowPageTraceBehavior [ RunTime:0.001022s ]
INFO: [ app_end ] --END-- [ RunTime:0.001153s ]

[ 2015-05-30T21:06:29+08:00 ] 127.0.0.1 /Goods/Goods/add
INFO: [ app_init ] --START--
INFO: Run Behavior\BuildLiteBehavior [ RunTime:0.000028s ]
INFO: [ app_init ] --END-- [ RunTime:0.000828s ]
INFO: [ app_begin ] --START--
INFO: Run Behavior\ReadHtmlCacheBehavior [ RunTime:0.001505s ]
INFO: [ app_begin ] --END-- [ RunTime:0.001646s ]
SQL: SHOW COLUMNS FROM `sh_category` [ RunTime:0.0043s ]
SQL: SELECT * FROM `sh_category`  [ RunTime:0.0004s ]
SQL: SHOW COLUMNS FROM `sh_brand` [ RunTime:0.0050s ]
SQL: SELECT * FROM `sh_brand`  [ RunTime:0.0004s ]
ERR: SQLSTATE[42S02]: Base table or view not found: 1146 Table 'shop.sh_memberlever' doesn't exist

[ 2015-05-30T21:06:42+08:00 ] 127.0.0.1 /Goods/Goods/add
INFO: [ app_init ] --START--
INFO: Run Behavior\BuildLiteBehavior [ RunTime:0.000026s ]
INFO: [ app_init ] --END-- [ RunTime:0.000707s ]
INFO: [ app_begin ] --START--
INFO: Run Behavior\ReadHtmlCacheBehavior [ RunTime:0.000890s ]
INFO: [ app_begin ] --END-- [ RunTime:0.000995s ]
SQL: SHOW COLUMNS FROM `sh_category` [ RunTime:0.0065s ]
SQL: SELECT * FROM `sh_category`  [ RunTime:0.0004s ]
SQL: SHOW COLUMNS FROM `sh_brand` [ RunTime:0.0038s ]
SQL: SELECT * FROM `sh_brand`  [ RunTime:0.0004s ]
ERR: SQLSTATE[42S02]: Base table or view not found: 1146 Table 'shop.sh_member_lever' doesn't exist

[ 2015-05-30T21:07:12+08:00 ] 127.0.0.1 /Goods/Goods/add
INFO: [ app_init ] --START--
INFO: Run Behavior\BuildLiteBehavior [ RunTime:0.000026s ]
INFO: [ app_init ] --END-- [ RunTime:0.000700s ]
INFO: [ app_begin ] --START--
INFO: Run Behavior\ReadHtmlCacheBehavior [ RunTime:0.000903s ]
INFO: [ app_begin ] --END-- [ RunTime:0.001013s ]
SQL: SHOW COLUMNS FROM `sh_category` [ RunTime:0.0052s ]
SQL: SELECT * FROM `sh_category`  [ RunTime:0.0004s ]
SQL: SHOW COLUMNS FROM `sh_brand` [ RunTime:0.0038s ]
SQL: SELECT * FROM `sh_brand`  [ RunTime:0.0004s ]
ERR: SQLSTATE[42S02]: Base table or view not found: 1146 Table 'shop.sh_memberlevel' doesn't exist

[ 2015-05-30T21:07:23+08:00 ] 127.0.0.1 /Goods/Goods/add
INFO: [ app_init ] --START--
INFO: Run Behavior\BuildLiteBehavior [ RunTime:0.000044s ]
INFO: [ app_init ] --END-- [ RunTime:0.001410s ]
INFO: [ app_begin ] --START--
INFO: Run Behavior\ReadHtmlCacheBehavior [ RunTime:0.001693s ]
INFO: [ app_begin ] --END-- [ RunTime:0.001976s ]
SQL: SHOW COLUMNS FROM `sh_category` [ RunTime:0.0066s ]
SQL: SELECT * FROM `sh_category`  [ RunTime:0.0007s ]
SQL: SHOW COLUMNS FROM `sh_brand` [ RunTime:0.0086s ]
SQL: SELECT * FROM `sh_brand`  [ RunTime:0.0005s ]
SQL: SHOW COLUMNS FROM `sh_member_level` [ RunTime:0.0079s ]
SQL: SELECT * FROM `sh_member_level`  [ RunTime:0.0006s ]

