[ 2015-09-09T20:40:50+08:00 ] 127.0.0.1 /Goods/Goods/ajaxattr/type_id/5
INFO: [ app_begin ] --START--
INFO: Run Behavior\ReadHtmlCacheBehavior [ RunTime:0.000000s ]
INFO: [ app_begin ] --END-- [ RunTime:0.000000s ]
SQL: SHOW COLUMNS FROM `sh_attribute` [ RunTime:0.0000s ]
SQL: SELECT * FROM `sh_attribute` WHERE ( type_id=5 )  [ RunTime:0.0000s ]
INFO: [ app_end ] --START--
INFO: Run Behavior\ShowPageTraceBehavior [ RunTime:0.000000s ]
INFO: [ app_end ] --END-- [ RunTime:0.000000s ]

[ 2015-09-09T20:50:31+08:00 ] 127.0.0.1 /Goods/Goods/ajaxattr/type_id/5
INFO: [ app_begin ] --START--
INFO: Run Behavior\ReadHtmlCacheBehavior [ RunTime:0.000000s ]
INFO: [ app_begin ] --END-- [ RunTime:0.000000s ]
SQL: SHOW COLUMNS FROM `sh_attribute` [ RunTime:0.0156s ]
SQL: SELECT * FROM `sh_attribute` WHERE ( type_id=5 )  [ RunTime:0.0000s ]
INFO: [ app_end ] --START--
INFO: Run Behavior\ShowPageTraceBehavior [ RunTime:0.000000s ]
INFO: [ app_end ] --END-- [ RunTime:0.000000s ]

[ 2015-09-09T20:54:41+08:00 ] 127.0.0.1 /Goods/Goods/ajaxattr/type_id/7
INFO: [ app_begin ] --START--
INFO: Run Behavior\ReadHtmlCacheBehavior [ RunTime:0.000000s ]
INFO: [ app_begin ] --END-- [ RunTime:0.000000s ]
SQL: SHOW COLUMNS FROM `sh_attribute` [ RunTime:0.0000s ]
SQL: SELECT * FROM `sh_attribute` WHERE ( type_id=7 )  [ RunTime:0.0000s ]
INFO: [ app_end ] --START--
INFO: Run Behavior\ShowPageTraceBehavior [ RunTime:0.000000s ]
INFO: [ app_end ] --END-- [ RunTime:0.000000s ]

[ 2015-09-09T20:54:48+08:00 ] 127.0.0.1 /Goods/Goods/ajaxattr/type_id/5
INFO: [ app_begin ] --START--
INFO: Run Behavior\ReadHtmlCacheBehavior [ RunTime:0.000000s ]
INFO: [ app_begin ] --END-- [ RunTime:0.000000s ]
SQL: SHOW COLUMNS FROM `sh_attribute` [ RunTime:0.0000s ]
SQL: SELECT * FROM `sh_attribute` WHERE ( type_id=5 )  [ RunTime:0.0000s ]
INFO: [ app_end ] --START--
INFO: Run Behavior\ShowPageTraceBehavior [ RunTime:0.000000s ]
INFO: [ app_end ] --END-- [ RunTime:0.000000s ]

[ 2015-09-09T21:03:25+08:00 ] 127.0.0.1 /Goods/Goods/ajaxattr/type_id/5
INFO: [ app_begin ] --START--
INFO: Run Behavior\ReadHtmlCacheBehavior [ RunTime:0.000000s ]
INFO: [ app_begin ] --END-- [ RunTime:0.000000s ]
SQL: SHOW COLUMNS FROM `sh_attribute` [ RunTime:0.0000s ]
SQL: SELECT * FROM `sh_attribute` WHERE ( type_id=5 )  [ RunTime:0.0000s ]
INFO: [ app_end ] --START--
INFO: Run Behavior\ShowPageTraceBehavior [ RunTime:0.000000s ]
INFO: [ app_end ] --END-- [ RunTime:0.000000s ]

