[ 2015-06-10T20:49:03+08:00 ] 127.0.0.1 /Goods/Goods/add
INFO: [ app_init ] --START--
INFO: Run Behavior\BuildLiteBehavior [ RunTime:0.000027s ]
INFO: [ app_init ] --END-- [ RunTime:0.018496s ]
INFO: [ app_begin ] --START--
INFO: Run Behavior\ReadHtmlCacheBehavior [ RunTime:0.001636s ]
INFO: [ app_begin ] --END-- [ RunTime:0.001769s ]
INFO: [ view_parse ] --START--
INFO: [ template_filter ] --START--
INFO: Run Behavior\ContentReplaceBehavior [ RunTime:0.000075s ]
INFO: [ template_filter ] --END-- [ RunTime:0.000195s ]
INFO: Run Behavior\ParseTemplateBehavior [ RunTime:0.052985s ]
INFO: [ view_parse ] --END-- [ RunTime:0.053117s ]
INFO: [ view_filter ] --START--
INFO: Run Behavior\WriteHtmlCacheBehavior [ RunTime:0.001003s ]
INFO: [ view_filter ] --END-- [ RunTime:0.001145s ]

[ 2015-06-10T20:49:15+08:00 ] 127.0.0.1 /Goods/Goods/lst.html
INFO: [ app_init ] --START--
INFO: Run Behavior\BuildLiteBehavior [ RunTime:0.000031s ]
INFO: [ app_init ] --END-- [ RunTime:0.000863s ]
INFO: [ app_begin ] --START--
INFO: Run Behavior\ReadHtmlCacheBehavior [ RunTime:0.001194s ]
INFO: [ app_begin ] --END-- [ RunTime:0.001345s ]
SQL: SHOW COLUMNS FROM `sh_goods` [ RunTime:0.0986s ]
NOTIC: [2] Invalid argument supplied for foreach() D:\wamp\www\xm\ThinkPHP\Library\Think\Db\Driver.class.php 第 493 行.
SQL: SELECT COUNT(*) AS tp_count FROM `sh_goods` LIMIT 1   [ RunTime:0.1515s ]
NOTIC: [2] Invalid argument supplied for foreach() D:\wamp\www\xm\ThinkPHP\Library\Think\Db\Driver.class.php 第 493 行.
SQL: SELECT * FROM `sh_goods` ORDER BY id LIMIT 0,15   [ RunTime:0.0355s ]
INFO: [ view_parse ] --START--
INFO: [ template_filter ] --START--
INFO: Run Behavior\ContentReplaceBehavior [ RunTime:0.000120s ]
INFO: [ template_filter ] --END-- [ RunTime:0.000301s ]
INFO: Run Behavior\ParseTemplateBehavior [ RunTime:0.043350s ]
INFO: [ view_parse ] --END-- [ RunTime:0.043500s ]
INFO: [ view_filter ] --START--
INFO: Run Behavior\WriteHtmlCacheBehavior [ RunTime:0.000610s ]
INFO: [ view_filter ] --END-- [ RunTime:0.000725s ]
INFO: [ app_end ] --START--
INFO: Run Behavior\ShowPageTraceBehavior [ RunTime:0.000966s ]
INFO: [ app_end ] --END-- [ RunTime:0.001080s ]

[ 2015-06-10T20:49:18+08:00 ] 127.0.0.1 /Goods/Goods/bdel
INFO: [ app_init ] --START--
INFO: Run Behavior\BuildLiteBehavior [ RunTime:0.000026s ]
INFO: [ app_init ] --END-- [ RunTime:0.000729s ]
INFO: [ app_begin ] --START--
INFO: Run Behavior\ReadHtmlCacheBehavior [ RunTime:0.000918s ]
INFO: [ app_begin ] --END-- [ RunTime:0.001029s ]
INFO: [ view_parse ] --START--
INFO: [ template_filter ] --START--
INFO: Run Behavior\ContentReplaceBehavior [ RunTime:0.000076s ]
INFO: [ template_filter ] --END-- [ RunTime:0.000195s ]
INFO: Run Behavior\ParseTemplateBehavior [ RunTime:0.010515s ]
INFO: [ view_parse ] --END-- [ RunTime:0.010638s ]
INFO: [ view_filter ] --START--
INFO: Run Behavior\WriteHtmlCacheBehavior [ RunTime:0.000527s ]
INFO: [ view_filter ] --END-- [ RunTime:0.000621s ]
INFO: [ app_end ] --START--
INFO: Run Behavior\ShowPageTraceBehavior [ RunTime:0.000902s ]
INFO: [ app_end ] --END-- [ RunTime:0.001001s ]

[ 2015-06-10T20:49:19+08:00 ] 127.0.0.1 /Goods/Goods/lst.html
INFO: [ app_init ] --START--
INFO: Run Behavior\BuildLiteBehavior [ RunTime:0.000025s ]
INFO: [ app_init ] --END-- [ RunTime:0.000709s ]
INFO: [ app_begin ] --START--
INFO: Run Behavior\ReadHtmlCacheBehavior [ RunTime:0.000947s ]
INFO: [ app_begin ] --END-- [ RunTime:0.001070s ]
SQL: SHOW COLUMNS FROM `sh_goods` [ RunTime:0.0065s ]
NOTIC: [2] Invalid argument supplied for foreach() D:\wamp\www\xm\ThinkPHP\Library\Think\Db\Driver.class.php 第 493 行.
SQL: SELECT COUNT(*) AS tp_count FROM `sh_goods` LIMIT 1   [ RunTime:0.0004s ]
NOTIC: [2] Invalid argument supplied for foreach() D:\wamp\www\xm\ThinkPHP\Library\Think\Db\Driver.class.php 第 493 行.
SQL: SELECT * FROM `sh_goods` ORDER BY id LIMIT 0,15   [ RunTime:0.0006s ]
INFO: [ view_parse ] --START--
INFO: [ template_filter ] --START--
INFO: Run Behavior\ContentReplaceBehavior [ RunTime:0.000115s ]
INFO: [ template_filter ] --END-- [ RunTime:0.000284s ]
INFO: Run Behavior\ParseTemplateBehavior [ RunTime:0.011893s ]
INFO: [ view_parse ] --END-- [ RunTime:0.012041s ]
INFO: [ view_filter ] --START--
INFO: Run Behavior\WriteHtmlCacheBehavior [ RunTime:0.000559s ]
INFO: [ view_filter ] --END-- [ RunTime:0.000670s ]
INFO: [ app_end ] --START--
INFO: Run Behavior\ShowPageTraceBehavior [ RunTime:0.000933s ]
INFO: [ app_end ] --END-- [ RunTime:0.001046s ]

[ 2015-06-10T20:49:21+08:00 ] 127.0.0.1 /Goods/Goods/bdel
INFO: [ app_init ] --START--
INFO: Run Behavior\BuildLiteBehavior [ RunTime:0.000025s ]
INFO: [ app_init ] --END-- [ RunTime:0.000695s ]
INFO: [ app_begin ] --START--
INFO: Run Behavior\ReadHtmlCacheBehavior [ RunTime:0.001224s ]
INFO: [ app_begin ] --END-- [ RunTime:0.001359s ]
SQL: SHOW COLUMNS FROM `sh_goods` [ RunTime:0.0065s ]
SQL: DELETE FROM `sh_goods` WHERE `id` IN ('53','54','55') [ RunTime:0.0604s ]
INFO: [ view_parse ] --START--
INFO: [ template_filter ] --START--
INFO: Run Behavior\ContentReplaceBehavior [ RunTime:0.000078s ]
INFO: [ template_filter ] --END-- [ RunTime:0.000201s ]
INFO: Run Behavior\ParseTemplateBehavior [ RunTime:0.010641s ]
INFO: [ view_parse ] --END-- [ RunTime:0.010762s ]
INFO: [ view_filter ] --START--
INFO: Run Behavior\WriteHtmlCacheBehavior [ RunTime:0.000551s ]
INFO: [ view_filter ] --END-- [ RunTime:0.000646s ]
INFO: [ app_end ] --START--
INFO: Run Behavior\ShowPageTraceBehavior [ RunTime:0.000909s ]
INFO: [ app_end ] --END-- [ RunTime:0.001005s ]

[ 2015-06-10T20:49:22+08:00 ] 127.0.0.1 /Goods/Goods/lst.html
INFO: [ app_init ] --START--
INFO: Run Behavior\BuildLiteBehavior [ RunTime:0.000032s ]
INFO: [ app_init ] --END-- [ RunTime:0.000872s ]
INFO: [ app_begin ] --START--
INFO: Run Behavior\ReadHtmlCacheBehavior [ RunTime:0.001270s ]
INFO: [ app_begin ] --END-- [ RunTime:0.001409s ]
SQL: SHOW COLUMNS FROM `sh_goods` [ RunTime:0.0090s ]
NOTIC: [2] Invalid argument supplied for foreach() D:\wamp\www\xm\ThinkPHP\Library\Think\Db\Driver.class.php 第 493 行.
SQL: SELECT COUNT(*) AS tp_count FROM `sh_goods` LIMIT 1   [ RunTime:0.0003s ]
NOTIC: [2] Invalid argument supplied for foreach() D:\wamp\www\xm\ThinkPHP\Library\Think\Db\Driver.class.php 第 493 行.
SQL: SELECT * FROM `sh_goods` ORDER BY id LIMIT 0,15   [ RunTime:0.0005s ]
INFO: [ view_parse ] --START--
INFO: [ template_filter ] --START--
INFO: Run Behavior\ContentReplaceBehavior [ RunTime:0.000124s ]
INFO: [ template_filter ] --END-- [ RunTime:0.000274s ]
INFO: Run Behavior\ParseTemplateBehavior [ RunTime:0.014167s ]
INFO: [ view_parse ] --END-- [ RunTime:0.014330s ]
INFO: [ view_filter ] --START--
INFO: Run Behavior\WriteHtmlCacheBehavior [ RunTime:0.000644s ]
INFO: [ view_filter ] --END-- [ RunTime:0.000763s ]
INFO: [ app_end ] --START--
INFO: Run Behavior\ShowPageTraceBehavior [ RunTime:0.000952s ]
INFO: [ app_end ] --END-- [ RunTime:0.001070s ]

[ 2015-06-10T20:50:35+08:00 ] 127.0.0.1 /Goods/Goods/add
INFO: [ app_init ] --START--
INFO: Run Behavior\BuildLiteBehavior [ RunTime:0.000029s ]
INFO: [ app_init ] --END-- [ RunTime:0.000781s ]
INFO: [ app_begin ] --START--
INFO: Run Behavior\ReadHtmlCacheBehavior [ RunTime:0.001137s ]
INFO: [ app_begin ] --END-- [ RunTime:0.001339s ]
SQL: SHOW COLUMNS FROM `sh_category` [ RunTime:0.0260s ]
SQL: SELECT * FROM `sh_category`  [ RunTime:0.0005s ]
SQL: SHOW COLUMNS FROM `sh_brand` [ RunTime:0.0212s ]
SQL: SELECT * FROM `sh_brand`  [ RunTime:0.0005s ]
SQL: SHOW COLUMNS FROM `sh_member_level` [ RunTime:0.0221s ]
SQL: SELECT * FROM `sh_member_level`  [ RunTime:0.0005s ]
SQL: SHOW COLUMNS FROM `sh_type` [ RunTime:0.0273s ]
SQL: SELECT * FROM `sh_type`  [ RunTime:0.0004s ]
INFO: [ view_parse ] --START--
INFO: [ template_filter ] --START--
INFO: Run Behavior\ContentReplaceBehavior [ RunTime:0.000175s ]
INFO: [ template_filter ] --END-- [ RunTime:0.000295s ]
INFO: Run Behavior\ParseTemplateBehavior [ RunTime:0.023754s ]
INFO: [ view_parse ] --END-- [ RunTime:0.023920s ]
INFO: [ view_filter ] --START--
INFO: Run Behavior\WriteHtmlCacheBehavior [ RunTime:0.000542s ]
INFO: [ view_filter ] --END-- [ RunTime:0.000639s ]
INFO: [ app_end ] --START--
INFO: Run Behavior\ShowPageTraceBehavior [ RunTime:0.001006s ]
INFO: [ app_end ] --END-- [ RunTime:0.001108s ]

[ 2015-06-10T20:50:39+08:00 ] 127.0.0.1 /Goods/Goods/ajaxattr/type_id/7
INFO: [ app_init ] --START--
INFO: Run Behavior\BuildLiteBehavior [ RunTime:0.000025s ]
INFO: [ app_init ] --END-- [ RunTime:0.000699s ]
INFO: [ app_begin ] --START--
INFO: Run Behavior\ReadHtmlCacheBehavior [ RunTime:0.000944s ]
INFO: [ app_begin ] --END-- [ RunTime:0.001040s ]
SQL: SHOW COLUMNS FROM `sh_attribute` [ RunTime:0.0057s ]
SQL: SELECT * FROM `sh_attribute` WHERE ( type_id=7 )  [ RunTime:0.0004s ]
INFO: [ app_end ] --START--
INFO: Run Behavior\ShowPageTraceBehavior [ RunTime:0.001108s ]
INFO: [ app_end ] --END-- [ RunTime:0.001208s ]

[ 2015-06-10T20:50:40+08:00 ] 127.0.0.1 /Goods/Goods/ajaxattr/type_id/5
INFO: [ app_init ] --START--
INFO: Run Behavior\BuildLiteBehavior [ RunTime:0.000025s ]
INFO: [ app_init ] --END-- [ RunTime:0.000716s ]
INFO: [ app_begin ] --START--
INFO: Run Behavior\ReadHtmlCacheBehavior [ RunTime:0.000940s ]
INFO: [ app_begin ] --END-- [ RunTime:0.001037s ]
SQL: SHOW COLUMNS FROM `sh_attribute` [ RunTime:0.0060s ]
SQL: SELECT * FROM `sh_attribute` WHERE ( type_id=5 )  [ RunTime:0.0004s ]
INFO: [ app_end ] --START--
INFO: Run Behavior\ShowPageTraceBehavior [ RunTime:0.001081s ]
INFO: [ app_end ] --END-- [ RunTime:0.001175s ]

[ 2015-06-10T20:50:42+08:00 ] 127.0.0.1 /Goods/Goods/ajaxattr/type_id/7
INFO: [ app_init ] --START--
INFO: Run Behavior\BuildLiteBehavior [ RunTime:0.000025s ]
INFO: [ app_init ] --END-- [ RunTime:0.000698s ]
INFO: [ app_begin ] --START--
INFO: Run Behavior\ReadHtmlCacheBehavior [ RunTime:0.000938s ]
INFO: [ app_begin ] --END-- [ RunTime:0.001038s ]
SQL: SHOW COLUMNS FROM `sh_attribute` [ RunTime:0.0057s ]
SQL: SELECT * FROM `sh_attribute` WHERE ( type_id=7 )  [ RunTime:0.0004s ]
INFO: [ app_end ] --START--
INFO: Run Behavior\ShowPageTraceBehavior [ RunTime:0.001137s ]
INFO: [ app_end ] --END-- [ RunTime:0.001234s ]

[ 2015-06-10T20:50:45+08:00 ] 127.0.0.1 /Goods/Category/lst.html
INFO: [ app_init ] --START--
INFO: Run Behavior\BuildLiteBehavior [ RunTime:0.000030s ]
INFO: [ app_init ] --END-- [ RunTime:0.001025s ]
INFO: [ app_begin ] --START--
INFO: Run Behavior\ReadHtmlCacheBehavior [ RunTime:0.000959s ]
INFO: [ app_begin ] --END-- [ RunTime:0.001064s ]
SQL: SHOW COLUMNS FROM `sh_category` [ RunTime:0.0066s ]
SQL: SELECT * FROM `sh_category`  [ RunTime:0.0004s ]
INFO: [ view_parse ] --START--
INFO: [ template_filter ] --START--
INFO: Run Behavior\ContentReplaceBehavior [ RunTime:0.000111s ]
INFO: [ template_filter ] --END-- [ RunTime:0.000230s ]
INFO: Run Behavior\ParseTemplateBehavior [ RunTime:0.023059s ]
INFO: [ view_parse ] --END-- [ RunTime:0.023185s ]
INFO: [ view_filter ] --START--
INFO: Run Behavior\WriteHtmlCacheBehavior [ RunTime:0.000643s ]
INFO: [ view_filter ] --END-- [ RunTime:0.000744s ]
INFO: [ app_end ] --START--
INFO: Run Behavior\ShowPageTraceBehavior [ RunTime:0.000975s ]
INFO: [ app_end ] --END-- [ RunTime:0.001073s ]

[ 2015-06-10T20:50:46+08:00 ] 127.0.0.1 /Goods/Type/lst.html
INFO: [ app_init ] --START--
INFO: Run Behavior\BuildLiteBehavior [ RunTime:0.000025s ]
INFO: [ app_init ] --END-- [ RunTime:0.000694s ]
INFO: [ app_begin ] --START--
INFO: Run Behavior\ReadHtmlCacheBehavior [ RunTime:0.000980s ]
INFO: [ app_begin ] --END-- [ RunTime:0.001087s ]
SQL: SHOW COLUMNS FROM `sh_type` [ RunTime:0.0059s ]
NOTIC: [2] Invalid argument supplied for foreach() D:\wamp\www\xm\ThinkPHP\Library\Think\Db\Driver.class.php 第 493 行.
SQL: SELECT COUNT(*) AS tp_count FROM `sh_type` LIMIT 1   [ RunTime:0.0003s ]
NOTIC: [2] Invalid argument supplied for foreach() D:\wamp\www\xm\ThinkPHP\Library\Think\Db\Driver.class.php 第 493 行.
SQL: SELECT * FROM `sh_type` ORDER BY id LIMIT 0,15   [ RunTime:0.0005s ]
INFO: [ view_parse ] --START--
INFO: [ template_filter ] --START--
INFO: Run Behavior\ContentReplaceBehavior [ RunTime:0.000107s ]
INFO: [ template_filter ] --END-- [ RunTime:0.000230s ]
INFO: Run Behavior\ParseTemplateBehavior [ RunTime:0.036964s ]
INFO: [ view_parse ] --END-- [ RunTime:0.037100s ]
INFO: [ view_filter ] --START--
INFO: Run Behavior\WriteHtmlCacheBehavior [ RunTime:0.000556s ]
INFO: [ view_filter ] --END-- [ RunTime:0.000654s ]
INFO: [ app_end ] --START--
INFO: Run Behavior\ShowPageTraceBehavior [ RunTime:0.000984s ]
INFO: [ app_end ] --END-- [ RunTime:0.001090s ]

[ 2015-06-10T20:50:48+08:00 ] 127.0.0.1 /Goods/Attribute/lst/type_id/5
INFO: [ app_init ] --START--
INFO: Run Behavior\BuildLiteBehavior [ RunTime:0.000024s ]
INFO: [ app_init ] --END-- [ RunTime:0.000694s ]
INFO: [ app_begin ] --START--
INFO: Run Behavior\ReadHtmlCacheBehavior [ RunTime:0.000921s ]
INFO: [ app_begin ] --END-- [ RunTime:0.001029s ]
SQL: SHOW COLUMNS FROM `sh_attribute` [ RunTime:0.0062s ]
SQL: SELECT COUNT(*) AS tp_count FROM `sh_attribute` WHERE ( type_id=5 ) LIMIT 1   [ RunTime:0.0004s ]
SQL: SELECT * FROM `sh_attribute` WHERE ( type_id=5 ) ORDER BY id LIMIT 0,15   [ RunTime:0.0004s ]
SQL: SHOW COLUMNS FROM `sh_type` [ RunTime:0.0064s ]
SQL: SELECT * FROM `sh_type`  [ RunTime:0.0005s ]
INFO: [ view_parse ] --START--
INFO: [ template_filter ] --START--
INFO: Run Behavior\ContentReplaceBehavior [ RunTime:0.000127s ]
INFO: [ template_filter ] --END-- [ RunTime:0.000259s ]
INFO: Run Behavior\ParseTemplateBehavior [ RunTime:0.028082s ]
INFO: [ view_parse ] --END-- [ RunTime:0.028257s ]
INFO: [ view_filter ] --START--
INFO: Run Behavior\WriteHtmlCacheBehavior [ RunTime:0.000539s ]
INFO: [ view_filter ] --END-- [ RunTime:0.000644s ]
INFO: [ app_end ] --START--
INFO: Run Behavior\ShowPageTraceBehavior [ RunTime:0.000947s ]
INFO: [ app_end ] --END-- [ RunTime:0.001042s ]

[ 2015-06-10T20:51:00+08:00 ] 127.0.0.1 /Goods/Attribute/add/type_id/5
INFO: [ app_init ] --START--
INFO: Run Behavior\BuildLiteBehavior [ RunTime:0.000026s ]
INFO: [ app_init ] --END-- [ RunTime:0.000727s ]
INFO: [ app_begin ] --START--
INFO: Run Behavior\ReadHtmlCacheBehavior [ RunTime:0.000988s ]
INFO: [ app_begin ] --END-- [ RunTime:0.001109s ]
INFO: [ view_parse ] --START--
INFO: [ template_filter ] --START--
INFO: Run Behavior\ContentReplaceBehavior [ RunTime:0.000100s ]
INFO: [ template_filter ] --END-- [ RunTime:0.000221s ]
INFO: Run Behavior\ParseTemplateBehavior [ RunTime:0.020978s ]
INFO: [ view_parse ] --END-- [ RunTime:0.021107s ]
INFO: [ view_filter ] --START--
INFO: Run Behavior\WriteHtmlCacheBehavior [ RunTime:0.000534s ]
INFO: [ view_filter ] --END-- [ RunTime:0.000627s ]
INFO: [ app_end ] --START--
INFO: Run Behavior\ShowPageTraceBehavior [ RunTime:0.000927s ]
INFO: [ app_end ] --END-- [ RunTime:0.001028s ]

[ 2015-06-10T20:51:02+08:00 ] 127.0.0.1 /Goods/Type/lst.html
INFO: [ app_init ] --START--
INFO: Run Behavior\BuildLiteBehavior [ RunTime:0.000026s ]
INFO: [ app_init ] --END-- [ RunTime:0.000714s ]
INFO: [ app_begin ] --START--
INFO: Run Behavior\ReadHtmlCacheBehavior [ RunTime:0.000921s ]
INFO: [ app_begin ] --END-- [ RunTime:0.001027s ]
SQL: SHOW COLUMNS FROM `sh_type` [ RunTime:0.0069s ]
NOTIC: [2] Invalid argument supplied for foreach() D:\wamp\www\xm\ThinkPHP\Library\Think\Db\Driver.class.php 第 493 行.
SQL: SELECT COUNT(*) AS tp_count FROM `sh_type` LIMIT 1   [ RunTime:0.0088s ]
NOTIC: [2] Invalid argument supplied for foreach() D:\wamp\www\xm\ThinkPHP\Library\Think\Db\Driver.class.php 第 493 行.
SQL: SELECT * FROM `sh_type` ORDER BY id LIMIT 0,15   [ RunTime:0.0008s ]
INFO: [ view_parse ] --START--
INFO: [ template_filter ] --START--
INFO: Run Behavior\ContentReplaceBehavior [ RunTime:0.000109s ]
INFO: [ template_filter ] --END-- [ RunTime:0.000235s ]
INFO: Run Behavior\ParseTemplateBehavior [ RunTime:0.016045s ]
INFO: [ view_parse ] --END-- [ RunTime:0.016180s ]
INFO: [ view_filter ] --START--
INFO: Run Behavior\WriteHtmlCacheBehavior [ RunTime:0.000549s ]
INFO: [ view_filter ] --END-- [ RunTime:0.000646s ]
INFO: [ app_end ] --START--
INFO: Run Behavior\ShowPageTraceBehavior [ RunTime:0.000937s ]
INFO: [ app_end ] --END-- [ RunTime:0.001034s ]

[ 2015-06-10T20:51:04+08:00 ] 127.0.0.1 /Goods/Attribute/lst/type_id/5
INFO: [ app_init ] --START--
INFO: Run Behavior\BuildLiteBehavior [ RunTime:0.000030s ]
INFO: [ app_init ] --END-- [ RunTime:0.000887s ]
INFO: [ app_begin ] --START--
INFO: Run Behavior\ReadHtmlCacheBehavior [ RunTime:0.001176s ]
INFO: [ app_begin ] --END-- [ RunTime:0.001333s ]
SQL: SHOW COLUMNS FROM `sh_attribute` [ RunTime:0.0063s ]
SQL: SELECT COUNT(*) AS tp_count FROM `sh_attribute` WHERE ( type_id=5 ) LIMIT 1   [ RunTime:0.0004s ]
SQL: SELECT * FROM `sh_attribute` WHERE ( type_id=5 ) ORDER BY id LIMIT 0,15   [ RunTime:0.0006s ]
SQL: SHOW COLUMNS FROM `sh_type` [ RunTime:0.0068s ]
SQL: SELECT * FROM `sh_type`  [ RunTime:0.0005s ]
INFO: [ view_parse ] --START--
INFO: [ template_filter ] --START--
INFO: Run Behavior\ContentReplaceBehavior [ RunTime:0.000143s ]
INFO: [ template_filter ] --END-- [ RunTime:0.000286s ]
INFO: Run Behavior\ParseTemplateBehavior [ RunTime:0.013336s ]
INFO: [ view_parse ] --END-- [ RunTime:0.013518s ]
INFO: [ view_filter ] --START--
INFO: Run Behavior\WriteHtmlCacheBehavior [ RunTime:0.000605s ]
INFO: [ view_filter ] --END-- [ RunTime:0.000707s ]
INFO: [ app_end ] --START--
INFO: Run Behavior\ShowPageTraceBehavior [ RunTime:0.001046s ]
INFO: [ app_end ] --END-- [ RunTime:0.001154s ]

[ 2015-06-10T20:51:05+08:00 ] 127.0.0.1 /Goods/Attribute/add/type_id/5
INFO: [ app_init ] --START--
INFO: Run Behavior\BuildLiteBehavior [ RunTime:0.000026s ]
INFO: [ app_init ] --END-- [ RunTime:0.000974s ]
INFO: [ app_begin ] --START--
INFO: Run Behavior\ReadHtmlCacheBehavior [ RunTime:0.000943s ]
INFO: [ app_begin ] --END-- [ RunTime:0.001049s ]
INFO: [ view_parse ] --START--
INFO: [ template_filter ] --START--
INFO: Run Behavior\ContentReplaceBehavior [ RunTime:0.000099s ]
INFO: [ template_filter ] --END-- [ RunTime:0.000215s ]
INFO: Run Behavior\ParseTemplateBehavior [ RunTime:0.010917s ]
INFO: [ view_parse ] --END-- [ RunTime:0.011037s ]
INFO: [ view_filter ] --START--
INFO: Run Behavior\WriteHtmlCacheBehavior [ RunTime:0.000644s ]
INFO: [ view_filter ] --END-- [ RunTime:0.000745s ]
INFO: [ app_end ] --START--
INFO: Run Behavior\ShowPageTraceBehavior [ RunTime:0.001031s ]
INFO: [ app_end ] --END-- [ RunTime:0.001143s ]

[ 2015-06-10T20:51:20+08:00 ] 127.0.0.1 /Goods/Attribute/add/type_id/5
INFO: [ app_init ] --START--
INFO: Run Behavior\BuildLiteBehavior [ RunTime:0.000025s ]
INFO: [ app_init ] --END-- [ RunTime:0.000795s ]
INFO: [ app_begin ] --START--
INFO: Run Behavior\ReadHtmlCacheBehavior [ RunTime:0.001112s ]
INFO: [ app_begin ] --END-- [ RunTime:0.001225s ]
SQL: SHOW COLUMNS FROM `sh_attribute` [ RunTime:0.0058s ]
SQL: INSERT INTO `sh_attribute` (`type_id`,`attr_name`,`attr_type`,`attr_values`) VALUES ('5','像素','唯一','300万,500万') [ RunTime:0.0227s ]
INFO: [ view_parse ] --START--
INFO: [ template_filter ] --START--
INFO: Run Behavior\ContentReplaceBehavior [ RunTime:0.000078s ]
INFO: [ template_filter ] --END-- [ RunTime:0.000196s ]
INFO: Run Behavior\ParseTemplateBehavior [ RunTime:0.011323s ]
INFO: [ view_parse ] --END-- [ RunTime:0.011447s ]
INFO: [ view_filter ] --START--
INFO: Run Behavior\WriteHtmlCacheBehavior [ RunTime:0.000975s ]
INFO: [ view_filter ] --END-- [ RunTime:0.001089s ]

[ 2015-06-10T20:51:21+08:00 ] 127.0.0.1 /Goods/Attribute/lst/type_id/5.html
INFO: [ app_init ] --START--
INFO: Run Behavior\BuildLiteBehavior [ RunTime:0.000026s ]
INFO: [ app_init ] --END-- [ RunTime:0.000725s ]
INFO: [ app_begin ] --START--
INFO: Run Behavior\ReadHtmlCacheBehavior [ RunTime:0.000938s ]
INFO: [ app_begin ] --END-- [ RunTime:0.001045s ]
SQL: SHOW COLUMNS FROM `sh_attribute` [ RunTime:0.0058s ]
SQL: SELECT COUNT(*) AS tp_count FROM `sh_attribute` WHERE ( type_id=5 ) LIMIT 1   [ RunTime:0.0004s ]
SQL: SELECT * FROM `sh_attribute` WHERE ( type_id=5 ) ORDER BY id LIMIT 0,15   [ RunTime:0.0004s ]
SQL: SHOW COLUMNS FROM `sh_type` [ RunTime:0.0056s ]
SQL: SELECT * FROM `sh_type`  [ RunTime:0.0004s ]
INFO: [ view_parse ] --START--
INFO: [ template_filter ] --START--
INFO: Run Behavior\ContentReplaceBehavior [ RunTime:0.000126s ]
INFO: [ template_filter ] --END-- [ RunTime:0.000245s ]
INFO: Run Behavior\ParseTemplateBehavior [ RunTime:0.013783s ]
INFO: [ view_parse ] --END-- [ RunTime:0.013953s ]
INFO: [ view_filter ] --START--
INFO: Run Behavior\WriteHtmlCacheBehavior [ RunTime:0.000634s ]
INFO: [ view_filter ] --END-- [ RunTime:0.000732s ]
INFO: [ app_end ] --START--
INFO: Run Behavior\ShowPageTraceBehavior [ RunTime:0.001092s ]
INFO: [ app_end ] --END-- [ RunTime:0.001189s ]

[ 2015-06-10T20:51:26+08:00 ] 127.0.0.1 /Goods/Attribute/add/type_id/5
INFO: [ app_init ] --START--
INFO: Run Behavior\BuildLiteBehavior [ RunTime:0.000025s ]
INFO: [ app_init ] --END-- [ RunTime:0.000698s ]
INFO: [ app_begin ] --START--
INFO: Run Behavior\ReadHtmlCacheBehavior [ RunTime:0.001016s ]
INFO: [ app_begin ] --END-- [ RunTime:0.001196s ]
INFO: [ view_parse ] --START--
INFO: [ template_filter ] --START--
INFO: Run Behavior\ContentReplaceBehavior [ RunTime:0.000100s ]
INFO: [ template_filter ] --END-- [ RunTime:0.000218s ]
INFO: Run Behavior\ParseTemplateBehavior [ RunTime:0.011053s ]
INFO: [ view_parse ] --END-- [ RunTime:0.011181s ]
INFO: [ view_filter ] --START--
INFO: Run Behavior\WriteHtmlCacheBehavior [ RunTime:0.000558s ]
INFO: [ view_filter ] --END-- [ RunTime:0.000655s ]
INFO: [ app_end ] --START--
INFO: Run Behavior\ShowPageTraceBehavior [ RunTime:0.000953s ]
INFO: [ app_end ] --END-- [ RunTime:0.001086s ]

[ 2015-06-10T20:51:35+08:00 ] 127.0.0.1 /Goods/Attribute/add/type_id/5
INFO: [ app_init ] --START--
INFO: Run Behavior\BuildLiteBehavior [ RunTime:0.000025s ]
INFO: [ app_init ] --END-- [ RunTime:0.000694s ]
INFO: [ app_begin ] --START--
INFO: Run Behavior\ReadHtmlCacheBehavior [ RunTime:0.000965s ]
INFO: [ app_begin ] --END-- [ RunTime:0.001076s ]
SQL: SHOW COLUMNS FROM `sh_attribute` [ RunTime:0.0060s ]
SQL: INSERT INTO `sh_attribute` (`type_id`,`attr_name`,`attr_type`,`attr_values`) VALUES ('5','出场日期','单选','') [ RunTime:0.0006s ]
INFO: [ view_parse ] --START--
INFO: [ template_filter ] --START--
INFO: Run Behavior\ContentReplaceBehavior [ RunTime:0.000077s ]
INFO: [ template_filter ] --END-- [ RunTime:0.000193s ]
INFO: Run Behavior\ParseTemplateBehavior [ RunTime:0.010629s ]
INFO: [ view_parse ] --END-- [ RunTime:0.010749s ]
INFO: [ view_filter ] --START--
INFO: Run Behavior\WriteHtmlCacheBehavior [ RunTime:0.000530s ]
INFO: [ view_filter ] --END-- [ RunTime:0.000624s ]

[ 2015-06-10T20:51:36+08:00 ] 127.0.0.1 /Goods/Attribute/lst/type_id/5.html
INFO: [ app_init ] --START--
INFO: Run Behavior\BuildLiteBehavior [ RunTime:0.000025s ]
INFO: [ app_init ] --END-- [ RunTime:0.000708s ]
INFO: [ app_begin ] --START--
INFO: Run Behavior\ReadHtmlCacheBehavior [ RunTime:0.000958s ]
INFO: [ app_begin ] --END-- [ RunTime:0.001066s ]
SQL: SHOW COLUMNS FROM `sh_attribute` [ RunTime:0.0063s ]
SQL: SELECT COUNT(*) AS tp_count FROM `sh_attribute` WHERE ( type_id=5 ) LIMIT 1   [ RunTime:0.0005s ]
SQL: SELECT * FROM `sh_attribute` WHERE ( type_id=5 ) ORDER BY id LIMIT 0,15   [ RunTime:0.0285s ]
SQL: SHOW COLUMNS FROM `sh_type` [ RunTime:0.0062s ]
SQL: SELECT * FROM `sh_type`  [ RunTime:0.0004s ]
INFO: [ view_parse ] --START--
INFO: [ template_filter ] --START--
INFO: Run Behavior\ContentReplaceBehavior [ RunTime:0.000124s ]
INFO: [ template_filter ] --END-- [ RunTime:0.000241s ]
INFO: Run Behavior\ParseTemplateBehavior [ RunTime:0.012243s ]
INFO: [ view_parse ] --END-- [ RunTime:0.012412s ]
INFO: [ view_filter ] --START--
INFO: Run Behavior\WriteHtmlCacheBehavior [ RunTime:0.000547s ]
INFO: [ view_filter ] --END-- [ RunTime:0.000642s ]
INFO: [ app_end ] --START--
INFO: Run Behavior\ShowPageTraceBehavior [ RunTime:0.000950s ]
INFO: [ app_end ] --END-- [ RunTime:0.001050s ]

[ 2015-06-10T20:51:38+08:00 ] 127.0.0.1 /Goods/Attribute/add/type_id/5
INFO: [ app_init ] --START--
INFO: Run Behavior\BuildLiteBehavior [ RunTime:0.000026s ]
INFO: [ app_init ] --END-- [ RunTime:0.000715s ]
INFO: [ app_begin ] --START--
INFO: Run Behavior\ReadHtmlCacheBehavior [ RunTime:0.000972s ]
INFO: [ app_begin ] --END-- [ RunTime:0.001081s ]
INFO: [ view_parse ] --START--
INFO: [ template_filter ] --START--
INFO: Run Behavior\ContentReplaceBehavior [ RunTime:0.000101s ]
INFO: [ template_filter ] --END-- [ RunTime:0.000225s ]
INFO: Run Behavior\ParseTemplateBehavior [ RunTime:0.011246s ]
INFO: [ view_parse ] --END-- [ RunTime:0.011367s ]
INFO: [ view_filter ] --START--
INFO: Run Behavior\WriteHtmlCacheBehavior [ RunTime:0.000535s ]
INFO: [ view_filter ] --END-- [ RunTime:0.000630s ]
INFO: [ app_end ] --START--
INFO: Run Behavior\ShowPageTraceBehavior [ RunTime:0.000916s ]
INFO: [ app_end ] --END-- [ RunTime:0.001016s ]

[ 2015-06-10T20:51:57+08:00 ] 127.0.0.1 /Goods/Attribute/add/type_id/5
INFO: [ app_init ] --START--
INFO: Run Behavior\BuildLiteBehavior [ RunTime:0.000025s ]
INFO: [ app_init ] --END-- [ RunTime:0.000700s ]
INFO: [ app_begin ] --START--
INFO: Run Behavior\ReadHtmlCacheBehavior [ RunTime:0.000924s ]
INFO: [ app_begin ] --END-- [ RunTime:0.001035s ]
SQL: SHOW COLUMNS FROM `sh_attribute` [ RunTime:0.0061s ]
SQL: INSERT INTO `sh_attribute` (`type_id`,`attr_name`,`attr_type`,`attr_values`) VALUES ('5','品牌','唯一','三星,苹果') [ RunTime:0.0005s ]
INFO: [ view_parse ] --START--
INFO: [ template_filter ] --START--
INFO: Run Behavior\ContentReplaceBehavior [ RunTime:0.000077s ]
INFO: [ template_filter ] --END-- [ RunTime:0.000192s ]
INFO: Run Behavior\ParseTemplateBehavior [ RunTime:0.010978s ]
INFO: [ view_parse ] --END-- [ RunTime:0.011101s ]
INFO: [ view_filter ] --START--
INFO: Run Behavior\WriteHtmlCacheBehavior [ RunTime:0.000537s ]
INFO: [ view_filter ] --END-- [ RunTime:0.000630s ]

[ 2015-06-10T20:51:58+08:00 ] 127.0.0.1 /Goods/Attribute/lst/type_id/5.html
INFO: [ app_init ] --START--
INFO: Run Behavior\BuildLiteBehavior [ RunTime:0.000026s ]
INFO: [ app_init ] --END-- [ RunTime:0.000714s ]
INFO: [ app_begin ] --START--
INFO: Run Behavior\ReadHtmlCacheBehavior [ RunTime:0.000948s ]
INFO: [ app_begin ] --END-- [ RunTime:0.001055s ]
SQL: SHOW COLUMNS FROM `sh_attribute` [ RunTime:0.0068s ]
SQL: SELECT COUNT(*) AS tp_count FROM `sh_attribute` WHERE ( type_id=5 ) LIMIT 1   [ RunTime:0.0004s ]
SQL: SELECT * FROM `sh_attribute` WHERE ( type_id=5 ) ORDER BY id LIMIT 0,15   [ RunTime:0.0007s ]
SQL: SHOW COLUMNS FROM `sh_type` [ RunTime:0.0072s ]
SQL: SELECT * FROM `sh_type`  [ RunTime:0.0004s ]
INFO: [ view_parse ] --START--
INFO: [ template_filter ] --START--
INFO: Run Behavior\ContentReplaceBehavior [ RunTime:0.000126s ]
INFO: [ template_filter ] --END-- [ RunTime:0.000260s ]
INFO: Run Behavior\ParseTemplateBehavior [ RunTime:0.013042s ]
INFO: [ view_parse ] --END-- [ RunTime:0.013215s ]
INFO: [ view_filter ] --START--
INFO: Run Behavior\WriteHtmlCacheBehavior [ RunTime:0.000692s ]
INFO: [ view_filter ] --END-- [ RunTime:0.000806s ]
INFO: [ app_end ] --START--
INFO: Run Behavior\ShowPageTraceBehavior [ RunTime:0.001174s ]
INFO: [ app_end ] --END-- [ RunTime:0.001318s ]

[ 2015-06-10T20:52:00+08:00 ] 127.0.0.1 /Goods/Goods/lst.html
INFO: [ app_init ] --START--
INFO: Run Behavior\BuildLiteBehavior [ RunTime:0.000025s ]
INFO: [ app_init ] --END-- [ RunTime:0.000715s ]
INFO: [ app_begin ] --START--
INFO: Run Behavior\ReadHtmlCacheBehavior [ RunTime:0.001180s ]
INFO: [ app_begin ] --END-- [ RunTime:0.001308s ]
SQL: SHOW COLUMNS FROM `sh_goods` [ RunTime:0.0065s ]
NOTIC: [2] Invalid argument supplied for foreach() D:\wamp\www\xm\ThinkPHP\Library\Think\Db\Driver.class.php 第 493 行.
SQL: SELECT COUNT(*) AS tp_count FROM `sh_goods` LIMIT 1   [ RunTime:0.0003s ]
NOTIC: [2] Invalid argument supplied for foreach() D:\wamp\www\xm\ThinkPHP\Library\Think\Db\Driver.class.php 第 493 行.
SQL: SELECT * FROM `sh_goods` ORDER BY id LIMIT 0,15   [ RunTime:0.0005s ]
INFO: [ view_parse ] --START--
INFO: [ template_filter ] --START--
INFO: Run Behavior\ContentReplaceBehavior [ RunTime:0.000113s ]
INFO: [ template_filter ] --END-- [ RunTime:0.000230s ]
INFO: Run Behavior\ParseTemplateBehavior [ RunTime:0.011886s ]
INFO: [ view_parse ] --END-- [ RunTime:0.012063s ]
INFO: [ view_filter ] --START--
INFO: Run Behavior\WriteHtmlCacheBehavior [ RunTime:0.000557s ]
INFO: [ view_filter ] --END-- [ RunTime:0.000670s ]
INFO: [ app_end ] --START--
INFO: Run Behavior\ShowPageTraceBehavior [ RunTime:0.000976s ]
INFO: [ app_end ] --END-- [ RunTime:0.001093s ]

[ 2015-06-10T20:52:01+08:00 ] 127.0.0.1 /Goods/Goods/add
INFO: [ app_init ] --START--
INFO: Run Behavior\BuildLiteBehavior [ RunTime:0.000031s ]
INFO: [ app_init ] --END-- [ RunTime:0.000782s ]
INFO: [ app_begin ] --START--
INFO: Run Behavior\ReadHtmlCacheBehavior [ RunTime:0.001285s ]
INFO: [ app_begin ] --END-- [ RunTime:0.001465s ]
SQL: SHOW COLUMNS FROM `sh_category` [ RunTime:0.0056s ]
SQL: SELECT * FROM `sh_category`  [ RunTime:0.0004s ]
SQL: SHOW COLUMNS FROM `sh_brand` [ RunTime:0.0056s ]
SQL: SELECT * FROM `sh_brand`  [ RunTime:0.0005s ]
SQL: SHOW COLUMNS FROM `sh_member_level` [ RunTime:0.0092s ]
SQL: SELECT * FROM `sh_member_level`  [ RunTime:0.0005s ]
SQL: SHOW COLUMNS FROM `sh_type` [ RunTime:0.0064s ]
SQL: SELECT * FROM `sh_type`  [ RunTime:0.0004s ]
INFO: [ view_parse ] --START--
INFO: [ template_filter ] --START--
INFO: Run Behavior\ContentReplaceBehavior [ RunTime:0.000176s ]
INFO: [ template_filter ] --END-- [ RunTime:0.000296s ]
INFO: Run Behavior\ParseTemplateBehavior [ RunTime:0.014202s ]
INFO: [ view_parse ] --END-- [ RunTime:0.014373s ]
INFO: [ view_filter ] --START--
INFO: Run Behavior\WriteHtmlCacheBehavior [ RunTime:0.000544s ]
INFO: [ view_filter ] --END-- [ RunTime:0.000638s ]
INFO: [ app_end ] --START--
INFO: Run Behavior\ShowPageTraceBehavior [ RunTime:0.000939s ]
INFO: [ app_end ] --END-- [ RunTime:0.001036s ]

[ 2015-06-10T20:52:04+08:00 ] 127.0.0.1 /Goods/Goods/ajaxattr/type_id/7
INFO: [ app_init ] --START--
INFO: Run Behavior\BuildLiteBehavior [ RunTime:0.000030s ]
INFO: [ app_init ] --END-- [ RunTime:0.001085s ]
INFO: [ app_begin ] --START--
INFO: Run Behavior\ReadHtmlCacheBehavior [ RunTime:0.001203s ]
INFO: [ app_begin ] --END-- [ RunTime:0.001336s ]
SQL: SHOW COLUMNS FROM `sh_attribute` [ RunTime:0.0065s ]
SQL: SELECT * FROM `sh_attribute` WHERE ( type_id=7 )  [ RunTime:0.0005s ]
INFO: [ app_end ] --START--
INFO: Run Behavior\ShowPageTraceBehavior [ RunTime:0.001241s ]
INFO: [ app_end ] --END-- [ RunTime:0.001347s ]

[ 2015-06-10T20:52:05+08:00 ] 127.0.0.1 /Goods/Goods/ajaxattr/type_id/5
INFO: [ app_init ] --START--
INFO: Run Behavior\BuildLiteBehavior [ RunTime:0.000025s ]
INFO: [ app_init ] --END-- [ RunTime:0.000722s ]
INFO: [ app_begin ] --START--
INFO: Run Behavior\ReadHtmlCacheBehavior [ RunTime:0.000961s ]
INFO: [ app_begin ] --END-- [ RunTime:0.001062s ]
SQL: SHOW COLUMNS FROM `sh_attribute` [ RunTime:0.0060s ]
SQL: SELECT * FROM `sh_attribute` WHERE ( type_id=5 )  [ RunTime:0.0005s ]
INFO: [ app_end ] --START--
INFO: Run Behavior\ShowPageTraceBehavior [ RunTime:0.001094s ]
INFO: [ app_end ] --END-- [ RunTime:0.001189s ]

[ 2015-06-10T20:52:32+08:00 ] 127.0.0.1 /Goods/Type/lst.html
INFO: [ app_init ] --START--
INFO: Run Behavior\BuildLiteBehavior [ RunTime:0.000030s ]
INFO: [ app_init ] --END-- [ RunTime:0.000800s ]
INFO: [ app_begin ] --START--
INFO: Run Behavior\ReadHtmlCacheBehavior [ RunTime:0.001025s ]
INFO: [ app_begin ] --END-- [ RunTime:0.001145s ]
SQL: SHOW COLUMNS FROM `sh_type` [ RunTime:0.0057s ]
NOTIC: [2] Invalid argument supplied for foreach() D:\wamp\www\xm\ThinkPHP\Library\Think\Db\Driver.class.php 第 493 行.
SQL: SELECT COUNT(*) AS tp_count FROM `sh_type` LIMIT 1   [ RunTime:0.0003s ]
NOTIC: [2] Invalid argument supplied for foreach() D:\wamp\www\xm\ThinkPHP\Library\Think\Db\Driver.class.php 第 493 行.
SQL: SELECT * FROM `sh_type` ORDER BY id LIMIT 0,15   [ RunTime:0.0004s ]
INFO: [ view_parse ] --START--
INFO: [ template_filter ] --START--
INFO: Run Behavior\ContentReplaceBehavior [ RunTime:0.000128s ]
INFO: [ template_filter ] --END-- [ RunTime:0.000395s ]
INFO: Run Behavior\ParseTemplateBehavior [ RunTime:0.015059s ]
INFO: [ view_parse ] --END-- [ RunTime:0.015197s ]
INFO: [ view_filter ] --START--
INFO: Run Behavior\WriteHtmlCacheBehavior [ RunTime:0.000542s ]
INFO: [ view_filter ] --END-- [ RunTime:0.000640s ]
INFO: [ app_end ] --START--
INFO: Run Behavior\ShowPageTraceBehavior [ RunTime:0.000971s ]
INFO: [ app_end ] --END-- [ RunTime:0.001070s ]

[ 2015-06-10T20:52:35+08:00 ] 127.0.0.1 /Goods/Attribute/lst/type_id/5
INFO: [ app_init ] --START--
INFO: Run Behavior\BuildLiteBehavior [ RunTime:0.000028s ]
INFO: [ app_init ] --END-- [ RunTime:0.000801s ]
INFO: [ app_begin ] --START--
INFO: Run Behavior\ReadHtmlCacheBehavior [ RunTime:0.001070s ]
INFO: [ app_begin ] --END-- [ RunTime:0.001208s ]
SQL: SHOW COLUMNS FROM `sh_attribute` [ RunTime:0.0080s ]
SQL: SELECT COUNT(*) AS tp_count FROM `sh_attribute` WHERE ( type_id=5 ) LIMIT 1   [ RunTime:0.0008s ]
SQL: SELECT * FROM `sh_attribute` WHERE ( type_id=5 ) ORDER BY id LIMIT 0,15   [ RunTime:0.0008s ]
SQL: SHOW COLUMNS FROM `sh_type` [ RunTime:0.0189s ]
SQL: SELECT * FROM `sh_type`  [ RunTime:0.0009s ]
INFO: [ view_parse ] --START--
INFO: [ template_filter ] --START--
INFO: Run Behavior\ContentReplaceBehavior [ RunTime:0.000133s ]
INFO: [ template_filter ] --END-- [ RunTime:0.000276s ]
INFO: Run Behavior\ParseTemplateBehavior [ RunTime:0.016579s ]
INFO: [ view_parse ] --END-- [ RunTime:0.016793s ]
INFO: [ view_filter ] --START--
INFO: Run Behavior\WriteHtmlCacheBehavior [ RunTime:0.001171s ]
INFO: [ view_filter ] --END-- [ RunTime:0.001349s ]
INFO: [ app_end ] --START--
INFO: Run Behavior\ShowPageTraceBehavior [ RunTime:0.001777s ]
INFO: [ app_end ] --END-- [ RunTime:0.002029s ]

[ 2015-06-10T20:52:40+08:00 ] 127.0.0.1 /Goods/Attribute/save/type_id/15
INFO: [ app_init ] --START--
INFO: Run Behavior\BuildLiteBehavior [ RunTime:0.000025s ]
INFO: [ app_init ] --END-- [ RunTime:0.000692s ]
INFO: [ app_begin ] --START--
INFO: Run Behavior\ReadHtmlCacheBehavior [ RunTime:0.001096s ]
INFO: [ app_begin ] --END-- [ RunTime:0.001222s ]
SQL: SHOW COLUMNS FROM `sh_attribute` [ RunTime:0.0055s ]
SQL: SELECT * FROM `sh_attribute` WHERE `id` = 15 LIMIT 1   [ RunTime:0.0004s ]
INFO: [ view_parse ] --START--
INFO: [ template_filter ] --START--
INFO: Run Behavior\ContentReplaceBehavior [ RunTime:0.000106s ]
INFO: [ template_filter ] --END-- [ RunTime:0.000229s ]
INFO: Run Behavior\ParseTemplateBehavior [ RunTime:0.026899s ]
INFO: [ view_parse ] --END-- [ RunTime:0.027222s ]
INFO: [ view_filter ] --START--
INFO: Run Behavior\WriteHtmlCacheBehavior [ RunTime:0.000568s ]
INFO: [ view_filter ] --END-- [ RunTime:0.000664s ]
INFO: [ app_end ] --START--
INFO: Run Behavior\ShowPageTraceBehavior [ RunTime:0.000910s ]
INFO: [ app_end ] --END-- [ RunTime:0.001009s ]

[ 2015-06-10T20:53:00+08:00 ] 127.0.0.1 /Goods/Attribute/save/type_id/15
INFO: [ app_init ] --START--
INFO: Run Behavior\BuildLiteBehavior [ RunTime:0.000026s ]
INFO: [ app_init ] --END-- [ RunTime:0.000701s ]
INFO: [ app_begin ] --START--
INFO: Run Behavior\ReadHtmlCacheBehavior [ RunTime:0.000897s ]
INFO: [ app_begin ] --END-- [ RunTime:0.001005s ]
SQL: SHOW COLUMNS FROM `sh_attribute` [ RunTime:0.0055s ]
SQL: UPDATE `sh_attribute` SET `type_id`='5',`attr_name`='产地',`attr_type`='单选',`attr_values`='日本,美国' WHERE `id` = 15 [ RunTime:0.0005s ]
INFO: [ view_parse ] --START--
INFO: [ template_filter ] --START--
INFO: Run Behavior\ContentReplaceBehavior [ RunTime:0.000073s ]
INFO: [ template_filter ] --END-- [ RunTime:0.000185s ]
INFO: Run Behavior\ParseTemplateBehavior [ RunTime:0.010479s ]
INFO: [ view_parse ] --END-- [ RunTime:0.010601s ]
INFO: [ view_filter ] --START--
INFO: Run Behavior\WriteHtmlCacheBehavior [ RunTime:0.000524s ]
INFO: [ view_filter ] --END-- [ RunTime:0.000618s ]

[ 2015-06-10T20:53:01+08:00 ] 127.0.0.1 /Goods/Attribute/lst/type_id/5.html
INFO: [ app_init ] --START--
INFO: Run Behavior\BuildLiteBehavior [ RunTime:0.000030s ]
INFO: [ app_init ] --END-- [ RunTime:0.000837s ]
INFO: [ app_begin ] --START--
INFO: Run Behavior\ReadHtmlCacheBehavior [ RunTime:0.001059s ]
INFO: [ app_begin ] --END-- [ RunTime:0.001191s ]
SQL: SHOW COLUMNS FROM `sh_attribute` [ RunTime:0.0087s ]
SQL: SELECT COUNT(*) AS tp_count FROM `sh_attribute` WHERE ( type_id=5 ) LIMIT 1   [ RunTime:0.0004s ]
SQL: SELECT * FROM `sh_attribute` WHERE ( type_id=5 ) ORDER BY id LIMIT 0,15   [ RunTime:0.0005s ]
SQL: SHOW COLUMNS FROM `sh_type` [ RunTime:0.0056s ]
SQL: SELECT * FROM `sh_type`  [ RunTime:0.0004s ]
INFO: [ view_parse ] --START--
INFO: [ template_filter ] --START--
INFO: Run Behavior\ContentReplaceBehavior [ RunTime:0.000125s ]
INFO: [ template_filter ] --END-- [ RunTime:0.000245s ]
INFO: Run Behavior\ParseTemplateBehavior [ RunTime:0.012248s ]
INFO: [ view_parse ] --END-- [ RunTime:0.012404s ]
INFO: [ view_filter ] --START--
INFO: Run Behavior\WriteHtmlCacheBehavior [ RunTime:0.000538s ]
INFO: [ view_filter ] --END-- [ RunTime:0.000633s ]
INFO: [ app_end ] --START--
INFO: Run Behavior\ShowPageTraceBehavior [ RunTime:0.000922s ]
INFO: [ app_end ] --END-- [ RunTime:0.001020s ]

[ 2015-06-10T20:53:06+08:00 ] 127.0.0.1 /Goods/Goods/lst.html
INFO: [ app_init ] --START--
INFO: Run Behavior\BuildLiteBehavior [ RunTime:0.000025s ]
INFO: [ app_init ] --END-- [ RunTime:0.000693s ]
INFO: [ app_begin ] --START--
INFO: Run Behavior\ReadHtmlCacheBehavior [ RunTime:0.000910s ]
INFO: [ app_begin ] --END-- [ RunTime:0.001015s ]
SQL: SHOW COLUMNS FROM `sh_goods` [ RunTime:0.0076s ]
NOTIC: [2] Invalid argument supplied for foreach() D:\wamp\www\xm\ThinkPHP\Library\Think\Db\Driver.class.php 第 493 行.
SQL: SELECT COUNT(*) AS tp_count FROM `sh_goods` LIMIT 1   [ RunTime:0.0003s ]
NOTIC: [2] Invalid argument supplied for foreach() D:\wamp\www\xm\ThinkPHP\Library\Think\Db\Driver.class.php 第 493 行.
SQL: SELECT * FROM `sh_goods` ORDER BY id LIMIT 0,15   [ RunTime:0.0005s ]
INFO: [ view_parse ] --START--
INFO: [ template_filter ] --START--
INFO: Run Behavior\ContentReplaceBehavior [ RunTime:0.000130s ]
INFO: [ template_filter ] --END-- [ RunTime:0.000392s ]
INFO: Run Behavior\ParseTemplateBehavior [ RunTime:0.014167s ]
INFO: [ view_parse ] --END-- [ RunTime:0.014336s ]
INFO: [ view_filter ] --START--
INFO: Run Behavior\WriteHtmlCacheBehavior [ RunTime:0.000673s ]
INFO: [ view_filter ] --END-- [ RunTime:0.000796s ]
INFO: [ app_end ] --START--
INFO: Run Behavior\ShowPageTraceBehavior [ RunTime:0.001097s ]
INFO: [ app_end ] --END-- [ RunTime:0.001228s ]

[ 2015-06-10T20:53:07+08:00 ] 127.0.0.1 /Goods/Goods/add
INFO: [ app_init ] --START--
INFO: Run Behavior\BuildLiteBehavior [ RunTime:0.000025s ]
INFO: [ app_init ] --END-- [ RunTime:0.000694s ]
INFO: [ app_begin ] --START--
INFO: Run Behavior\ReadHtmlCacheBehavior [ RunTime:0.001022s ]
INFO: [ app_begin ] --END-- [ RunTime:0.001130s ]
SQL: SHOW COLUMNS FROM `sh_category` [ RunTime:0.0054s ]
SQL: SELECT * FROM `sh_category`  [ RunTime:0.0004s ]
SQL: SHOW COLUMNS FROM `sh_brand` [ RunTime:0.0060s ]
SQL: SELECT * FROM `sh_brand`  [ RunTime:0.0005s ]
SQL: SHOW COLUMNS FROM `sh_member_level` [ RunTime:0.0054s ]
SQL: SELECT * FROM `sh_member_level`  [ RunTime:0.0004s ]
SQL: SHOW COLUMNS FROM `sh_type` [ RunTime:0.0073s ]
SQL: SELECT * FROM `sh_type`  [ RunTime:0.0005s ]
INFO: [ view_parse ] --START--
INFO: [ template_filter ] --START--
INFO: Run Behavior\ContentReplaceBehavior [ RunTime:0.000188s ]
INFO: [ template_filter ] --END-- [ RunTime:0.000330s ]
INFO: Run Behavior\ParseTemplateBehavior [ RunTime:0.016192s ]
INFO: [ view_parse ] --END-- [ RunTime:0.016412s ]
INFO: [ view_filter ] --START--
INFO: Run Behavior\WriteHtmlCacheBehavior [ RunTime:0.000830s ]
INFO: [ view_filter ] --END-- [ RunTime:0.000980s ]
INFO: [ app_end ] --START--
INFO: Run Behavior\ShowPageTraceBehavior [ RunTime:0.001811s ]
INFO: [ app_end ] --END-- [ RunTime:0.001992s ]

[ 2015-06-10T20:53:12+08:00 ] 127.0.0.1 /Goods/Goods/ajaxattr/type_id/5
INFO: [ app_init ] --START--
INFO: Run Behavior\BuildLiteBehavior [ RunTime:0.000026s ]
INFO: [ app_init ] --END-- [ RunTime:0.000705s ]
INFO: [ app_begin ] --START--
INFO: Run Behavior\ReadHtmlCacheBehavior [ RunTime:0.000914s ]
INFO: [ app_begin ] --END-- [ RunTime:0.001014s ]
SQL: SHOW COLUMNS FROM `sh_attribute` [ RunTime:0.0056s ]
SQL: SELECT * FROM `sh_attribute` WHERE ( type_id=5 )  [ RunTime:0.0005s ]
INFO: [ app_end ] --START--
INFO: Run Behavior\ShowPageTraceBehavior [ RunTime:0.001072s ]
INFO: [ app_end ] --END-- [ RunTime:0.001167s ]

[ 2015-06-10T20:53:57+08:00 ] 127.0.0.1 /Goods/Type/lst.html
INFO: [ app_init ] --START--
INFO: Run Behavior\BuildLiteBehavior [ RunTime:0.000030s ]
INFO: [ app_init ] --END-- [ RunTime:0.000855s ]
INFO: [ app_begin ] --START--
INFO: Run Behavior\ReadHtmlCacheBehavior [ RunTime:0.001065s ]
INFO: [ app_begin ] --END-- [ RunTime:0.001205s ]
SQL: SHOW COLUMNS FROM `sh_type` [ RunTime:0.0070s ]
NOTIC: [2] Invalid argument supplied for foreach() D:\wamp\www\xm\ThinkPHP\Library\Think\Db\Driver.class.php 第 493 行.
SQL: SELECT COUNT(*) AS tp_count FROM `sh_type` LIMIT 1   [ RunTime:0.0004s ]
NOTIC: [2] Invalid argument supplied for foreach() D:\wamp\www\xm\ThinkPHP\Library\Think\Db\Driver.class.php 第 493 行.
SQL: SELECT * FROM `sh_type` ORDER BY id LIMIT 0,15   [ RunTime:0.0005s ]
INFO: [ view_parse ] --START--
INFO: [ template_filter ] --START--
INFO: Run Behavior\ContentReplaceBehavior [ RunTime:0.000126s ]
INFO: [ template_filter ] --END-- [ RunTime:0.000283s ]
INFO: Run Behavior\ParseTemplateBehavior [ RunTime:0.020448s ]
INFO: [ view_parse ] --END-- [ RunTime:0.020595s ]
INFO: [ view_filter ] --START--
INFO: Run Behavior\WriteHtmlCacheBehavior [ RunTime:0.000645s ]
INFO: [ view_filter ] --END-- [ RunTime:0.000752s ]
INFO: [ app_end ] --START--
INFO: Run Behavior\ShowPageTraceBehavior [ RunTime:0.001273s ]
INFO: [ app_end ] --END-- [ RunTime:0.001389s ]

[ 2015-06-10T20:54:00+08:00 ] 127.0.0.1 /Goods/Type/lst.html
INFO: [ app_init ] --START--
INFO: Run Behavior\BuildLiteBehavior [ RunTime:0.000031s ]
INFO: [ app_init ] --END-- [ RunTime:0.000892s ]
INFO: [ app_begin ] --START--
INFO: Run Behavior\ReadHtmlCacheBehavior [ RunTime:0.001127s ]
INFO: [ app_begin ] --END-- [ RunTime:0.001272s ]
SQL: SHOW COLUMNS FROM `sh_type` [ RunTime:0.0084s ]
NOTIC: [2] Invalid argument supplied for foreach() D:\wamp\www\xm\ThinkPHP\Library\Think\Db\Driver.class.php 第 493 行.
SQL: SELECT COUNT(*) AS tp_count FROM `sh_type` LIMIT 1   [ RunTime:0.0003s ]
NOTIC: [2] Invalid argument supplied for foreach() D:\wamp\www\xm\ThinkPHP\Library\Think\Db\Driver.class.php 第 493 行.
SQL: SELECT * FROM `sh_type` ORDER BY id LIMIT 0,15   [ RunTime:0.0004s ]
INFO: [ view_parse ] --START--
INFO: [ template_filter ] --START--
INFO: Run Behavior\ContentReplaceBehavior [ RunTime:0.000143s ]
INFO: [ template_filter ] --END-- [ RunTime:0.000293s ]
INFO: Run Behavior\ParseTemplateBehavior [ RunTime:0.013888s ]
INFO: [ view_parse ] --END-- [ RunTime:0.014025s ]
INFO: [ view_filter ] --START--
INFO: Run Behavior\WriteHtmlCacheBehavior [ RunTime:0.000528s ]
INFO: [ view_filter ] --END-- [ RunTime:0.000625s ]
INFO: [ app_end ] --START--
INFO: Run Behavior\ShowPageTraceBehavior [ RunTime:0.000960s ]
INFO: [ app_end ] --END-- [ RunTime:0.001059s ]

[ 2015-06-10T20:54:03+08:00 ] 127.0.0.1 /Goods/Type/add
INFO: [ app_init ] --START--
INFO: Run Behavior\BuildLiteBehavior [ RunTime:0.000025s ]
INFO: [ app_init ] --END-- [ RunTime:0.000712s ]
INFO: [ app_begin ] --START--
INFO: Run Behavior\ReadHtmlCacheBehavior [ RunTime:0.000954s ]
INFO: [ app_begin ] --END-- [ RunTime:0.001065s ]
INFO: [ view_parse ] --START--
INFO: [ template_filter ] --START--
INFO: Run Behavior\ContentReplaceBehavior [ RunTime:0.000111s ]
INFO: [ template_filter ] --END-- [ RunTime:0.000254s ]
INFO: Run Behavior\ParseTemplateBehavior [ RunTime:0.037657s ]
INFO: [ view_parse ] --END-- [ RunTime:0.037787s ]
INFO: [ view_filter ] --START--
INFO: Run Behavior\WriteHtmlCacheBehavior [ RunTime:0.000526s ]
INFO: [ view_filter ] --END-- [ RunTime:0.000620s ]
INFO: [ app_end ] --START--
INFO: Run Behavior\ShowPageTraceBehavior [ RunTime:0.000907s ]
INFO: [ app_end ] --END-- [ RunTime:0.001006s ]

[ 2015-06-10T20:54:07+08:00 ] 127.0.0.1 /Goods/Goods/lst.html
INFO: [ app_init ] --START--
INFO: Run Behavior\BuildLiteBehavior [ RunTime:0.000033s ]
INFO: [ app_init ] --END-- [ RunTime:0.000863s ]
INFO: [ app_begin ] --START--
INFO: Run Behavior\ReadHtmlCacheBehavior [ RunTime:0.000926s ]
INFO: [ app_begin ] --END-- [ RunTime:0.001035s ]
SQL: SHOW COLUMNS FROM `sh_goods` [ RunTime:0.0079s ]
NOTIC: [2] Invalid argument supplied for foreach() D:\wamp\www\xm\ThinkPHP\Library\Think\Db\Driver.class.php 第 493 行.
SQL: SELECT COUNT(*) AS tp_count FROM `sh_goods` LIMIT 1   [ RunTime:0.0006s ]
NOTIC: [2] Invalid argument supplied for foreach() D:\wamp\www\xm\ThinkPHP\Library\Think\Db\Driver.class.php 第 493 行.
SQL: SELECT * FROM `sh_goods` ORDER BY id LIMIT 0,15   [ RunTime:0.0005s ]
INFO: [ view_parse ] --START--
INFO: [ template_filter ] --START--
INFO: Run Behavior\ContentReplaceBehavior [ RunTime:0.000126s ]
INFO: [ template_filter ] --END-- [ RunTime:0.000282s ]
INFO: Run Behavior\ParseTemplateBehavior [ RunTime:0.014540s ]
INFO: [ view_parse ] --END-- [ RunTime:0.014685s ]
INFO: [ view_filter ] --START--
INFO: Run Behavior\WriteHtmlCacheBehavior [ RunTime:0.000568s ]
INFO: [ view_filter ] --END-- [ RunTime:0.000680s ]
INFO: [ app_end ] --START--
INFO: Run Behavior\ShowPageTraceBehavior [ RunTime:0.000942s ]
INFO: [ app_end ] --END-- [ RunTime:0.001060s ]

[ 2015-06-10T20:54:10+08:00 ] 127.0.0.1 /Goods/Goods/lst.html
INFO: [ app_init ] --START--
INFO: Run Behavior\BuildLiteBehavior [ RunTime:0.000031s ]
INFO: [ app_init ] --END-- [ RunTime:0.000894s ]
INFO: [ app_begin ] --START--
INFO: Run Behavior\ReadHtmlCacheBehavior [ RunTime:0.000948s ]
INFO: [ app_begin ] --END-- [ RunTime:0.001055s ]
SQL: SHOW COLUMNS FROM `sh_goods` [ RunTime:0.0078s ]
NOTIC: [2] Invalid argument supplied for foreach() D:\wamp\www\xm\ThinkPHP\Library\Think\Db\Driver.class.php 第 493 行.
SQL: SELECT COUNT(*) AS tp_count FROM `sh_goods` LIMIT 1   [ RunTime:0.0008s ]
NOTIC: [2] Invalid argument supplied for foreach() D:\wamp\www\xm\ThinkPHP\Library\Think\Db\Driver.class.php 第 493 行.
SQL: SELECT * FROM `sh_goods` ORDER BY id LIMIT 0,15   [ RunTime:0.0007s ]
INFO: [ view_parse ] --START--
INFO: [ template_filter ] --START--
INFO: Run Behavior\ContentReplaceBehavior [ RunTime:0.000116s ]
INFO: [ template_filter ] --END-- [ RunTime:0.000240s ]
INFO: Run Behavior\ParseTemplateBehavior [ RunTime:0.014059s ]
INFO: [ view_parse ] --END-- [ RunTime:0.014247s ]
INFO: [ view_filter ] --START--
INFO: Run Behavior\WriteHtmlCacheBehavior [ RunTime:0.000664s ]
INFO: [ view_filter ] --END-- [ RunTime:0.000796s ]
INFO: [ app_end ] --START--
INFO: Run Behavior\ShowPageTraceBehavior [ RunTime:0.001171s ]
INFO: [ app_end ] --END-- [ RunTime:0.001318s ]

[ 2015-06-10T20:54:11+08:00 ] 127.0.0.1 /Goods/Goods/add
INFO: [ app_init ] --START--
INFO: Run Behavior\BuildLiteBehavior [ RunTime:0.000025s ]
INFO: [ app_init ] --END-- [ RunTime:0.000693s ]
INFO: [ app_begin ] --START--
INFO: Run Behavior\ReadHtmlCacheBehavior [ RunTime:0.000904s ]
INFO: [ app_begin ] --END-- [ RunTime:0.001009s ]
SQL: SHOW COLUMNS FROM `sh_category` [ RunTime:0.0057s ]
SQL: SELECT * FROM `sh_category`  [ RunTime:0.0005s ]
SQL: SHOW COLUMNS FROM `sh_brand` [ RunTime:0.0060s ]
SQL: SELECT * FROM `sh_brand`  [ RunTime:0.0004s ]
SQL: SHOW COLUMNS FROM `sh_member_level` [ RunTime:0.0056s ]
SQL: SELECT * FROM `sh_member_level`  [ RunTime:0.0005s ]
SQL: SHOW COLUMNS FROM `sh_type` [ RunTime:0.0056s ]
SQL: SELECT * FROM `sh_type`  [ RunTime:0.0004s ]
INFO: [ view_parse ] --START--
INFO: [ template_filter ] --START--
INFO: Run Behavior\ContentReplaceBehavior [ RunTime:0.000181s ]
INFO: [ template_filter ] --END-- [ RunTime:0.000316s ]
INFO: Run Behavior\ParseTemplateBehavior [ RunTime:0.014499s ]
INFO: [ view_parse ] --END-- [ RunTime:0.014662s ]
INFO: [ view_filter ] --START--
INFO: Run Behavior\WriteHtmlCacheBehavior [ RunTime:0.000534s ]
INFO: [ view_filter ] --END-- [ RunTime:0.000627s ]
INFO: [ app_end ] --START--
INFO: Run Behavior\ShowPageTraceBehavior [ RunTime:0.000926s ]
INFO: [ app_end ] --END-- [ RunTime:0.001022s ]

[ 2015-06-10T20:54:15+08:00 ] 127.0.0.1 /Goods/Goods/ajaxattr/type_id/5
INFO: [ app_init ] --START--
INFO: Run Behavior\BuildLiteBehavior [ RunTime:0.000025s ]
INFO: [ app_init ] --END-- [ RunTime:0.000695s ]
INFO: [ app_begin ] --START--
INFO: Run Behavior\ReadHtmlCacheBehavior [ RunTime:0.000913s ]
INFO: [ app_begin ] --END-- [ RunTime:0.001010s ]
SQL: SHOW COLUMNS FROM `sh_attribute` [ RunTime:0.0056s ]
SQL: SELECT * FROM `sh_attribute` WHERE ( type_id=5 )  [ RunTime:0.0005s ]
INFO: [ app_end ] --START--
INFO: Run Behavior\ShowPageTraceBehavior [ RunTime:0.001087s ]
INFO: [ app_end ] --END-- [ RunTime:0.001183s ]

[ 2015-06-10T20:54:44+08:00 ] 127.0.0.1 /Goods/Goods/add
INFO: [ app_init ] --START--
INFO: Run Behavior\BuildLiteBehavior [ RunTime:0.000024s ]
INFO: [ app_init ] --END-- [ RunTime:0.000700s ]
INFO: [ app_begin ] --START--
INFO: Run Behavior\ReadHtmlCacheBehavior [ RunTime:0.000935s ]
INFO: [ app_begin ] --END-- [ RunTime:0.001043s ]
SQL: SHOW COLUMNS FROM `sh_category` [ RunTime:0.0065s ]
SQL: SELECT * FROM `sh_category`  [ RunTime:0.0004s ]
SQL: SHOW COLUMNS FROM `sh_brand` [ RunTime:0.0054s ]
SQL: SELECT * FROM `sh_brand`  [ RunTime:0.0004s ]
SQL: SHOW COLUMNS FROM `sh_member_level` [ RunTime:0.0058s ]
SQL: SELECT * FROM `sh_member_level`  [ RunTime:0.0006s ]
SQL: SHOW COLUMNS FROM `sh_type` [ RunTime:0.0053s ]
SQL: SELECT * FROM `sh_type`  [ RunTime:0.0004s ]
INFO: [ view_parse ] --START--
INFO: [ template_filter ] --START--
INFO: Run Behavior\ContentReplaceBehavior [ RunTime:0.000176s ]
INFO: [ template_filter ] --END-- [ RunTime:0.000301s ]
INFO: Run Behavior\ParseTemplateBehavior [ RunTime:0.014352s ]
INFO: [ view_parse ] --END-- [ RunTime:0.014513s ]
INFO: [ view_filter ] --START--
INFO: Run Behavior\WriteHtmlCacheBehavior [ RunTime:0.000531s ]
INFO: [ view_filter ] --END-- [ RunTime:0.000625s ]
INFO: [ app_end ] --START--
INFO: Run Behavior\ShowPageTraceBehavior [ RunTime:0.000924s ]
INFO: [ app_end ] --END-- [ RunTime:0.001020s ]

[ 2015-06-10T20:54:49+08:00 ] 127.0.0.1 /Goods/Goods/ajaxattr/type_id/7
INFO: [ app_init ] --START--
INFO: Run Behavior\BuildLiteBehavior [ RunTime:0.000025s ]
INFO: [ app_init ] --END-- [ RunTime:0.000699s ]
INFO: [ app_begin ] --START--
INFO: Run Behavior\ReadHtmlCacheBehavior [ RunTime:0.000990s ]
INFO: [ app_begin ] --END-- [ RunTime:0.001109s ]
SQL: SHOW COLUMNS FROM `sh_attribute` [ RunTime:0.0059s ]
SQL: SELECT * FROM `sh_attribute` WHERE ( type_id=7 )  [ RunTime:0.0004s ]
INFO: [ app_end ] --START--
INFO: Run Behavior\ShowPageTraceBehavior [ RunTime:0.001119s ]
INFO: [ app_end ] --END-- [ RunTime:0.001217s ]

[ 2015-06-10T20:54:50+08:00 ] 127.0.0.1 /Goods/Goods/ajaxattr/type_id/5
INFO: [ app_init ] --START--
INFO: Run Behavior\BuildLiteBehavior [ RunTime:0.000027s ]
INFO: [ app_init ] --END-- [ RunTime:0.000740s ]
INFO: [ app_begin ] --START--
INFO: Run Behavior\ReadHtmlCacheBehavior [ RunTime:0.001078s ]
INFO: [ app_begin ] --END-- [ RunTime:0.001184s ]
SQL: SHOW COLUMNS FROM `sh_attribute` [ RunTime:0.0059s ]
SQL: SELECT * FROM `sh_attribute` WHERE ( type_id=5 )  [ RunTime:0.0005s ]
INFO: [ app_end ] --START--
INFO: Run Behavior\ShowPageTraceBehavior [ RunTime:0.001109s ]
INFO: [ app_end ] --END-- [ RunTime:0.001210s ]

[ 2015-06-10T20:55:33+08:00 ] 127.0.0.1 /Goods/Goods/add
INFO: [ app_init ] --START--
INFO: Run Behavior\BuildLiteBehavior [ RunTime:0.000025s ]
INFO: [ app_init ] --END-- [ RunTime:0.000694s ]
INFO: [ app_begin ] --START--
INFO: Run Behavior\ReadHtmlCacheBehavior [ RunTime:0.001282s ]
INFO: [ app_begin ] --END-- [ RunTime:0.001419s ]
SQL: SHOW COLUMNS FROM `sh_goods` [ RunTime:0.0066s ]
SQL: SELECT * FROM `sh_goods` WHERE `goods_name` = '阿斯顿发生的' LIMIT 1   [ RunTime:0.0006s ]
NOTIC: [2] call_user_func() expects parameter 1 to be a valid callback, no array or string given D:\wamp\www\xm\ThinkPHP\Library\Think\Upload.class.php 第 170 行.
SQL: INSERT INTO `sh_goods` (`goods_name`,`cat_id`,`brand_id`,`market_price`,`shop_price`,`is_on_sale`,`goods_weight`,`weight_unit`,`goods_desc`,`type_id`,`logo`,`sm_logo`,`mid_logo`,`big_logo`,`goods_sn`) VALUES ('阿斯顿发生的','45','19','2222','1111','1','','1','','5','Goods/2015-06-10/557833c58c9f2.jpg','Goods/2015-06-10/small_557833c58c9f2.jpg','Goods/2015-06-10/mid_557833c58c9f2.jpg','Goods/2015-06-10/big_557833c58c9f2.jpg','1433940933746940') [ RunTime:0.0010s ]
SQL: SHOW COLUMNS FROM `sh_member_price` [ RunTime:0.0229s ]
SQL: SHOW COLUMNS FROM `sh_goods_attr` [ RunTime:0.0054s ]
SQL: INSERT INTO `sh_goods_attr` (`goods_id`,`attr_id`,`attr_value`,`attr_price`) VALUES ('56','14','300万','222') [ RunTime:0.0005s ]
SQL: INSERT INTO `sh_goods_attr` (`goods_id`,`attr_id`,`attr_value`,`attr_price`) VALUES ('56','15','日本','333') [ RunTime:0.0003s ]
SQL: INSERT INTO `sh_goods_attr` (`goods_id`,`attr_id`,`attr_value`,`attr_price`) VALUES ('56','15','美国','4444') [ RunTime:0.0004s ]
SQL: INSERT INTO `sh_goods_attr` (`goods_id`,`attr_id`,`attr_value`,`attr_price`) VALUES ('56','16','三星','444') [ RunTime:0.0003s ]
INFO: [ view_parse ] --START--
INFO: [ template_filter ] --START--
INFO: Run Behavior\ContentReplaceBehavior [ RunTime:0.000078s ]
INFO: [ template_filter ] --END-- [ RunTime:0.000200s ]
INFO: Run Behavior\ParseTemplateBehavior [ RunTime:0.013023s ]
INFO: [ view_parse ] --END-- [ RunTime:0.013143s ]
INFO: [ view_filter ] --START--
INFO: Run Behavior\WriteHtmlCacheBehavior [ RunTime:0.000819s ]
INFO: [ view_filter ] --END-- [ RunTime:0.000914s ]

[ 2015-06-10T20:55:35+08:00 ] 127.0.0.1 /Goods/Goods/lst.html
INFO: [ app_init ] --START--
INFO: Run Behavior\BuildLiteBehavior [ RunTime:0.000033s ]
INFO: [ app_init ] --END-- [ RunTime:0.000964s ]
INFO: [ app_begin ] --START--
INFO: Run Behavior\ReadHtmlCacheBehavior [ RunTime:0.001517s ]
INFO: [ app_begin ] --END-- [ RunTime:0.001668s ]
SQL: SHOW COLUMNS FROM `sh_goods` [ RunTime:0.0121s ]
NOTIC: [2] Invalid argument supplied for foreach() D:\wamp\www\xm\ThinkPHP\Library\Think\Db\Driver.class.php 第 493 行.
SQL: SELECT COUNT(*) AS tp_count FROM `sh_goods` LIMIT 1   [ RunTime:0.0003s ]
NOTIC: [2] Invalid argument supplied for foreach() D:\wamp\www\xm\ThinkPHP\Library\Think\Db\Driver.class.php 第 493 行.
SQL: SELECT * FROM `sh_goods` ORDER BY id LIMIT 0,15   [ RunTime:0.0006s ]
INFO: [ view_parse ] --START--
INFO: [ template_filter ] --START--
INFO: Run Behavior\ContentReplaceBehavior [ RunTime:0.000123s ]
INFO: [ template_filter ] --END-- [ RunTime:0.000286s ]
INFO: Run Behavior\ParseTemplateBehavior [ RunTime:0.014540s ]
INFO: [ view_parse ] --END-- [ RunTime:0.014705s ]
INFO: [ view_filter ] --START--
INFO: Run Behavior\WriteHtmlCacheBehavior [ RunTime:0.000919s ]
INFO: [ view_filter ] --END-- [ RunTime:0.001041s ]
INFO: [ app_end ] --START--
INFO: Run Behavior\ShowPageTraceBehavior [ RunTime:0.001445s ]
INFO: [ app_end ] --END-- [ RunTime:0.001580s ]

[ 2015-06-10T21:35:10+08:00 ] 127.0.0.1 /Goods/Goods/del/id/56
INFO: [ app_init ] --START--
INFO: Run Behavior\BuildLiteBehavior [ RunTime:0.000027s ]
INFO: [ app_init ] --END-- [ RunTime:0.001179s ]
INFO: [ app_begin ] --START--
INFO: Run Behavior\ReadHtmlCacheBehavior [ RunTime:0.001649s ]
INFO: [ app_begin ] --END-- [ RunTime:0.001766s ]
SQL: SHOW COLUMNS FROM `sh_goods` [ RunTime:0.0398s ]
SQL: DELETE FROM `sh_goods` WHERE `id` = 56 [ RunTime:0.0006s ]
INFO: [ view_parse ] --START--
INFO: [ template_filter ] --START--
INFO: Run Behavior\ContentReplaceBehavior [ RunTime:0.000080s ]
INFO: [ template_filter ] --END-- [ RunTime:0.000199s ]
INFO: Run Behavior\ParseTemplateBehavior [ RunTime:0.047265s ]
INFO: [ view_parse ] --END-- [ RunTime:0.047386s ]
INFO: [ view_filter ] --START--
INFO: Run Behavior\WriteHtmlCacheBehavior [ RunTime:0.008295s ]
INFO: [ view_filter ] --END-- [ RunTime:0.008404s ]
INFO: [ app_end ] --START--
INFO: Run Behavior\ShowPageTraceBehavior [ RunTime:0.010244s ]
INFO: [ app_end ] --END-- [ RunTime:0.010348s ]

[ 2015-06-10T21:35:12+08:00 ] 127.0.0.1 /Goods/Goods/lst.html
INFO: [ app_init ] --START--
INFO: Run Behavior\BuildLiteBehavior [ RunTime:0.000027s ]
INFO: [ app_init ] --END-- [ RunTime:0.000708s ]
INFO: [ app_begin ] --START--
INFO: Run Behavior\ReadHtmlCacheBehavior [ RunTime:0.001269s ]
INFO: [ app_begin ] --END-- [ RunTime:0.001384s ]
SQL: SHOW COLUMNS FROM `sh_goods` [ RunTime:0.0065s ]
NOTIC: [2] Invalid argument supplied for foreach() D:\wamp\www\xm\ThinkPHP\Library\Think\Db\Driver.class.php 第 493 行.
SQL: SELECT COUNT(*) AS tp_count FROM `sh_goods` LIMIT 1   [ RunTime:0.0003s ]
NOTIC: [2] Invalid argument supplied for foreach() D:\wamp\www\xm\ThinkPHP\Library\Think\Db\Driver.class.php 第 493 行.
SQL: SELECT * FROM `sh_goods` ORDER BY id LIMIT 0,15   [ RunTime:0.0006s ]
INFO: [ view_parse ] --START--
INFO: [ template_filter ] --START--
INFO: Run Behavior\ContentReplaceBehavior [ RunTime:0.000115s ]
INFO: [ template_filter ] --END-- [ RunTime:0.000258s ]
INFO: Run Behavior\ParseTemplateBehavior [ RunTime:0.032741s ]
INFO: [ view_parse ] --END-- [ RunTime:0.032887s ]
INFO: [ view_filter ] --START--
INFO: Run Behavior\WriteHtmlCacheBehavior [ RunTime:0.000904s ]
INFO: [ view_filter ] --END-- [ RunTime:0.001021s ]
INFO: [ app_end ] --START--
INFO: Run Behavior\ShowPageTraceBehavior [ RunTime:0.001284s ]
INFO: [ app_end ] --END-- [ RunTime:0.001397s ]

[ 2015-06-10T21:41:15+08:00 ] 127.0.0.1 /Goods/Goods/add
INFO: [ app_init ] --START--
INFO: Run Behavior\BuildLiteBehavior [ RunTime:0.000024s ]
INFO: [ app_init ] --END-- [ RunTime:0.000662s ]
INFO: [ app_begin ] --START--
INFO: Run Behavior\ReadHtmlCacheBehavior [ RunTime:0.001230s ]
INFO: [ app_begin ] --END-- [ RunTime:0.001336s ]
SQL: SHOW COLUMNS FROM `sh_category` [ RunTime:0.0068s ]
SQL: SELECT * FROM `sh_category`  [ RunTime:0.0004s ]
SQL: SHOW COLUMNS FROM `sh_brand` [ RunTime:0.0057s ]
SQL: SELECT * FROM `sh_brand`  [ RunTime:0.0004s ]
SQL: SHOW COLUMNS FROM `sh_member_level` [ RunTime:0.0232s ]
SQL: SELECT * FROM `sh_member_level`  [ RunTime:0.0005s ]
SQL: SHOW COLUMNS FROM `sh_type` [ RunTime:0.0269s ]
SQL: SELECT * FROM `sh_type`  [ RunTime:0.0005s ]
INFO: [ view_parse ] --START--
INFO: [ template_filter ] --START--
INFO: Run Behavior\ContentReplaceBehavior [ RunTime:0.000175s ]
INFO: [ template_filter ] --END-- [ RunTime:0.000298s ]
INFO: Run Behavior\ParseTemplateBehavior [ RunTime:0.025864s ]
INFO: [ view_parse ] --END-- [ RunTime:0.026041s ]
INFO: [ view_filter ] --START--
INFO: Run Behavior\WriteHtmlCacheBehavior [ RunTime:0.001157s ]
INFO: [ view_filter ] --END-- [ RunTime:0.001266s ]
INFO: [ app_end ] --START--
INFO: Run Behavior\ShowPageTraceBehavior [ RunTime:0.001612s ]
INFO: [ app_end ] --END-- [ RunTime:0.001724s ]

[ 2015-06-10T21:42:21+08:00 ] 127.0.0.1 /Goods/Goods/ajaxattr/type_id/5
INFO: [ app_init ] --START--
INFO: Run Behavior\BuildLiteBehavior [ RunTime:0.000026s ]
INFO: [ app_init ] --END-- [ RunTime:0.000803s ]
INFO: [ app_begin ] --START--
INFO: Run Behavior\ReadHtmlCacheBehavior [ RunTime:0.001254s ]
INFO: [ app_begin ] --END-- [ RunTime:0.001356s ]
SQL: SHOW COLUMNS FROM `sh_attribute` [ RunTime:0.0059s ]
SQL: SELECT * FROM `sh_attribute` WHERE ( type_id=5 )  [ RunTime:0.0005s ]
INFO: [ app_end ] --START--
INFO: Run Behavior\ShowPageTraceBehavior [ RunTime:0.001449s ]
INFO: [ app_end ] --END-- [ RunTime:0.001549s ]

[ 2015-06-10T21:43:44+08:00 ] 127.0.0.1 /Goods/Goods/add
INFO: [ app_init ] --START--
INFO: Run Behavior\BuildLiteBehavior [ RunTime:0.000028s ]
INFO: [ app_init ] --END-- [ RunTime:0.000741s ]
INFO: [ app_begin ] --START--
INFO: Run Behavior\ReadHtmlCacheBehavior [ RunTime:0.001246s ]
INFO: [ app_begin ] --END-- [ RunTime:0.001357s ]
SQL: SHOW COLUMNS FROM `sh_goods` [ RunTime:0.0071s ]
SQL: SELECT * FROM `sh_goods` WHERE `goods_name` = '青蛙' LIMIT 1   [ RunTime:0.0005s ]
NOTIC: [2] call_user_func() expects parameter 1 to be a valid callback, no array or string given D:\wamp\www\xm\ThinkPHP\Library\Think\Upload.class.php 第 170 行.
SQL: INSERT INTO `sh_goods` (`goods_name`,`cat_id`,`brand_id`,`market_price`,`shop_price`,`is_on_sale`,`goods_weight`,`weight_unit`,`goods_desc`,`type_id`,`logo`,`sm_logo`,`mid_logo`,`big_logo`,`goods_sn`) VALUES ('青蛙','46','19','2222','1111','1','','1','','5','Goods/2015-06-10/55783f0cdec7b.JPG','Goods/2015-06-10/small_55783f0cdec7b.JPG','Goods/2015-06-10/mid_55783f0cdec7b.JPG','Goods/2015-06-10/big_55783f0cdec7b.JPG','1433943821708851') [ RunTime:0.0007s ]
SQL: SHOW COLUMNS FROM `sh_member_price` [ RunTime:0.0332s ]
SQL: INSERT INTO `sh_member_price` (`price`,`level_id`,`goods_id`) VALUES ('33','1','57') [ RunTime:0.0005s ]
SQL: INSERT INTO `sh_member_price` (`price`,`level_id`,`goods_id`) VALUES ('44','2','57') [ RunTime:0.0003s ]
SQL: INSERT INTO `sh_member_price` (`price`,`level_id`,`goods_id`) VALUES ('55','3','57') [ RunTime:0.0003s ]
NOTIC: [2] call_user_func() expects parameter 1 to be a valid callback, no array or string given D:\wamp\www\xm\ThinkPHP\Library\Think\Upload.class.php 第 170 行.
NOTIC: [2] call_user_func() expects parameter 1 to be a valid callback, no array or string given D:\wamp\www\xm\ThinkPHP\Library\Think\Upload.class.php 第 170 行.
NOTIC: [2] call_user_func() expects parameter 1 to be a valid callback, no array or string given D:\wamp\www\xm\ThinkPHP\Library\Think\Upload.class.php 第 170 行.
SQL: SHOW COLUMNS FROM `sh_goods_pic` [ RunTime:0.0064s ]
SQL: INSERT INTO `sh_goods_pic` (`goods_id`,`logo`,`sm_logo`,`big_logo`) VALUES ('57','Goods/2015-06-10/55783f0d44c77.jpg','Goods/2015-06-10/small_55783f0d44c77.jpg','Goods/2015-06-10/big_55783f0d44c77.jpg') [ RunTime:0.0005s ]
SQL: INSERT INTO `sh_goods_pic` (`goods_id`,`logo`,`sm_logo`,`big_logo`) VALUES ('57','Goods/2015-06-10/55783f0d48e0f.jpg','Goods/2015-06-10/small_55783f0d48e0f.jpg','Goods/2015-06-10/big_55783f0d48e0f.jpg') [ RunTime:0.0007s ]
SQL: INSERT INTO `sh_goods_pic` (`goods_id`,`logo`,`sm_logo`,`big_logo`) VALUES ('57','Goods/2015-06-10/55783f0d4a458.jpg','Goods/2015-06-10/small_55783f0d4a458.jpg','Goods/2015-06-10/big_55783f0d4a458.jpg') [ RunTime:0.0007s ]
SQL: SHOW COLUMNS FROM `sh_goods_attr` [ RunTime:0.0210s ]
SQL: INSERT INTO `sh_goods_attr` (`goods_id`,`attr_id`,`attr_value`,`attr_price`) VALUES ('57','14','500万','100') [ RunTime:0.0004s ]
SQL: INSERT INTO `sh_goods_attr` (`goods_id`,`attr_id`,`attr_value`,`attr_price`) VALUES ('57','15','日本','200') [ RunTime:0.0003s ]
SQL: INSERT INTO `sh_goods_attr` (`goods_id`,`attr_id`,`attr_value`,`attr_price`) VALUES ('57','15','美国','300') [ RunTime:0.0003s ]
SQL: INSERT INTO `sh_goods_attr` (`goods_id`,`attr_id`,`attr_value`,`attr_price`) VALUES ('57','16','三星','1000') [ RunTime:0.0003s ]
INFO: [ view_parse ] --START--
INFO: [ template_filter ] --START--
INFO: Run Behavior\ContentReplaceBehavior [ RunTime:0.000080s ]
INFO: [ template_filter ] --END-- [ RunTime:0.000192s ]
INFO: Run Behavior\ParseTemplateBehavior [ RunTime:0.011421s ]
INFO: [ view_parse ] --END-- [ RunTime:0.011541s ]
INFO: [ view_filter ] --START--
INFO: Run Behavior\WriteHtmlCacheBehavior [ RunTime:0.001114s ]
INFO: [ view_filter ] --END-- [ RunTime:0.001251s ]

[ 2015-06-10T21:43:45+08:00 ] 127.0.0.1 /Goods/Goods/lst.html
INFO: [ app_init ] --START--
INFO: Run Behavior\BuildLiteBehavior [ RunTime:0.000030s ]
INFO: [ app_init ] --END-- [ RunTime:0.000992s ]
INFO: [ app_begin ] --START--
INFO: Run Behavior\ReadHtmlCacheBehavior [ RunTime:0.001377s ]
INFO: [ app_begin ] --END-- [ RunTime:0.001508s ]
SQL: SHOW COLUMNS FROM `sh_goods` [ RunTime:0.0070s ]
NOTIC: [2] Invalid argument supplied for foreach() D:\wamp\www\xm\ThinkPHP\Library\Think\Db\Driver.class.php 第 493 行.
SQL: SELECT COUNT(*) AS tp_count FROM `sh_goods` LIMIT 1   [ RunTime:0.0004s ]
NOTIC: [2] Invalid argument supplied for foreach() D:\wamp\www\xm\ThinkPHP\Library\Think\Db\Driver.class.php 第 493 行.
SQL: SELECT * FROM `sh_goods` ORDER BY id LIMIT 0,15   [ RunTime:0.0007s ]
INFO: [ view_parse ] --START--
INFO: [ template_filter ] --START--
INFO: Run Behavior\ContentReplaceBehavior [ RunTime:0.000117s ]
INFO: [ template_filter ] --END-- [ RunTime:0.000273s ]
INFO: Run Behavior\ParseTemplateBehavior [ RunTime:0.013838s ]
INFO: [ view_parse ] --END-- [ RunTime:0.014001s ]
INFO: [ view_filter ] --START--
INFO: Run Behavior\WriteHtmlCacheBehavior [ RunTime:0.000980s ]
INFO: [ view_filter ] --END-- [ RunTime:0.001112s ]
INFO: [ app_end ] --START--
INFO: Run Behavior\ShowPageTraceBehavior [ RunTime:0.001717s ]
INFO: [ app_end ] --END-- [ RunTime:0.001869s ]

[ 2015-06-10T21:44:23+08:00 ] 127.0.0.1 /Goods/Goods/del/id/57
INFO: [ app_init ] --START--
INFO: Run Behavior\BuildLiteBehavior [ RunTime:0.000025s ]
INFO: [ app_init ] --END-- [ RunTime:0.000694s ]
INFO: [ app_begin ] --START--
INFO: Run Behavior\ReadHtmlCacheBehavior [ RunTime:0.001224s ]
INFO: [ app_begin ] --END-- [ RunTime:0.001333s ]
SQL: SHOW COLUMNS FROM `sh_goods` [ RunTime:0.0071s ]

[ 2015-06-10T21:44:47+08:00 ] 127.0.0.1 /Goods/Goods/del/id/57
INFO: [ app_init ] --START--
INFO: Run Behavior\BuildLiteBehavior [ RunTime:0.000024s ]
INFO: [ app_init ] --END-- [ RunTime:0.000646s ]
INFO: [ app_begin ] --START--
INFO: Run Behavior\ReadHtmlCacheBehavior [ RunTime:0.001336s ]
INFO: [ app_begin ] --END-- [ RunTime:0.001450s ]
SQL: SHOW COLUMNS FROM `sh_goods` [ RunTime:0.0063s ]

[ 2015-06-10T21:48:43+08:00 ] 127.0.0.1 /Goods/Goods/del/id/57
INFO: [ app_init ] --START--
INFO: Run Behavior\BuildLiteBehavior [ RunTime:0.000025s ]
INFO: [ app_init ] --END-- [ RunTime:0.000654s ]
INFO: [ app_begin ] --START--
INFO: Run Behavior\ReadHtmlCacheBehavior [ RunTime:0.001532s ]
INFO: [ app_begin ] --END-- [ RunTime:0.001674s ]
SQL: SHOW COLUMNS FROM `sh_goods` [ RunTime:0.0074s ]
SQL: SELECT `id`,`goods_name`,`goods_sn`,`sm_logo`,`mid_logo`,`big_logo`,`market_price`,`shop_price`,`is_on_sale`,`cat_id`,`brand_id`,`goods_desc`,`goods_weight`,`weight_unit`,`type_id` FROM `sh_goods` WHERE ( id=57 ) LIMIT 1   [ RunTime:0.0006s ]

[ 2015-06-10T21:49:00+08:00 ] 127.0.0.1 /Goods/Goods/del/id/57
INFO: [ app_init ] --START--
INFO: Run Behavior\BuildLiteBehavior [ RunTime:0.000027s ]
INFO: [ app_init ] --END-- [ RunTime:0.000688s ]
INFO: [ app_begin ] --START--
INFO: Run Behavior\ReadHtmlCacheBehavior [ RunTime:0.001217s ]
INFO: [ app_begin ] --END-- [ RunTime:0.001326s ]
SQL: SHOW COLUMNS FROM `sh_goods` [ RunTime:0.0198s ]
ERR: Think\Model:fields方法不存在！

[ 2015-06-10T21:49:06+08:00 ] 127.0.0.1 /Goods/Goods/del/id/57
INFO: [ app_init ] --START--
INFO: Run Behavior\BuildLiteBehavior [ RunTime:0.000025s ]
INFO: [ app_init ] --END-- [ RunTime:0.000664s ]
INFO: [ app_begin ] --START--
INFO: Run Behavior\ReadHtmlCacheBehavior [ RunTime:0.001257s ]
INFO: [ app_begin ] --END-- [ RunTime:0.001367s ]
SQL: SHOW COLUMNS FROM `sh_goods` [ RunTime:0.0070s ]
SQL: SELECT `id`,`goods_name`,`goods_sn`,`sm_logo`,`mid_logo`,`big_logo`,`market_price`,`shop_price`,`is_on_sale`,`cat_id`,`brand_id`,`goods_desc`,`goods_weight`,`weight_unit`,`type_id` FROM `sh_goods` WHERE ( id=57 ) LIMIT 1   [ RunTime:0.0012s ]

[ 2015-06-10T21:49:48+08:00 ] 127.0.0.1 /Goods/Goods/del/id/57
INFO: [ app_init ] --START--
INFO: Run Behavior\BuildLiteBehavior [ RunTime:0.000025s ]
INFO: [ app_init ] --END-- [ RunTime:0.000653s ]
INFO: [ app_begin ] --START--
INFO: Run Behavior\ReadHtmlCacheBehavior [ RunTime:0.001736s ]
INFO: [ app_begin ] --END-- [ RunTime:0.001867s ]
SQL: SHOW COLUMNS FROM `sh_goods` [ RunTime:0.0063s ]
SQL: SELECT `logo`,`sm_logo`,`mid_logo`,`big_logo` FROM `sh_goods` WHERE ( id=57 ) LIMIT 1   [ RunTime:0.0005s ]

[ 2015-06-10T22:17:27+08:00 ] 127.0.0.1 /Goods/Goods/lst.html
INFO: [ app_init ] --START--
INFO: Run Behavior\BuildLiteBehavior [ RunTime:0.000025s ]
INFO: [ app_init ] --END-- [ RunTime:0.000665s ]
INFO: [ app_begin ] --START--
INFO: Run Behavior\ReadHtmlCacheBehavior [ RunTime:0.001654s ]
INFO: [ app_begin ] --END-- [ RunTime:0.001795s ]
SQL: SHOW COLUMNS FROM `sh_goods` [ RunTime:0.0085s ]
NOTIC: [2] Invalid argument supplied for foreach() D:\wamp\www\xm\ThinkPHP\Library\Think\Db\Driver.class.php 第 493 行.
SQL: SELECT COUNT(*) AS tp_count FROM `sh_goods` LIMIT 1   [ RunTime:0.0004s ]
NOTIC: [2] Invalid argument supplied for foreach() D:\wamp\www\xm\ThinkPHP\Library\Think\Db\Driver.class.php 第 493 行.
SQL: SELECT * FROM `sh_goods` ORDER BY id LIMIT 0,15   [ RunTime:0.0007s ]
INFO: [ view_parse ] --START--
INFO: [ template_filter ] --START--
INFO: Run Behavior\ContentReplaceBehavior [ RunTime:0.000126s ]
INFO: [ template_filter ] --END-- [ RunTime:0.000309s ]
INFO: Run Behavior\ParseTemplateBehavior [ RunTime:0.014361s ]
INFO: [ view_parse ] --END-- [ RunTime:0.014499s ]
INFO: [ view_filter ] --START--
INFO: Run Behavior\WriteHtmlCacheBehavior [ RunTime:0.000851s ]
INFO: [ view_filter ] --END-- [ RunTime:0.000950s ]
INFO: [ app_end ] --START--
INFO: Run Behavior\ShowPageTraceBehavior [ RunTime:0.001235s ]
INFO: [ app_end ] --END-- [ RunTime:0.001333s ]

[ 2015-06-10T22:17:31+08:00 ] 127.0.0.1 /Goods/Goods/del/id/57
INFO: [ app_init ] --START--
INFO: Run Behavior\BuildLiteBehavior [ RunTime:0.000026s ]
INFO: [ app_init ] --END-- [ RunTime:0.000655s ]
INFO: [ app_begin ] --START--
INFO: Run Behavior\ReadHtmlCacheBehavior [ RunTime:0.001318s ]
INFO: [ app_begin ] --END-- [ RunTime:0.001437s ]
SQL: SHOW COLUMNS FROM `sh_goods` [ RunTime:0.0064s ]
SQL: SELECT `logo`,`sm_logo`,`mid_logo`,`big_logo` FROM `sh_goods` WHERE ( id=57 ) LIMIT 1   [ RunTime:0.0004s ]
ERR: SQLSTATE[42S02]: Base table or view not found: 1146 Table 'shop.sh_memberprice' doesn't exist

[ 2015-06-10T22:18:21+08:00 ] 127.0.0.1 /Goods/Goods/del/id/57
INFO: [ app_init ] --START--
INFO: Run Behavior\BuildLiteBehavior [ RunTime:0.000029s ]
INFO: [ app_init ] --END-- [ RunTime:0.000809s ]
INFO: [ app_begin ] --START--
INFO: Run Behavior\ReadHtmlCacheBehavior [ RunTime:0.000986s ]
INFO: [ app_begin ] --END-- [ RunTime:0.001092s ]
SQL: SHOW COLUMNS FROM `sh_goods` [ RunTime:0.0073s ]
SQL: SELECT `logo`,`sm_logo`,`mid_logo`,`big_logo` FROM `sh_goods` WHERE ( id=57 ) LIMIT 1   [ RunTime:0.0004s ]
NOTIC: [2] unlink(Public/Uploads/Goods/2015-06-10/55783f0cdec7b.JPG) [<a href='function.unlink'>function.unlink</a>]: No such file or directory D:\wamp\www\xm\Application\Goods\Model\GoodsModel.class.php 第 158 行.
NOTIC: [2] unlink(Public/Uploads/Goods/2015-06-10/small_55783f0cdec7b.JPG) [<a href='function.unlink'>function.unlink</a>]: No such file or directory D:\wamp\www\xm\Application\Goods\Model\GoodsModel.class.php 第 159 行.
NOTIC: [2] unlink(Public/Uploads/Goods/2015-06-10/mid_55783f0cdec7b.JPG) [<a href='function.unlink'>function.unlink</a>]: No such file or directory D:\wamp\www\xm\Application\Goods\Model\GoodsModel.class.php 第 160 行.
NOTIC: [2] unlink(Public/Uploads/Goods/2015-06-10/big_55783f0cdec7b.JPG) [<a href='function.unlink'>function.unlink</a>]: No such file or directory D:\wamp\www\xm\Application\Goods\Model\GoodsModel.class.php 第 161 行.
SQL: SHOW COLUMNS FROM `sh_member_price` [ RunTime:0.0053s ]
SQL: DELETE FROM `sh_member_price` WHERE ( goods_id=57 ) [ RunTime:0.0004s ]
ERR: SQLSTATE[42S02]: Base table or view not found: 1146 Table 'shop.sh_godosattr' doesn't exist

[ 2015-06-10T22:20:02+08:00 ] 127.0.0.1 /Goods/Goods/del/id/57
INFO: [ app_init ] --START--
INFO: Run Behavior\BuildLiteBehavior [ RunTime:0.000026s ]
INFO: [ app_init ] --END-- [ RunTime:0.000618s ]
INFO: [ app_begin ] --START--
INFO: Run Behavior\ReadHtmlCacheBehavior [ RunTime:0.001385s ]
INFO: [ app_begin ] --END-- [ RunTime:0.001494s ]
SQL: SHOW COLUMNS FROM `sh_goods` [ RunTime:0.0077s ]
SQL: SELECT `logo`,`sm_logo`,`mid_logo`,`big_logo` FROM `sh_goods` WHERE ( id=57 ) LIMIT 1   [ RunTime:0.0005s ]
NOTIC: [2] unlink(Public/Uploads/Goods/2015-06-10/55783f0cdec7b.JPG) [<a href='function.unlink'>function.unlink</a>]: No such file or directory D:\wamp\www\xm\Application\Goods\Model\GoodsModel.class.php 第 158 行.
NOTIC: [2] unlink(Public/Uploads/Goods/2015-06-10/small_55783f0cdec7b.JPG) [<a href='function.unlink'>function.unlink</a>]: No such file or directory D:\wamp\www\xm\Application\Goods\Model\GoodsModel.class.php 第 159 行.
NOTIC: [2] unlink(Public/Uploads/Goods/2015-06-10/mid_55783f0cdec7b.JPG) [<a href='function.unlink'>function.unlink</a>]: No such file or directory D:\wamp\www\xm\Application\Goods\Model\GoodsModel.class.php 第 160 行.
NOTIC: [2] unlink(Public/Uploads/Goods/2015-06-10/big_55783f0cdec7b.JPG) [<a href='function.unlink'>function.unlink</a>]: No such file or directory D:\wamp\www\xm\Application\Goods\Model\GoodsModel.class.php 第 161 行.
SQL: SHOW COLUMNS FROM `sh_member_price` [ RunTime:0.0069s ]
SQL: DELETE FROM `sh_member_price` WHERE ( goods_id=57 ) [ RunTime:0.0004s ]
ERR: SQLSTATE[42S02]: Base table or view not found: 1146 Table 'shop.sh_godos_attr' doesn't exist

[ 2015-06-10T22:20:11+08:00 ] 127.0.0.1 /Goods/Goods/del/id/57
INFO: [ app_init ] --START--
INFO: Run Behavior\BuildLiteBehavior [ RunTime:0.000029s ]
INFO: [ app_init ] --END-- [ RunTime:0.001148s ]
INFO: [ app_begin ] --START--
INFO: Run Behavior\ReadHtmlCacheBehavior [ RunTime:0.000839s ]
INFO: [ app_begin ] --END-- [ RunTime:0.000951s ]
SQL: SHOW COLUMNS FROM `sh_goods` [ RunTime:0.0068s ]
SQL: SELECT `logo`,`sm_logo`,`mid_logo`,`big_logo` FROM `sh_goods` WHERE ( id=57 ) LIMIT 1   [ RunTime:0.0005s ]
NOTIC: [2] unlink(Public/Uploads/Goods/2015-06-10/55783f0cdec7b.JPG) [<a href='function.unlink'>function.unlink</a>]: No such file or directory D:\wamp\www\xm\Application\Goods\Model\GoodsModel.class.php 第 158 行.
NOTIC: [2] unlink(Public/Uploads/Goods/2015-06-10/small_55783f0cdec7b.JPG) [<a href='function.unlink'>function.unlink</a>]: No such file or directory D:\wamp\www\xm\Application\Goods\Model\GoodsModel.class.php 第 159 行.
NOTIC: [2] unlink(Public/Uploads/Goods/2015-06-10/mid_55783f0cdec7b.JPG) [<a href='function.unlink'>function.unlink</a>]: No such file or directory D:\wamp\www\xm\Application\Goods\Model\GoodsModel.class.php 第 160 行.
NOTIC: [2] unlink(Public/Uploads/Goods/2015-06-10/big_55783f0cdec7b.JPG) [<a href='function.unlink'>function.unlink</a>]: No such file or directory D:\wamp\www\xm\Application\Goods\Model\GoodsModel.class.php 第 161 行.
SQL: SHOW COLUMNS FROM `sh_member_price` [ RunTime:0.0063s ]
SQL: DELETE FROM `sh_member_price` WHERE ( goods_id=57 ) [ RunTime:0.0004s ]
SQL: SHOW COLUMNS FROM `sh_goods_attr` [ RunTime:0.0072s ]
SQL: DELETE FROM `sh_goods_attr` WHERE ( goods_id=57 ) [ RunTime:0.0006s ]
SQL: SHOW COLUMNS FROM `sh_goods_pic` [ RunTime:0.0072s ]
SQL: SELECT `logo`,`sm_logo`,`big_logo` FROM `sh_goods_pic` WHERE ( goods_id=57 )  [ RunTime:0.0004s ]
SQL: DELETE FROM `sh_goods_pic` WHERE ( goods_id=57 ) [ RunTime:0.0004s ]
NOTIC: [8] Undefined index: logo D:\wamp\www\xm\Application\Goods\Model\GoodsModel.class.php 第 172 行.
NOTIC: [2] unlink(Public/Uploads/) [<a href='function.unlink'>function.unlink</a>]: Permission denied D:\wamp\www\xm\Application\Goods\Model\GoodsModel.class.php 第 172 行.
NOTIC: [8] Undefined index: sm_logo D:\wamp\www\xm\Application\Goods\Model\GoodsModel.class.php 第 173 行.
NOTIC: [2] unlink(Public/Uploads/) [<a href='function.unlink'>function.unlink</a>]: Permission denied D:\wamp\www\xm\Application\Goods\Model\GoodsModel.class.php 第 173 行.
NOTIC: [8] Undefined index: big_logo D:\wamp\www\xm\Application\Goods\Model\GoodsModel.class.php 第 174 行.
NOTIC: [2] unlink(Public/Uploads/) [<a href='function.unlink'>function.unlink</a>]: Permission denied D:\wamp\www\xm\Application\Goods\Model\GoodsModel.class.php 第 174 行.

[ 2015-06-10T22:23:55+08:00 ] 127.0.0.1 /Goods/Goods/del/id/57
INFO: [ app_init ] --START--
INFO: Run Behavior\BuildLiteBehavior [ RunTime:0.000026s ]
INFO: [ app_init ] --END-- [ RunTime:0.000753s ]
INFO: [ app_begin ] --START--
INFO: Run Behavior\ReadHtmlCacheBehavior [ RunTime:0.001040s ]
INFO: [ app_begin ] --END-- [ RunTime:0.001157s ]
SQL: SHOW COLUMNS FROM `sh_goods` [ RunTime:0.0064s ]
SQL: SELECT `logo`,`sm_logo`,`mid_logo`,`big_logo` FROM `sh_goods` WHERE ( id=57 ) LIMIT 1   [ RunTime:0.0005s ]
NOTIC: [2] unlink(Public/Uploads/Goods/2015-06-10/55783f0cdec7b.JPG) [<a href='function.unlink'>function.unlink</a>]: No such file or directory D:\wamp\www\xm\Application\Goods\Model\GoodsModel.class.php 第 158 行.
NOTIC: [2] unlink(Public/Uploads/Goods/2015-06-10/small_55783f0cdec7b.JPG) [<a href='function.unlink'>function.unlink</a>]: No such file or directory D:\wamp\www\xm\Application\Goods\Model\GoodsModel.class.php 第 159 行.
NOTIC: [2] unlink(Public/Uploads/Goods/2015-06-10/mid_55783f0cdec7b.JPG) [<a href='function.unlink'>function.unlink</a>]: No such file or directory D:\wamp\www\xm\Application\Goods\Model\GoodsModel.class.php 第 160 行.
NOTIC: [2] unlink(Public/Uploads/Goods/2015-06-10/big_55783f0cdec7b.JPG) [<a href='function.unlink'>function.unlink</a>]: No such file or directory D:\wamp\www\xm\Application\Goods\Model\GoodsModel.class.php 第 161 行.
SQL: SHOW COLUMNS FROM `sh_member_price` [ RunTime:0.0057s ]
SQL: DELETE FROM `sh_member_price` WHERE ( goods_id=57 ) [ RunTime:0.0004s ]
SQL: SHOW COLUMNS FROM `sh_goods_attr` [ RunTime:0.0056s ]
SQL: DELETE FROM `sh_goods_attr` WHERE ( goods_id=57 ) [ RunTime:0.0004s ]
SQL: SHOW COLUMNS FROM `sh_goods_pic` [ RunTime:0.0058s ]
SQL: SELECT `logo`,`sm_logo`,`big_logo` FROM `sh_goods_pic` WHERE ( goods_id=57 )  [ RunTime:0.0004s ]
SQL: DELETE FROM `sh_goods_pic` WHERE ( goods_id=57 ) [ RunTime:0.0003s ]
NOTIC: [8] Undefined index: logo D:\wamp\www\xm\Application\Goods\Model\GoodsModel.class.php 第 172 行.
NOTIC: [2] unlink(Public/Uploads/) [<a href='function.unlink'>function.unlink</a>]: Permission denied D:\wamp\www\xm\Application\Goods\Model\GoodsModel.class.php 第 172 行.
NOTIC: [8] Undefined index: sm_logo D:\wamp\www\xm\Application\Goods\Model\GoodsModel.class.php 第 173 行.
NOTIC: [2] unlink(Public/Uploads/) [<a href='function.unlink'>function.unlink</a>]: Permission denied D:\wamp\www\xm\Application\Goods\Model\GoodsModel.class.php 第 173 行.
NOTIC: [8] Undefined index: big_logo D:\wamp\www\xm\Application\Goods\Model\GoodsModel.class.php 第 174 行.
NOTIC: [2] unlink(Public/Uploads/) [<a href='function.unlink'>function.unlink</a>]: Permission denied D:\wamp\www\xm\Application\Goods\Model\GoodsModel.class.php 第 174 行.

[ 2015-06-10T22:23:56+08:00 ] 127.0.0.1 /Goods/Goods/del/id/57
INFO: [ app_init ] --START--
INFO: Run Behavior\BuildLiteBehavior [ RunTime:0.000032s ]
INFO: [ app_init ] --END-- [ RunTime:0.000707s ]
INFO: [ app_begin ] --START--
INFO: Run Behavior\ReadHtmlCacheBehavior [ RunTime:0.000819s ]
INFO: [ app_begin ] --END-- [ RunTime:0.000925s ]
SQL: SHOW COLUMNS FROM `sh_goods` [ RunTime:0.0065s ]
SQL: SELECT `logo`,`sm_logo`,`mid_logo`,`big_logo` FROM `sh_goods` WHERE ( id=57 ) LIMIT 1   [ RunTime:0.0012s ]
NOTIC: [2] unlink(Public/Uploads/Goods/2015-06-10/55783f0cdec7b.JPG) [<a href='function.unlink'>function.unlink</a>]: No such file or directory D:\wamp\www\xm\Application\Goods\Model\GoodsModel.class.php 第 158 行.
NOTIC: [2] unlink(Public/Uploads/Goods/2015-06-10/small_55783f0cdec7b.JPG) [<a href='function.unlink'>function.unlink</a>]: No such file or directory D:\wamp\www\xm\Application\Goods\Model\GoodsModel.class.php 第 159 行.
NOTIC: [2] unlink(Public/Uploads/Goods/2015-06-10/mid_55783f0cdec7b.JPG) [<a href='function.unlink'>function.unlink</a>]: No such file or directory D:\wamp\www\xm\Application\Goods\Model\GoodsModel.class.php 第 160 行.
NOTIC: [2] unlink(Public/Uploads/Goods/2015-06-10/big_55783f0cdec7b.JPG) [<a href='function.unlink'>function.unlink</a>]: No such file or directory D:\wamp\www\xm\Application\Goods\Model\GoodsModel.class.php 第 161 行.
SQL: SHOW COLUMNS FROM `sh_member_price` [ RunTime:0.0065s ]
SQL: DELETE FROM `sh_member_price` WHERE ( goods_id=57 ) [ RunTime:0.0004s ]
SQL: SHOW COLUMNS FROM `sh_goods_attr` [ RunTime:0.0053s ]
SQL: DELETE FROM `sh_goods_attr` WHERE ( goods_id=57 ) [ RunTime:0.0005s ]
SQL: SHOW COLUMNS FROM `sh_goods_pic` [ RunTime:0.0057s ]
SQL: SELECT `logo`,`sm_logo`,`big_logo` FROM `sh_goods_pic` WHERE ( goods_id=57 )  [ RunTime:0.0004s ]
SQL: DELETE FROM `sh_goods_pic` WHERE ( goods_id=57 ) [ RunTime:0.0014s ]
NOTIC: [8] Undefined index: logo D:\wamp\www\xm\Application\Goods\Model\GoodsModel.class.php 第 172 行.
NOTIC: [2] unlink(Public/Uploads/) [<a href='function.unlink'>function.unlink</a>]: Permission denied D:\wamp\www\xm\Application\Goods\Model\GoodsModel.class.php 第 172 行.
NOTIC: [8] Undefined index: sm_logo D:\wamp\www\xm\Application\Goods\Model\GoodsModel.class.php 第 173 行.
NOTIC: [2] unlink(Public/Uploads/) [<a href='function.unlink'>function.unlink</a>]: Permission denied D:\wamp\www\xm\Application\Goods\Model\GoodsModel.class.php 第 173 行.
NOTIC: [8] Undefined index: big_logo D:\wamp\www\xm\Application\Goods\Model\GoodsModel.class.php 第 174 行.
NOTIC: [2] unlink(Public/Uploads/) [<a href='function.unlink'>function.unlink</a>]: Permission denied D:\wamp\www\xm\Application\Goods\Model\GoodsModel.class.php 第 174 行.

[ 2015-06-10T22:23:59+08:00 ] 127.0.0.1 /Goods/Goods/lst.html
INFO: [ app_init ] --START--
INFO: Run Behavior\BuildLiteBehavior [ RunTime:0.000026s ]
INFO: [ app_init ] --END-- [ RunTime:0.000609s ]
INFO: [ app_begin ] --START--
INFO: Run Behavior\ReadHtmlCacheBehavior [ RunTime:0.001031s ]
INFO: [ app_begin ] --END-- [ RunTime:0.001147s ]
SQL: SHOW COLUMNS FROM `sh_goods` [ RunTime:0.0063s ]
NOTIC: [2] Invalid argument supplied for foreach() D:\wamp\www\xm\ThinkPHP\Library\Think\Db\Driver.class.php 第 493 行.
SQL: SELECT COUNT(*) AS tp_count FROM `sh_goods` LIMIT 1   [ RunTime:0.0003s ]
NOTIC: [2] Invalid argument supplied for foreach() D:\wamp\www\xm\ThinkPHP\Library\Think\Db\Driver.class.php 第 493 行.
SQL: SELECT * FROM `sh_goods` ORDER BY id LIMIT 0,15   [ RunTime:0.0005s ]
INFO: [ view_parse ] --START--
INFO: [ template_filter ] --START--
INFO: Run Behavior\ContentReplaceBehavior [ RunTime:0.000121s ]
INFO: [ template_filter ] --END-- [ RunTime:0.000277s ]
INFO: Run Behavior\ParseTemplateBehavior [ RunTime:0.012327s ]
INFO: [ view_parse ] --END-- [ RunTime:0.012454s ]
INFO: [ view_filter ] --START--
INFO: Run Behavior\WriteHtmlCacheBehavior [ RunTime:0.000563s ]
INFO: [ view_filter ] --END-- [ RunTime:0.000658s ]
INFO: [ app_end ] --START--
INFO: Run Behavior\ShowPageTraceBehavior [ RunTime:0.000938s ]
INFO: [ app_end ] --END-- [ RunTime:0.001039s ]

[ 2015-06-10T22:24:00+08:00 ] 127.0.0.1 /Goods/Goods/lst.html
INFO: [ app_init ] --START--
INFO: Run Behavior\BuildLiteBehavior [ RunTime:0.000030s ]
INFO: [ app_init ] --END-- [ RunTime:0.000725s ]
INFO: [ app_begin ] --START--
INFO: Run Behavior\ReadHtmlCacheBehavior [ RunTime:0.001851s ]
INFO: [ app_begin ] --END-- [ RunTime:0.001996s ]
SQL: SHOW COLUMNS FROM `sh_goods` [ RunTime:0.0072s ]
NOTIC: [2] Invalid argument supplied for foreach() D:\wamp\www\xm\ThinkPHP\Library\Think\Db\Driver.class.php 第 493 行.
SQL: SELECT COUNT(*) AS tp_count FROM `sh_goods` LIMIT 1   [ RunTime:0.0004s ]
NOTIC: [2] Invalid argument supplied for foreach() D:\wamp\www\xm\ThinkPHP\Library\Think\Db\Driver.class.php 第 493 行.
SQL: SELECT * FROM `sh_goods` ORDER BY id LIMIT 0,15   [ RunTime:0.0008s ]
INFO: [ view_parse ] --START--
INFO: [ template_filter ] --START--
INFO: Run Behavior\ContentReplaceBehavior [ RunTime:0.000134s ]
INFO: [ template_filter ] --END-- [ RunTime:0.000329s ]
INFO: Run Behavior\ParseTemplateBehavior [ RunTime:0.012412s ]
INFO: [ view_parse ] --END-- [ RunTime:0.012538s ]
INFO: [ view_filter ] --START--
INFO: Run Behavior\WriteHtmlCacheBehavior [ RunTime:0.000668s ]
INFO: [ view_filter ] --END-- [ RunTime:0.000769s ]
INFO: [ app_end ] --START--
INFO: Run Behavior\ShowPageTraceBehavior [ RunTime:0.000841s ]
INFO: [ app_end ] --END-- [ RunTime:0.000940s ]

[ 2015-06-10T22:24:02+08:00 ] 127.0.0.1 /Goods/Goods/lst.html
INFO: [ app_init ] --START--
INFO: Run Behavior\BuildLiteBehavior [ RunTime:0.000028s ]
INFO: [ app_init ] --END-- [ RunTime:0.000665s ]
INFO: [ app_begin ] --START--
INFO: Run Behavior\ReadHtmlCacheBehavior [ RunTime:0.000823s ]
INFO: [ app_begin ] --END-- [ RunTime:0.000927s ]
SQL: SHOW COLUMNS FROM `sh_goods` [ RunTime:0.0063s ]
NOTIC: [2] Invalid argument supplied for foreach() D:\wamp\www\xm\ThinkPHP\Library\Think\Db\Driver.class.php 第 493 行.
SQL: SELECT COUNT(*) AS tp_count FROM `sh_goods` LIMIT 1   [ RunTime:0.0005s ]
NOTIC: [2] Invalid argument supplied for foreach() D:\wamp\www\xm\ThinkPHP\Library\Think\Db\Driver.class.php 第 493 行.
SQL: SELECT * FROM `sh_goods` ORDER BY id LIMIT 0,15   [ RunTime:0.0005s ]
INFO: [ view_parse ] --START--
INFO: [ template_filter ] --START--
INFO: Run Behavior\ContentReplaceBehavior [ RunTime:0.000120s ]
INFO: [ template_filter ] --END-- [ RunTime:0.000277s ]
INFO: Run Behavior\ParseTemplateBehavior [ RunTime:0.011825s ]
INFO: [ view_parse ] --END-- [ RunTime:0.011961s ]
INFO: [ view_filter ] --START--
INFO: Run Behavior\WriteHtmlCacheBehavior [ RunTime:0.000434s ]
INFO: [ view_filter ] --END-- [ RunTime:0.000528s ]
INFO: [ app_end ] --START--
INFO: Run Behavior\ShowPageTraceBehavior [ RunTime:0.000826s ]
INFO: [ app_end ] --END-- [ RunTime:0.000923s ]

[ 2015-06-10T22:24:03+08:00 ] 127.0.0.1 /Goods/Goods/add
INFO: [ app_init ] --START--
INFO: Run Behavior\BuildLiteBehavior [ RunTime:0.000026s ]
INFO: [ app_init ] --END-- [ RunTime:0.000606s ]
INFO: [ app_begin ] --START--
INFO: Run Behavior\ReadHtmlCacheBehavior [ RunTime:0.000846s ]
INFO: [ app_begin ] --END-- [ RunTime:0.000949s ]
SQL: SHOW COLUMNS FROM `sh_category` [ RunTime:0.0065s ]
SQL: SELECT * FROM `sh_category`  [ RunTime:0.0004s ]
SQL: SHOW COLUMNS FROM `sh_brand` [ RunTime:0.0066s ]
SQL: SELECT * FROM `sh_brand`  [ RunTime:0.0004s ]
SQL: SHOW COLUMNS FROM `sh_member_level` [ RunTime:0.0076s ]
SQL: SELECT * FROM `sh_member_level`  [ RunTime:0.0010s ]
SQL: SHOW COLUMNS FROM `sh_type` [ RunTime:0.0148s ]
SQL: SELECT * FROM `sh_type`  [ RunTime:0.0005s ]
INFO: [ view_parse ] --START--
INFO: [ template_filter ] --START--
INFO: Run Behavior\ContentReplaceBehavior [ RunTime:0.000179s ]
INFO: [ template_filter ] --END-- [ RunTime:0.000315s ]
INFO: Run Behavior\ParseTemplateBehavior [ RunTime:0.015744s ]
INFO: [ view_parse ] --END-- [ RunTime:0.015917s ]
INFO: [ view_filter ] --START--
INFO: Run Behavior\WriteHtmlCacheBehavior [ RunTime:0.000440s ]
INFO: [ view_filter ] --END-- [ RunTime:0.000534s ]
INFO: [ app_end ] --START--
INFO: Run Behavior\ShowPageTraceBehavior [ RunTime:0.000828s ]
INFO: [ app_end ] --END-- [ RunTime:0.000926s ]

[ 2015-06-10T22:24:19+08:00 ] 127.0.0.1 /Goods/Goods/add
INFO: [ app_init ] --START--
INFO: Run Behavior\BuildLiteBehavior [ RunTime:0.000026s ]
INFO: [ app_init ] --END-- [ RunTime:0.000614s ]
INFO: [ app_begin ] --START--
INFO: Run Behavior\ReadHtmlCacheBehavior [ RunTime:0.000844s ]
INFO: [ app_begin ] --END-- [ RunTime:0.000954s ]
SQL: SHOW COLUMNS FROM `sh_goods` [ RunTime:0.0062s ]
SQL: SELECT * FROM `sh_goods` WHERE `goods_name` = '发生的' LIMIT 1   [ RunTime:0.0006s ]
NOTIC: [2] call_user_func() expects parameter 1 to be a valid callback, no array or string given D:\wamp\www\xm\ThinkPHP\Library\Think\Upload.class.php 第 170 行.

[ 2015-06-10T22:25:58+08:00 ] 127.0.0.1 /Goods/Goods/add
INFO: [ app_init ] --START--
INFO: Run Behavior\BuildLiteBehavior [ RunTime:0.000027s ]
INFO: [ app_init ] --END-- [ RunTime:0.000756s ]
INFO: [ app_begin ] --START--
INFO: Run Behavior\ReadHtmlCacheBehavior [ RunTime:0.001623s ]
INFO: [ app_begin ] --END-- [ RunTime:0.001845s ]
SQL: SHOW COLUMNS FROM `sh_goods` [ RunTime:0.0069s ]
SQL: SELECT * FROM `sh_goods` WHERE `goods_name` = '发生的' LIMIT 1   [ RunTime:0.0006s ]
NOTIC: [2] call_user_func() expects parameter 1 to be a valid callback, no array or string given D:\wamp\www\xm\ThinkPHP\Library\Think\Upload.class.php 第 170 行.

[ 2015-06-10T22:26:28+08:00 ] 127.0.0.1 /Goods/Goods/add
INFO: [ app_init ] --START--
INFO: Run Behavior\BuildLiteBehavior [ RunTime:0.000025s ]
INFO: [ app_init ] --END-- [ RunTime:0.000590s ]
INFO: [ app_begin ] --START--
INFO: Run Behavior\ReadHtmlCacheBehavior [ RunTime:0.000902s ]
INFO: [ app_begin ] --END-- [ RunTime:0.001032s ]
SQL: SHOW COLUMNS FROM `sh_goods` [ RunTime:0.0064s ]
SQL: SELECT * FROM `sh_goods` WHERE `goods_name` = '发生的' LIMIT 1   [ RunTime:0.0006s ]
NOTIC: [2] call_user_func() expects parameter 1 to be a valid callback, no array or string given D:\wamp\www\xm\ThinkPHP\Library\Think\Upload.class.php 第 170 行.

[ 2015-06-10T22:26:55+08:00 ] 127.0.0.1 /Goods/Goods/add
INFO: [ app_init ] --START--
INFO: Run Behavior\BuildLiteBehavior [ RunTime:0.000025s ]
INFO: [ app_init ] --END-- [ RunTime:0.000590s ]
INFO: [ app_begin ] --START--
INFO: Run Behavior\ReadHtmlCacheBehavior [ RunTime:0.000805s ]
INFO: [ app_begin ] --END-- [ RunTime:0.000911s ]
SQL: SHOW COLUMNS FROM `sh_goods` [ RunTime:0.0074s ]
SQL: SELECT * FROM `sh_goods` WHERE `goods_name` = '发生的' LIMIT 1   [ RunTime:0.0006s ]
NOTIC: [2] call_user_func() expects parameter 1 to be a valid callback, no array or string given D:\wamp\www\xm\ThinkPHP\Library\Think\Upload.class.php 第 170 行.
SQL: INSERT INTO `sh_goods` (`goods_name`,`cat_id`,`brand_id`,`market_price`,`shop_price`,`is_on_sale`,`goods_weight`,`weight_unit`,`goods_desc`,`type_id`,`logo`,`sm_logo`,`mid_logo`,`big_logo`,`goods_sn`) VALUES ('发生的','46','19','233','444','1','','1','','0','Goods/2015-06-10/5578492edf5d4.jpg','Goods/2015-06-10/small_5578492edf5d4.jpg','Goods/2015-06-10/mid_5578492edf5d4.jpg','Goods/2015-06-10/big_5578492edf5d4.jpg','1433946415582435') [ RunTime:0.0007s ]
SQL: SHOW COLUMNS FROM `sh_member_price` [ RunTime:0.0054s ]
INFO: [ view_parse ] --START--
INFO: [ template_filter ] --START--
INFO: Run Behavior\ContentReplaceBehavior [ RunTime:0.000080s ]
INFO: [ template_filter ] --END-- [ RunTime:0.000198s ]
INFO: Run Behavior\ParseTemplateBehavior [ RunTime:0.011739s ]
INFO: [ view_parse ] --END-- [ RunTime:0.011861s ]
INFO: [ view_filter ] --START--
INFO: Run Behavior\WriteHtmlCacheBehavior [ RunTime:0.000567s ]
INFO: [ view_filter ] --END-- [ RunTime:0.000665s ]

[ 2015-06-10T22:26:57+08:00 ] 127.0.0.1 /Goods/Goods/lst.html
INFO: [ app_init ] --START--
INFO: Run Behavior\BuildLiteBehavior [ RunTime:0.000028s ]
INFO: [ app_init ] --END-- [ RunTime:0.000735s ]
INFO: [ app_begin ] --START--
INFO: Run Behavior\ReadHtmlCacheBehavior [ RunTime:0.001153s ]
INFO: [ app_begin ] --END-- [ RunTime:0.001294s ]
SQL: SHOW COLUMNS FROM `sh_goods` [ RunTime:0.0094s ]
NOTIC: [2] Invalid argument supplied for foreach() D:\wamp\www\xm\ThinkPHP\Library\Think\Db\Driver.class.php 第 493 行.
SQL: SELECT COUNT(*) AS tp_count FROM `sh_goods` LIMIT 1   [ RunTime:0.0004s ]
NOTIC: [2] Invalid argument supplied for foreach() D:\wamp\www\xm\ThinkPHP\Library\Think\Db\Driver.class.php 第 493 行.
SQL: SELECT * FROM `sh_goods` ORDER BY id LIMIT 0,15   [ RunTime:0.0008s ]
INFO: [ view_parse ] --START--
INFO: [ template_filter ] --START--
INFO: Run Behavior\ContentReplaceBehavior [ RunTime:0.000125s ]
INFO: [ template_filter ] --END-- [ RunTime:0.000309s ]
INFO: Run Behavior\ParseTemplateBehavior [ RunTime:0.012769s ]
INFO: [ view_parse ] --END-- [ RunTime:0.012912s ]
INFO: [ view_filter ] --START--
INFO: Run Behavior\WriteHtmlCacheBehavior [ RunTime:0.000470s ]
INFO: [ view_filter ] --END-- [ RunTime:0.000571s ]
INFO: [ app_end ] --START--
INFO: Run Behavior\ShowPageTraceBehavior [ RunTime:0.001196s ]
INFO: [ app_end ] --END-- [ RunTime:0.001308s ]

