[ 2015-06-15T18:46:26+08:00 ] 127.0.0.1 /Goods/Goods/lst.html
INFO: [ app_init ] --START--
INFO: Run Behavior\BuildLiteBehavior [ RunTime:0.000026s ]
INFO: [ app_init ] --END-- [ RunTime:0.000686s ]
INFO: [ app_begin ] --START--
INFO: Run Behavior\ReadHtmlCacheBehavior [ RunTime:0.000919s ]
INFO: [ app_begin ] --END-- [ RunTime:0.001030s ]
SQL: SHOW COLUMNS FROM `sh_goods` [ RunTime:0.0603s ]
NOTIC: [2] Invalid argument supplied for foreach() D:\wamp\www\xm\ThinkPHP\Library\Think\Db\Driver.class.php 第 493 行.
SQL: SELECT COUNT(*) AS tp_count FROM `sh_goods` LIMIT 1   [ RunTime:0.0151s ]
NOTIC: [2] Invalid argument supplied for foreach() D:\wamp\www\xm\ThinkPHP\Library\Think\Db\Driver.class.php 第 493 行.
SQL: SELECT * FROM `sh_goods` ORDER BY id LIMIT 0,15   [ RunTime:0.0007s ]
INFO: [ view_parse ] --START--
INFO: [ template_filter ] --START--
INFO: Run Behavior\ContentReplaceBehavior [ RunTime:0.000115s ]
INFO: [ template_filter ] --END-- [ RunTime:0.000238s ]
INFO: Run Behavior\ParseTemplateBehavior [ RunTime:0.026381s ]
INFO: [ view_parse ] --END-- [ RunTime:0.026511s ]
INFO: [ view_filter ] --START--
INFO: Run Behavior\WriteHtmlCacheBehavior [ RunTime:0.000650s ]
INFO: [ view_filter ] --END-- [ RunTime:0.000747s ]
INFO: [ app_end ] --START--
INFO: Run Behavior\ShowPageTraceBehavior [ RunTime:0.001019s ]
INFO: [ app_end ] --END-- [ RunTime:0.001118s ]

[ 2015-06-15T18:46:32+08:00 ] 127.0.0.1 /Goods/Goods/lst.html
INFO: [ app_init ] --START--
INFO: Run Behavior\BuildLiteBehavior [ RunTime:0.000026s ]
INFO: [ app_init ] --END-- [ RunTime:0.000690s ]
INFO: [ app_begin ] --START--
INFO: Run Behavior\ReadHtmlCacheBehavior [ RunTime:0.000888s ]
INFO: [ app_begin ] --END-- [ RunTime:0.001003s ]
SQL: SHOW COLUMNS FROM `sh_goods` [ RunTime:0.0055s ]
NOTIC: [2] Invalid argument supplied for foreach() D:\wamp\www\xm\ThinkPHP\Library\Think\Db\Driver.class.php 第 493 行.
SQL: SELECT COUNT(*) AS tp_count FROM `sh_goods` LIMIT 1   [ RunTime:0.0004s ]
NOTIC: [2] Invalid argument supplied for foreach() D:\wamp\www\xm\ThinkPHP\Library\Think\Db\Driver.class.php 第 493 行.
SQL: SELECT * FROM `sh_goods` ORDER BY id LIMIT 0,15   [ RunTime:0.0008s ]
INFO: [ view_parse ] --START--
INFO: [ template_filter ] --START--
INFO: Run Behavior\ContentReplaceBehavior [ RunTime:0.000117s ]
INFO: [ template_filter ] --END-- [ RunTime:0.000245s ]
INFO: Run Behavior\ParseTemplateBehavior [ RunTime:0.012611s ]
INFO: [ view_parse ] --END-- [ RunTime:0.012774s ]
INFO: [ view_filter ] --START--
INFO: Run Behavior\WriteHtmlCacheBehavior [ RunTime:0.000640s ]
INFO: [ view_filter ] --END-- [ RunTime:0.000747s ]
INFO: [ app_end ] --START--
INFO: Run Behavior\ShowPageTraceBehavior [ RunTime:0.001006s ]
INFO: [ app_end ] --END-- [ RunTime:0.001126s ]

[ 2015-06-15T18:46:34+08:00 ] 127.0.0.1 /Goods/Goods/save/id/64
INFO: [ app_init ] --START--
INFO: Run Behavior\BuildLiteBehavior [ RunTime:0.000026s ]
INFO: [ app_init ] --END-- [ RunTime:0.000690s ]
INFO: [ app_begin ] --START--
INFO: Run Behavior\ReadHtmlCacheBehavior [ RunTime:0.000885s ]
INFO: [ app_begin ] --END-- [ RunTime:0.000992s ]
SQL: SHOW COLUMNS FROM `sh_goods` [ RunTime:0.0069s ]
SQL: SELECT * FROM `sh_goods` WHERE `id` = 64 LIMIT 1   [ RunTime:0.0006s ]
SQL: SHOW COLUMNS FROM `sh_category` [ RunTime:0.0546s ]
SQL: SELECT * FROM `sh_category`  [ RunTime:0.0004s ]
SQL: SHOW COLUMNS FROM `sh_brand` [ RunTime:0.0329s ]
SQL: SELECT * FROM `sh_brand`  [ RunTime:0.0005s ]
SQL: SHOW COLUMNS FROM `sh_member_level` [ RunTime:0.0662s ]
SQL: SELECT * FROM `sh_member_level`  [ RunTime:0.0004s ]
SQL: SHOW COLUMNS FROM `sh_member_price` [ RunTime:0.0458s ]
SQL: SELECT * FROM `sh_member_price`  [ RunTime:0.0005s ]
SQL: SHOW COLUMNS FROM `sh_goods_pic` [ RunTime:0.0339s ]
SQL: SELECT * FROM `sh_goods_pic` WHERE ( goods_id=64 )  [ RunTime:0.0148s ]
INFO: [ view_parse ] --START--
INFO: [ template_filter ] --START--
INFO: Run Behavior\ContentReplaceBehavior [ RunTime:0.000209s ]
INFO: [ template_filter ] --END-- [ RunTime:0.000330s ]
NOTIC: [8] Undefined variable: type D:\wamp\www\xm\Application\Runtime\Cache\Goods\8883ea0439a571f80c68276495f629c6.php 第 148 行.
NOTIC: [2] Invalid argument supplied for foreach() D:\wamp\www\xm\Application\Runtime\Cache\Goods\8883ea0439a571f80c68276495f629c6.php 第 148 行.
INFO: Run Behavior\ParseTemplateBehavior [ RunTime:0.030829s ]
INFO: [ view_parse ] --END-- [ RunTime:0.030953s ]
INFO: [ view_filter ] --START--
INFO: Run Behavior\WriteHtmlCacheBehavior [ RunTime:0.000541s ]
INFO: [ view_filter ] --END-- [ RunTime:0.000636s ]
INFO: [ app_end ] --START--
INFO: Run Behavior\ShowPageTraceBehavior [ RunTime:0.000934s ]
INFO: [ app_end ] --END-- [ RunTime:0.001029s ]

[ 2015-06-15T20:11:27+08:00 ] 127.0.0.1 /Goods/Goods/save/id/64
INFO: [ app_init ] --START--
INFO: Run Behavior\BuildLiteBehavior [ RunTime:0.000025s ]
INFO: [ app_init ] --END-- [ RunTime:0.000745s ]
INFO: [ app_begin ] --START--
INFO: Run Behavior\ReadHtmlCacheBehavior [ RunTime:0.001056s ]
INFO: [ app_begin ] --END-- [ RunTime:0.001164s ]
SQL: SHOW COLUMNS FROM `sh_goods` [ RunTime:0.0056s ]
SQL: SELECT * FROM `sh_goods` WHERE `id` = 64 LIMIT 1   [ RunTime:0.0006s ]
SQL: SHOW COLUMNS FROM `sh_category` [ RunTime:0.0040s ]
SQL: SELECT * FROM `sh_category`  [ RunTime:0.0004s ]
SQL: SHOW COLUMNS FROM `sh_brand` [ RunTime:0.0056s ]
SQL: SELECT * FROM `sh_brand`  [ RunTime:0.0004s ]
SQL: SHOW COLUMNS FROM `sh_member_level` [ RunTime:0.0053s ]
SQL: SELECT * FROM `sh_member_level`  [ RunTime:0.0004s ]
SQL: SHOW COLUMNS FROM `sh_member_price` [ RunTime:0.0050s ]
SQL: SELECT * FROM `sh_member_price`  [ RunTime:0.0004s ]
SQL: SHOW COLUMNS FROM `sh_goods_pic` [ RunTime:0.0057s ]
SQL: SELECT * FROM `sh_goods_pic` WHERE ( goods_id=64 )  [ RunTime:0.0005s ]
SQL: SHOW COLUMNS FROM `sh_type` [ RunTime:0.0040s ]
SQL: SELECT * FROM `sh_type`  [ RunTime:0.0005s ]
INFO: [ view_parse ] --START--
INFO: [ template_filter ] --START--
INFO: Run Behavior\ContentReplaceBehavior [ RunTime:0.000210s ]
INFO: [ template_filter ] --END-- [ RunTime:0.000335s ]
INFO: Run Behavior\ParseTemplateBehavior [ RunTime:0.016045s ]
INFO: [ view_parse ] --END-- [ RunTime:0.016199s ]
INFO: [ view_filter ] --START--
INFO: Run Behavior\WriteHtmlCacheBehavior [ RunTime:0.000646s ]
INFO: [ view_filter ] --END-- [ RunTime:0.000741s ]
INFO: [ app_end ] --START--
INFO: Run Behavior\ShowPageTraceBehavior [ RunTime:0.001012s ]
INFO: [ app_end ] --END-- [ RunTime:0.001110s ]

[ 2015-06-15T20:13:21+08:00 ] 127.0.0.1 /Goods/Goods/save/id/64
INFO: [ app_init ] --START--
INFO: Run Behavior\BuildLiteBehavior [ RunTime:0.000027s ]
INFO: [ app_init ] --END-- [ RunTime:0.000755s ]
INFO: [ app_begin ] --START--
INFO: Run Behavior\ReadHtmlCacheBehavior [ RunTime:0.001489s ]
INFO: [ app_begin ] --END-- [ RunTime:0.001633s ]
SQL: SHOW COLUMNS FROM `sh_goods` [ RunTime:0.0054s ]
SQL: SELECT * FROM `sh_goods` WHERE `id` = 64 LIMIT 1   [ RunTime:0.0006s ]
SQL: SHOW COLUMNS FROM `sh_category` [ RunTime:0.0041s ]
SQL: SELECT * FROM `sh_category`  [ RunTime:0.0004s ]
SQL: SHOW COLUMNS FROM `sh_brand` [ RunTime:0.0045s ]
SQL: SELECT * FROM `sh_brand`  [ RunTime:0.0004s ]
SQL: SHOW COLUMNS FROM `sh_member_level` [ RunTime:0.0040s ]
SQL: SELECT * FROM `sh_member_level`  [ RunTime:0.0006s ]
SQL: SHOW COLUMNS FROM `sh_member_price` [ RunTime:0.0049s ]
SQL: SELECT * FROM `sh_member_price`  [ RunTime:0.0004s ]
SQL: SHOW COLUMNS FROM `sh_goods_pic` [ RunTime:0.0042s ]
SQL: SELECT * FROM `sh_goods_pic` WHERE ( goods_id=64 )  [ RunTime:0.0004s ]
SQL: SHOW COLUMNS FROM `sh_type` [ RunTime:0.0039s ]
SQL: SELECT * FROM `sh_type`  [ RunTime:0.0004s ]
INFO: [ view_parse ] --START--
INFO: [ template_filter ] --START--
INFO: Run Behavior\ContentReplaceBehavior [ RunTime:0.000390s ]
INFO: [ template_filter ] --END-- [ RunTime:0.000525s ]
NOTIC: [8] Undefined variable: d D:\wamp\www\xm\Application\Runtime\Cache\Goods\8883ea0439a571f80c68276495f629c6.php 第 149 行.
NOTIC: [8] Undefined variable: d D:\wamp\www\xm\Application\Runtime\Cache\Goods\8883ea0439a571f80c68276495f629c6.php 第 149 行.
NOTIC: [8] Undefined variable: d D:\wamp\www\xm\Application\Runtime\Cache\Goods\8883ea0439a571f80c68276495f629c6.php 第 149 行.
INFO: Run Behavior\ParseTemplateBehavior [ RunTime:0.017059s ]
INFO: [ view_parse ] --END-- [ RunTime:0.017208s ]
INFO: [ view_filter ] --START--
INFO: Run Behavior\WriteHtmlCacheBehavior [ RunTime:0.000655s ]
INFO: [ view_filter ] --END-- [ RunTime:0.000752s ]
INFO: [ app_end ] --START--
INFO: Run Behavior\ShowPageTraceBehavior [ RunTime:0.001027s ]
INFO: [ app_end ] --END-- [ RunTime:0.001125s ]

[ 2015-06-15T20:14:04+08:00 ] 127.0.0.1 /Goods/Goods/save/id/64
INFO: [ app_init ] --START--
INFO: Run Behavior\BuildLiteBehavior [ RunTime:0.000029s ]
INFO: [ app_init ] --END-- [ RunTime:0.000767s ]
INFO: [ app_begin ] --START--
INFO: Run Behavior\ReadHtmlCacheBehavior [ RunTime:0.001225s ]
INFO: [ app_begin ] --END-- [ RunTime:0.001363s ]
SQL: SHOW COLUMNS FROM `sh_goods` [ RunTime:0.0050s ]
SQL: SELECT * FROM `sh_goods` WHERE `id` = 64 LIMIT 1   [ RunTime:0.0006s ]
SQL: SHOW COLUMNS FROM `sh_category` [ RunTime:0.0040s ]
SQL: SELECT * FROM `sh_category`  [ RunTime:0.0004s ]
SQL: SHOW COLUMNS FROM `sh_brand` [ RunTime:0.0040s ]
SQL: SELECT * FROM `sh_brand`  [ RunTime:0.0004s ]
SQL: SHOW COLUMNS FROM `sh_member_level` [ RunTime:0.0044s ]
SQL: SELECT * FROM `sh_member_level`  [ RunTime:0.0004s ]
SQL: SHOW COLUMNS FROM `sh_member_price` [ RunTime:0.0046s ]
SQL: SELECT * FROM `sh_member_price`  [ RunTime:0.0005s ]
SQL: SHOW COLUMNS FROM `sh_goods_pic` [ RunTime:0.0042s ]
SQL: SELECT * FROM `sh_goods_pic` WHERE ( goods_id=64 )  [ RunTime:0.0004s ]
SQL: SHOW COLUMNS FROM `sh_type` [ RunTime:0.0040s ]
SQL: SELECT * FROM `sh_type`  [ RunTime:0.0010s ]
INFO: [ view_parse ] --START--
INFO: [ template_filter ] --START--
INFO: Run Behavior\ContentReplaceBehavior [ RunTime:0.000750s ]
INFO: [ template_filter ] --END-- [ RunTime:0.000894s ]
NOTIC: [8] Undefined variable: date D:\wamp\www\xm\Application\Runtime\Cache\Goods\8883ea0439a571f80c68276495f629c6.php 第 149 行.
NOTIC: [8] Undefined variable: date D:\wamp\www\xm\Application\Runtime\Cache\Goods\8883ea0439a571f80c68276495f629c6.php 第 149 行.
NOTIC: [8] Undefined variable: date D:\wamp\www\xm\Application\Runtime\Cache\Goods\8883ea0439a571f80c68276495f629c6.php 第 149 行.
INFO: Run Behavior\ParseTemplateBehavior [ RunTime:0.019155s ]
INFO: [ view_parse ] --END-- [ RunTime:0.019344s ]
INFO: [ view_filter ] --START--
INFO: Run Behavior\WriteHtmlCacheBehavior [ RunTime:0.000652s ]
INFO: [ view_filter ] --END-- [ RunTime:0.000747s ]
INFO: [ app_end ] --START--
INFO: Run Behavior\ShowPageTraceBehavior [ RunTime:0.001026s ]
INFO: [ app_end ] --END-- [ RunTime:0.001123s ]

[ 2015-06-15T20:14:35+08:00 ] 127.0.0.1 /Goods/Goods/save/id/64
INFO: [ app_init ] --START--
INFO: Run Behavior\BuildLiteBehavior [ RunTime:0.000025s ]
INFO: [ app_init ] --END-- [ RunTime:0.000746s ]
INFO: [ app_begin ] --START--
INFO: Run Behavior\ReadHtmlCacheBehavior [ RunTime:0.001048s ]
INFO: [ app_begin ] --END-- [ RunTime:0.001156s ]
SQL: SHOW COLUMNS FROM `sh_goods` [ RunTime:0.0046s ]
SQL: SELECT * FROM `sh_goods` WHERE `id` = 64 LIMIT 1   [ RunTime:0.0006s ]
SQL: SHOW COLUMNS FROM `sh_category` [ RunTime:0.0041s ]
SQL: SELECT * FROM `sh_category`  [ RunTime:0.0004s ]
SQL: SHOW COLUMNS FROM `sh_brand` [ RunTime:0.0043s ]
SQL: SELECT * FROM `sh_brand`  [ RunTime:0.0004s ]
SQL: SHOW COLUMNS FROM `sh_member_level` [ RunTime:0.0040s ]
SQL: SELECT * FROM `sh_member_level`  [ RunTime:0.0004s ]
SQL: SHOW COLUMNS FROM `sh_member_price` [ RunTime:0.0040s ]
SQL: SELECT * FROM `sh_member_price`  [ RunTime:0.0004s ]
SQL: SHOW COLUMNS FROM `sh_goods_pic` [ RunTime:0.0041s ]
SQL: SELECT * FROM `sh_goods_pic` WHERE ( goods_id=64 )  [ RunTime:0.0004s ]
SQL: SHOW COLUMNS FROM `sh_type` [ RunTime:0.0038s ]
SQL: SELECT * FROM `sh_type`  [ RunTime:0.0004s ]
INFO: [ view_parse ] --START--
INFO: [ template_filter ] --START--
INFO: Run Behavior\ContentReplaceBehavior [ RunTime:0.000209s ]
INFO: [ template_filter ] --END-- [ RunTime:0.000334s ]
NOTIC: [8] Undefined variable: date D:\wamp\www\xm\Application\Runtime\Cache\Goods\8883ea0439a571f80c68276495f629c6.php 第 149 行.
NOTIC: [8] Undefined variable: date D:\wamp\www\xm\Application\Runtime\Cache\Goods\8883ea0439a571f80c68276495f629c6.php 第 149 行.
NOTIC: [8] Undefined variable: date D:\wamp\www\xm\Application\Runtime\Cache\Goods\8883ea0439a571f80c68276495f629c6.php 第 149 行.
INFO: Run Behavior\ParseTemplateBehavior [ RunTime:0.016358s ]
INFO: [ view_parse ] --END-- [ RunTime:0.016483s ]
INFO: [ view_filter ] --START--
INFO: Run Behavior\WriteHtmlCacheBehavior [ RunTime:0.000665s ]
INFO: [ view_filter ] --END-- [ RunTime:0.000759s ]
INFO: [ app_end ] --START--
INFO: Run Behavior\ShowPageTraceBehavior [ RunTime:0.001016s ]
INFO: [ app_end ] --END-- [ RunTime:0.001115s ]

[ 2015-06-15T20:15:23+08:00 ] 127.0.0.1 /Goods/Goods/save/id/64
INFO: [ app_init ] --START--
INFO: Run Behavior\BuildLiteBehavior [ RunTime:0.000025s ]
INFO: [ app_init ] --END-- [ RunTime:0.000755s ]
INFO: [ app_begin ] --START--
INFO: Run Behavior\ReadHtmlCacheBehavior [ RunTime:0.001050s ]
INFO: [ app_begin ] --END-- [ RunTime:0.001160s ]
SQL: SHOW COLUMNS FROM `sh_goods` [ RunTime:0.0049s ]
SQL: SELECT * FROM `sh_goods` WHERE `id` = 64 LIMIT 1   [ RunTime:0.0006s ]
SQL: SHOW COLUMNS FROM `sh_category` [ RunTime:0.0039s ]
SQL: SELECT * FROM `sh_category`  [ RunTime:0.0004s ]
SQL: SHOW COLUMNS FROM `sh_brand` [ RunTime:0.0045s ]
SQL: SELECT * FROM `sh_brand`  [ RunTime:0.0004s ]
SQL: SHOW COLUMNS FROM `sh_member_level` [ RunTime:0.0041s ]
SQL: SELECT * FROM `sh_member_level`  [ RunTime:0.0004s ]
SQL: SHOW COLUMNS FROM `sh_member_price` [ RunTime:0.0041s ]
SQL: SELECT * FROM `sh_member_price`  [ RunTime:0.0004s ]
SQL: SHOW COLUMNS FROM `sh_goods_pic` [ RunTime:0.0040s ]
SQL: SELECT * FROM `sh_goods_pic` WHERE ( goods_id=64 )  [ RunTime:0.0004s ]
SQL: SHOW COLUMNS FROM `sh_type` [ RunTime:0.0042s ]
SQL: SELECT * FROM `sh_type`  [ RunTime:0.0004s ]
INFO: [ view_parse ] --START--
INFO: [ template_filter ] --START--
INFO: Run Behavior\ContentReplaceBehavior [ RunTime:0.000223s ]
INFO: [ template_filter ] --END-- [ RunTime:0.000369s ]
NOTIC: [8] Undefined variable: date D:\wamp\www\xm\Application\Runtime\Cache\Goods\8883ea0439a571f80c68276495f629c6.php 第 149 行.
NOTIC: [8] Undefined variable: date D:\wamp\www\xm\Application\Runtime\Cache\Goods\8883ea0439a571f80c68276495f629c6.php 第 149 行.
NOTIC: [8] Undefined variable: date D:\wamp\www\xm\Application\Runtime\Cache\Goods\8883ea0439a571f80c68276495f629c6.php 第 149 行.
INFO: Run Behavior\ParseTemplateBehavior [ RunTime:0.017040s ]
INFO: [ view_parse ] --END-- [ RunTime:0.017172s ]
INFO: [ view_filter ] --START--
INFO: Run Behavior\WriteHtmlCacheBehavior [ RunTime:0.000639s ]
INFO: [ view_filter ] --END-- [ RunTime:0.000742s ]
INFO: [ app_end ] --START--
INFO: Run Behavior\ShowPageTraceBehavior [ RunTime:0.001045s ]
INFO: [ app_end ] --END-- [ RunTime:0.001145s ]

[ 2015-06-15T20:16:04+08:00 ] 127.0.0.1 /Goods/Goods/save/id/64
INFO: [ app_init ] --START--
INFO: Run Behavior\BuildLiteBehavior [ RunTime:0.000029s ]
INFO: [ app_init ] --END-- [ RunTime:0.000826s ]
INFO: [ app_begin ] --START--
INFO: Run Behavior\ReadHtmlCacheBehavior [ RunTime:0.001134s ]
INFO: [ app_begin ] --END-- [ RunTime:0.001264s ]
SQL: SHOW COLUMNS FROM `sh_goods` [ RunTime:0.0095s ]
SQL: SELECT * FROM `sh_goods` WHERE `id` = 64 LIMIT 1   [ RunTime:0.0012s ]
SQL: SHOW COLUMNS FROM `sh_category` [ RunTime:0.0070s ]
SQL: SELECT * FROM `sh_category`  [ RunTime:0.0017s ]
SQL: SHOW COLUMNS FROM `sh_brand` [ RunTime:0.0100s ]
SQL: SELECT * FROM `sh_brand`  [ RunTime:0.0006s ]
SQL: SHOW COLUMNS FROM `sh_member_level` [ RunTime:0.0089s ]
SQL: SELECT * FROM `sh_member_level`  [ RunTime:0.0005s ]
SQL: SHOW COLUMNS FROM `sh_member_price` [ RunTime:0.0052s ]
SQL: SELECT * FROM `sh_member_price`  [ RunTime:0.0004s ]
SQL: SHOW COLUMNS FROM `sh_goods_pic` [ RunTime:0.0046s ]
SQL: SELECT * FROM `sh_goods_pic` WHERE ( goods_id=64 )  [ RunTime:0.0005s ]
SQL: SHOW COLUMNS FROM `sh_type` [ RunTime:0.0046s ]
SQL: SELECT * FROM `sh_type`  [ RunTime:0.0004s ]
INFO: [ view_parse ] --START--
INFO: [ template_filter ] --START--
INFO: Run Behavior\ContentReplaceBehavior [ RunTime:0.000293s ]
INFO: [ template_filter ] --END-- [ RunTime:0.000500s ]
NOTIC: [8] Undefined variable: date D:\wamp\www\xm\Application\Runtime\Cache\Goods\8883ea0439a571f80c68276495f629c6.php 第 148 行.
NOTIC: [8] Undefined variable: date D:\wamp\www\xm\Application\Runtime\Cache\Goods\8883ea0439a571f80c68276495f629c6.php 第 149 行.
NOTIC: [8] Undefined variable: date D:\wamp\www\xm\Application\Runtime\Cache\Goods\8883ea0439a571f80c68276495f629c6.php 第 148 行.
NOTIC: [8] Undefined variable: date D:\wamp\www\xm\Application\Runtime\Cache\Goods\8883ea0439a571f80c68276495f629c6.php 第 149 行.
NOTIC: [8] Undefined variable: date D:\wamp\www\xm\Application\Runtime\Cache\Goods\8883ea0439a571f80c68276495f629c6.php 第 148 行.
NOTIC: [8] Undefined variable: date D:\wamp\www\xm\Application\Runtime\Cache\Goods\8883ea0439a571f80c68276495f629c6.php 第 149 行.
INFO: Run Behavior\ParseTemplateBehavior [ RunTime:0.022741s ]
INFO: [ view_parse ] --END-- [ RunTime:0.022903s ]
INFO: [ view_filter ] --START--
INFO: Run Behavior\WriteHtmlCacheBehavior [ RunTime:0.001189s ]
INFO: [ view_filter ] --END-- [ RunTime:0.001344s ]
INFO: [ app_end ] --START--
INFO: Run Behavior\ShowPageTraceBehavior [ RunTime:0.001294s ]
INFO: [ app_end ] --END-- [ RunTime:0.001422s ]

[ 2015-06-15T20:17:07+08:00 ] 127.0.0.1 /Goods/Goods/save/id/64
INFO: [ app_init ] --START--
INFO: Run Behavior\BuildLiteBehavior [ RunTime:0.000033s ]
INFO: [ app_init ] --END-- [ RunTime:0.000717s ]
INFO: [ app_begin ] --START--
INFO: Run Behavior\ReadHtmlCacheBehavior [ RunTime:0.000897s ]
INFO: [ app_begin ] --END-- [ RunTime:0.001006s ]
SQL: SHOW COLUMNS FROM `sh_goods` [ RunTime:0.0055s ]
SQL: SELECT * FROM `sh_goods` WHERE `id` = 64 LIMIT 1   [ RunTime:0.0008s ]
SQL: SHOW COLUMNS FROM `sh_category` [ RunTime:0.0069s ]
SQL: SELECT * FROM `sh_category`  [ RunTime:0.0004s ]
SQL: SHOW COLUMNS FROM `sh_brand` [ RunTime:0.0042s ]
SQL: SELECT * FROM `sh_brand`  [ RunTime:0.0004s ]
SQL: SHOW COLUMNS FROM `sh_member_level` [ RunTime:0.0044s ]
SQL: SELECT * FROM `sh_member_level`  [ RunTime:0.0004s ]
SQL: SHOW COLUMNS FROM `sh_member_price` [ RunTime:0.0052s ]
SQL: SELECT * FROM `sh_member_price`  [ RunTime:0.0004s ]
SQL: SHOW COLUMNS FROM `sh_goods_pic` [ RunTime:0.0063s ]
SQL: SELECT * FROM `sh_goods_pic` WHERE ( goods_id=64 )  [ RunTime:0.0005s ]
SQL: SHOW COLUMNS FROM `sh_type` [ RunTime:0.0068s ]
SQL: SELECT * FROM `sh_type`  [ RunTime:0.0004s ]
INFO: [ view_parse ] --START--
INFO: [ template_filter ] --START--
INFO: Run Behavior\ContentReplaceBehavior [ RunTime:0.000280s ]
INFO: [ template_filter ] --END-- [ RunTime:0.000451s ]
NOTIC: [8] Undefined variable: date D:\wamp\www\xm\Application\Runtime\Cache\Goods\8883ea0439a571f80c68276495f629c6.php 第 144 行.
NOTIC: [8] Undefined variable: date D:\wamp\www\xm\Application\Runtime\Cache\Goods\8883ea0439a571f80c68276495f629c6.php 第 150 行.
NOTIC: [8] Undefined variable: date D:\wamp\www\xm\Application\Runtime\Cache\Goods\8883ea0439a571f80c68276495f629c6.php 第 150 行.
NOTIC: [8] Undefined variable: date D:\wamp\www\xm\Application\Runtime\Cache\Goods\8883ea0439a571f80c68276495f629c6.php 第 150 行.
INFO: Run Behavior\ParseTemplateBehavior [ RunTime:0.019881s ]
INFO: [ view_parse ] --END-- [ RunTime:0.020022s ]
INFO: [ view_filter ] --START--
INFO: Run Behavior\WriteHtmlCacheBehavior [ RunTime:0.000632s ]
INFO: [ view_filter ] --END-- [ RunTime:0.000749s ]
INFO: [ app_end ] --START--
INFO: Run Behavior\ShowPageTraceBehavior [ RunTime:0.001241s ]
INFO: [ app_end ] --END-- [ RunTime:0.001382s ]

[ 2015-06-15T20:17:38+08:00 ] 127.0.0.1 /Goods/Goods/save/id/64
INFO: [ app_init ] --START--
INFO: Run Behavior\BuildLiteBehavior [ RunTime:0.000029s ]
INFO: [ app_init ] --END-- [ RunTime:0.000856s ]
INFO: [ app_begin ] --START--
INFO: Run Behavior\ReadHtmlCacheBehavior [ RunTime:0.000899s ]
INFO: [ app_begin ] --END-- [ RunTime:0.001006s ]
SQL: SHOW COLUMNS FROM `sh_goods` [ RunTime:0.0053s ]
SQL: SELECT * FROM `sh_goods` WHERE `id` = 64 LIMIT 1   [ RunTime:0.0006s ]
SQL: SHOW COLUMNS FROM `sh_category` [ RunTime:0.0044s ]
SQL: SELECT * FROM `sh_category`  [ RunTime:0.0004s ]
SQL: SHOW COLUMNS FROM `sh_brand` [ RunTime:0.0039s ]
SQL: SELECT * FROM `sh_brand`  [ RunTime:0.0004s ]
SQL: SHOW COLUMNS FROM `sh_member_level` [ RunTime:0.0045s ]
SQL: SELECT * FROM `sh_member_level`  [ RunTime:0.0004s ]
SQL: SHOW COLUMNS FROM `sh_member_price` [ RunTime:0.0039s ]
SQL: SELECT * FROM `sh_member_price`  [ RunTime:0.0004s ]
SQL: SHOW COLUMNS FROM `sh_goods_pic` [ RunTime:0.0042s ]
SQL: SELECT * FROM `sh_goods_pic` WHERE ( goods_id=64 )  [ RunTime:0.0004s ]
SQL: SHOW COLUMNS FROM `sh_type` [ RunTime:0.0038s ]
SQL: SELECT * FROM `sh_type`  [ RunTime:0.0004s ]
INFO: [ view_parse ] --START--
INFO: [ template_filter ] --START--
INFO: Run Behavior\ContentReplaceBehavior [ RunTime:0.000212s ]
INFO: [ template_filter ] --END-- [ RunTime:0.000344s ]
NOTIC: [8] Undefined variable: date D:\wamp\www\xm\Application\Runtime\Cache\Goods\8883ea0439a571f80c68276495f629c6.php 第 144 行.
NOTIC: [8] Undefined variable: date D:\wamp\www\xm\Application\Runtime\Cache\Goods\8883ea0439a571f80c68276495f629c6.php 第 150 行.
NOTIC: [8] Undefined variable: date D:\wamp\www\xm\Application\Runtime\Cache\Goods\8883ea0439a571f80c68276495f629c6.php 第 150 行.
NOTIC: [8] Undefined variable: date D:\wamp\www\xm\Application\Runtime\Cache\Goods\8883ea0439a571f80c68276495f629c6.php 第 150 行.
INFO: Run Behavior\ParseTemplateBehavior [ RunTime:0.016252s ]
INFO: [ view_parse ] --END-- [ RunTime:0.016379s ]
INFO: [ view_filter ] --START--
INFO: Run Behavior\WriteHtmlCacheBehavior [ RunTime:0.000574s ]
INFO: [ view_filter ] --END-- [ RunTime:0.000671s ]
INFO: [ app_end ] --START--
INFO: Run Behavior\ShowPageTraceBehavior [ RunTime:0.000925s ]
INFO: [ app_end ] --END-- [ RunTime:0.001020s ]

[ 2015-06-15T20:18:06+08:00 ] 127.0.0.1 /Goods/Goods/save/id/64
INFO: [ app_init ] --START--
INFO: Run Behavior\BuildLiteBehavior [ RunTime:0.000025s ]
INFO: [ app_init ] --END-- [ RunTime:0.000762s ]
INFO: [ app_begin ] --START--
INFO: Run Behavior\ReadHtmlCacheBehavior [ RunTime:0.001068s ]
INFO: [ app_begin ] --END-- [ RunTime:0.001177s ]
SQL: SHOW COLUMNS FROM `sh_goods` [ RunTime:0.0046s ]
SQL: SELECT * FROM `sh_goods` WHERE `id` = 64 LIMIT 1   [ RunTime:0.0006s ]
SQL: SHOW COLUMNS FROM `sh_category` [ RunTime:0.0040s ]
SQL: SELECT * FROM `sh_category`  [ RunTime:0.0004s ]
SQL: SHOW COLUMNS FROM `sh_brand` [ RunTime:0.0041s ]
SQL: SELECT * FROM `sh_brand`  [ RunTime:0.0004s ]
SQL: SHOW COLUMNS FROM `sh_member_level` [ RunTime:0.0039s ]
SQL: SELECT * FROM `sh_member_level`  [ RunTime:0.0004s ]
SQL: SHOW COLUMNS FROM `sh_member_price` [ RunTime:0.0044s ]
SQL: SELECT * FROM `sh_member_price`  [ RunTime:0.0004s ]
SQL: SHOW COLUMNS FROM `sh_goods_pic` [ RunTime:0.0041s ]
SQL: SELECT * FROM `sh_goods_pic` WHERE ( goods_id=64 )  [ RunTime:0.0004s ]
SQL: SHOW COLUMNS FROM `sh_type` [ RunTime:0.0041s ]
SQL: SELECT * FROM `sh_type`  [ RunTime:0.0004s ]
INFO: [ view_parse ] --START--
INFO: [ template_filter ] --START--
INFO: Run Behavior\ContentReplaceBehavior [ RunTime:0.000212s ]
INFO: [ template_filter ] --END-- [ RunTime:0.000331s ]
INFO: Run Behavior\ParseTemplateBehavior [ RunTime:0.016308s ]
INFO: [ view_parse ] --END-- [ RunTime:0.016466s ]
INFO: [ view_filter ] --START--
INFO: Run Behavior\WriteHtmlCacheBehavior [ RunTime:0.000655s ]
INFO: [ view_filter ] --END-- [ RunTime:0.000750s ]
INFO: [ app_end ] --START--
INFO: Run Behavior\ShowPageTraceBehavior [ RunTime:0.001032s ]
INFO: [ app_end ] --END-- [ RunTime:0.001129s ]

[ 2015-06-15T20:18:31+08:00 ] 127.0.0.1 /Goods/Goods/save/id/64
INFO: [ app_init ] --START--
INFO: Run Behavior\BuildLiteBehavior [ RunTime:0.000027s ]
INFO: [ app_init ] --END-- [ RunTime:0.000762s ]
INFO: [ app_begin ] --START--
INFO: Run Behavior\ReadHtmlCacheBehavior [ RunTime:0.001061s ]
INFO: [ app_begin ] --END-- [ RunTime:0.001177s ]
SQL: SHOW COLUMNS FROM `sh_goods` [ RunTime:0.0055s ]
SQL: SELECT * FROM `sh_goods` WHERE `id` = 64 LIMIT 1   [ RunTime:0.0006s ]
SQL: SHOW COLUMNS FROM `sh_category` [ RunTime:0.0040s ]
SQL: SELECT * FROM `sh_category`  [ RunTime:0.0004s ]
SQL: SHOW COLUMNS FROM `sh_brand` [ RunTime:0.0043s ]
SQL: SELECT * FROM `sh_brand`  [ RunTime:0.0004s ]
SQL: SHOW COLUMNS FROM `sh_member_level` [ RunTime:0.0042s ]
SQL: SELECT * FROM `sh_member_level`  [ RunTime:0.0004s ]
SQL: SHOW COLUMNS FROM `sh_member_price` [ RunTime:0.0040s ]
SQL: SELECT * FROM `sh_member_price`  [ RunTime:0.0004s ]
SQL: SHOW COLUMNS FROM `sh_goods_pic` [ RunTime:0.0040s ]
SQL: SELECT * FROM `sh_goods_pic` WHERE ( goods_id=64 )  [ RunTime:0.0004s ]
SQL: SHOW COLUMNS FROM `sh_type` [ RunTime:0.0042s ]
SQL: SELECT * FROM `sh_type`  [ RunTime:0.0003s ]
INFO: [ view_parse ] --START--
INFO: [ template_filter ] --START--
INFO: Run Behavior\ContentReplaceBehavior [ RunTime:0.000218s ]
INFO: [ template_filter ] --END-- [ RunTime:0.000342s ]
INFO: Run Behavior\ParseTemplateBehavior [ RunTime:0.015906s ]
INFO: [ view_parse ] --END-- [ RunTime:0.016059s ]
INFO: [ view_filter ] --START--
INFO: Run Behavior\WriteHtmlCacheBehavior [ RunTime:0.000642s ]
INFO: [ view_filter ] --END-- [ RunTime:0.000736s ]
INFO: [ app_end ] --START--
INFO: Run Behavior\ShowPageTraceBehavior [ RunTime:0.001141s ]
INFO: [ app_end ] --END-- [ RunTime:0.001241s ]

[ 2015-06-15T20:25:52+08:00 ] 127.0.0.1 /Goods/Goods/save/id/64
INFO: [ app_init ] --START--
INFO: Run Behavior\BuildLiteBehavior [ RunTime:0.000025s ]
INFO: [ app_init ] --END-- [ RunTime:0.000759s ]
INFO: [ app_begin ] --START--
INFO: Run Behavior\ReadHtmlCacheBehavior [ RunTime:0.001103s ]
INFO: [ app_begin ] --END-- [ RunTime:0.001215s ]
SQL: SHOW COLUMNS FROM `sh_goods` [ RunTime:0.0065s ]
SQL: SELECT * FROM `sh_goods` WHERE `id` = 64 LIMIT 1   [ RunTime:0.0006s ]
SQL: SHOW COLUMNS FROM `sh_category` [ RunTime:0.0063s ]
SQL: SELECT * FROM `sh_category`  [ RunTime:0.0004s ]
SQL: SHOW COLUMNS FROM `sh_brand` [ RunTime:0.0052s ]
SQL: SELECT * FROM `sh_brand`  [ RunTime:0.0004s ]
SQL: SHOW COLUMNS FROM `sh_member_level` [ RunTime:0.0054s ]
SQL: SELECT * FROM `sh_member_level`  [ RunTime:0.0004s ]
SQL: SHOW COLUMNS FROM `sh_member_price` [ RunTime:0.0053s ]
SQL: SELECT * FROM `sh_member_price`  [ RunTime:0.0004s ]
SQL: SHOW COLUMNS FROM `sh_goods_pic` [ RunTime:0.0053s ]
SQL: SELECT * FROM `sh_goods_pic` WHERE ( goods_id=64 )  [ RunTime:0.0004s ]
SQL: SHOW COLUMNS FROM `sh_type` [ RunTime:0.0057s ]
SQL: SELECT * FROM `sh_type`  [ RunTime:0.0004s ]
INFO: [ view_parse ] --START--
INFO: [ template_filter ] --START--
INFO: Run Behavior\ContentReplaceBehavior [ RunTime:0.000226s ]
INFO: [ template_filter ] --END-- [ RunTime:0.000344s ]
INFO: Run Behavior\ParseTemplateBehavior [ RunTime:0.016655s ]
INFO: [ view_parse ] --END-- [ RunTime:0.016816s ]
INFO: [ view_filter ] --START--
INFO: Run Behavior\WriteHtmlCacheBehavior [ RunTime:0.000699s ]
INFO: [ view_filter ] --END-- [ RunTime:0.000795s ]
INFO: [ app_end ] --START--
INFO: Run Behavior\ShowPageTraceBehavior [ RunTime:0.001046s ]
INFO: [ app_end ] --END-- [ RunTime:0.001144s ]

[ 2015-06-15T20:26:41+08:00 ] 127.0.0.1 /Goods/Goods/add
INFO: [ app_init ] --START--
INFO: Run Behavior\BuildLiteBehavior [ RunTime:0.000027s ]
INFO: [ app_init ] --END-- [ RunTime:0.000787s ]
INFO: [ app_begin ] --START--
INFO: Run Behavior\ReadHtmlCacheBehavior [ RunTime:0.001290s ]
INFO: [ app_begin ] --END-- [ RunTime:0.001416s ]
SQL: SHOW COLUMNS FROM `sh_category` [ RunTime:0.0061s ]
SQL: SELECT * FROM `sh_category`  [ RunTime:0.0004s ]
SQL: SHOW COLUMNS FROM `sh_brand` [ RunTime:0.0053s ]
SQL: SELECT * FROM `sh_brand`  [ RunTime:0.0004s ]
SQL: SHOW COLUMNS FROM `sh_member_level` [ RunTime:0.0052s ]
SQL: SELECT * FROM `sh_member_level`  [ RunTime:0.0004s ]
SQL: SHOW COLUMNS FROM `sh_type` [ RunTime:0.0053s ]
SQL: SELECT * FROM `sh_type`  [ RunTime:0.0004s ]
INFO: [ view_parse ] --START--
INFO: [ template_filter ] --START--
INFO: Run Behavior\ContentReplaceBehavior [ RunTime:0.000186s ]
INFO: [ template_filter ] --END-- [ RunTime:0.000319s ]
INFO: Run Behavior\ParseTemplateBehavior [ RunTime:0.039099s ]
INFO: [ view_parse ] --END-- [ RunTime:0.039285s ]
INFO: [ view_filter ] --START--
INFO: Run Behavior\WriteHtmlCacheBehavior [ RunTime:0.000798s ]
INFO: [ view_filter ] --END-- [ RunTime:0.000902s ]
INFO: [ app_end ] --START--
INFO: Run Behavior\ShowPageTraceBehavior [ RunTime:0.001049s ]
INFO: [ app_end ] --END-- [ RunTime:0.001149s ]

[ 2015-06-15T20:26:53+08:00 ] 127.0.0.1 /Goods/Goods/add
INFO: [ app_init ] --START--
INFO: Run Behavior\BuildLiteBehavior [ RunTime:0.000025s ]
INFO: [ app_init ] --END-- [ RunTime:0.000686s ]
INFO: [ app_begin ] --START--
INFO: Run Behavior\ReadHtmlCacheBehavior [ RunTime:0.000885s ]
INFO: [ app_begin ] --END-- [ RunTime:0.000991s ]
SQL: SHOW COLUMNS FROM `sh_goods` [ RunTime:0.0060s ]
SQL: SELECT * FROM `sh_goods` WHERE `goods_name` = 'sfsd' LIMIT 1   [ RunTime:0.0006s ]
SQL: INSERT INTO `sh_goods` (`goods_name`,`cat_id`,`brand_id`,`market_price`,`shop_price`,`is_on_sale`,`goods_weight`,`weight_unit`,`goods_desc`,`type_id`,`goods_sn`) VALUES ('sfsd','45','19','2222','3333','1','','1','','0','1434371213796618') [ RunTime:0.0647s ]
SQL: SHOW COLUMNS FROM `sh_member_price` [ RunTime:0.0060s ]
INFO: [ view_parse ] --START--
INFO: [ template_filter ] --START--
INFO: Run Behavior\ContentReplaceBehavior [ RunTime:0.000078s ]
INFO: [ template_filter ] --END-- [ RunTime:0.000231s ]
INFO: Run Behavior\ParseTemplateBehavior [ RunTime:0.032458s ]
INFO: [ view_parse ] --END-- [ RunTime:0.032589s ]
INFO: [ view_filter ] --START--
INFO: Run Behavior\WriteHtmlCacheBehavior [ RunTime:0.000521s ]
INFO: [ view_filter ] --END-- [ RunTime:0.000617s ]

[ 2015-06-15T20:26:54+08:00 ] 127.0.0.1 /Goods/Goods/lst.html
INFO: [ app_init ] --START--
INFO: Run Behavior\BuildLiteBehavior [ RunTime:0.000029s ]
INFO: [ app_init ] --END-- [ RunTime:0.000722s ]
INFO: [ app_begin ] --START--
INFO: Run Behavior\ReadHtmlCacheBehavior [ RunTime:0.000918s ]
INFO: [ app_begin ] --END-- [ RunTime:0.001032s ]
SQL: SHOW COLUMNS FROM `sh_goods` [ RunTime:0.0062s ]
NOTIC: [2] Invalid argument supplied for foreach() D:\wamp\www\xm\ThinkPHP\Library\Think\Db\Driver.class.php 第 493 行.
SQL: SELECT COUNT(*) AS tp_count FROM `sh_goods` LIMIT 1   [ RunTime:0.0003s ]
NOTIC: [2] Invalid argument supplied for foreach() D:\wamp\www\xm\ThinkPHP\Library\Think\Db\Driver.class.php 第 493 行.
SQL: SELECT * FROM `sh_goods` ORDER BY id LIMIT 0,15   [ RunTime:0.0007s ]
INFO: [ view_parse ] --START--
INFO: [ template_filter ] --START--
INFO: Run Behavior\ContentReplaceBehavior [ RunTime:0.000120s ]
INFO: [ template_filter ] --END-- [ RunTime:0.000255s ]
INFO: Run Behavior\ParseTemplateBehavior [ RunTime:0.027840s ]
INFO: [ view_parse ] --END-- [ RunTime:0.027980s ]
INFO: [ view_filter ] --START--
INFO: Run Behavior\WriteHtmlCacheBehavior [ RunTime:0.000569s ]
INFO: [ view_filter ] --END-- [ RunTime:0.000663s ]
INFO: [ app_end ] --START--
INFO: Run Behavior\ShowPageTraceBehavior [ RunTime:0.000952s ]
INFO: [ app_end ] --END-- [ RunTime:0.001052s ]

[ 2015-06-15T20:26:56+08:00 ] 127.0.0.1 /Goods/Goods/save/id/65
INFO: [ app_init ] --START--
INFO: Run Behavior\BuildLiteBehavior [ RunTime:0.000026s ]
INFO: [ app_init ] --END-- [ RunTime:0.000690s ]
INFO: [ app_begin ] --START--
INFO: Run Behavior\ReadHtmlCacheBehavior [ RunTime:0.000890s ]
INFO: [ app_begin ] --END-- [ RunTime:0.001061s ]
SQL: SHOW COLUMNS FROM `sh_goods` [ RunTime:0.0061s ]
SQL: SELECT * FROM `sh_goods` WHERE `id` = 65 LIMIT 1   [ RunTime:0.0006s ]
SQL: SHOW COLUMNS FROM `sh_category` [ RunTime:0.0056s ]
SQL: SELECT * FROM `sh_category`  [ RunTime:0.0004s ]
SQL: SHOW COLUMNS FROM `sh_brand` [ RunTime:0.0052s ]
SQL: SELECT * FROM `sh_brand`  [ RunTime:0.0004s ]
SQL: SHOW COLUMNS FROM `sh_member_level` [ RunTime:0.0054s ]
SQL: SELECT * FROM `sh_member_level`  [ RunTime:0.0007s ]
SQL: SHOW COLUMNS FROM `sh_member_price` [ RunTime:0.0053s ]
SQL: SELECT * FROM `sh_member_price`  [ RunTime:0.0005s ]
SQL: SHOW COLUMNS FROM `sh_goods_pic` [ RunTime:0.0053s ]
SQL: SELECT * FROM `sh_goods_pic` WHERE ( goods_id=65 )  [ RunTime:0.0004s ]
SQL: SHOW COLUMNS FROM `sh_type` [ RunTime:0.0052s ]
SQL: SELECT * FROM `sh_type`  [ RunTime:0.0004s ]
INFO: [ view_parse ] --START--
INFO: [ template_filter ] --START--
INFO: Run Behavior\ContentReplaceBehavior [ RunTime:0.000223s ]
INFO: [ template_filter ] --END-- [ RunTime:0.000353s ]
INFO: Run Behavior\ParseTemplateBehavior [ RunTime:0.015992s ]
INFO: [ view_parse ] --END-- [ RunTime:0.016161s ]
INFO: [ view_filter ] --START--
INFO: Run Behavior\WriteHtmlCacheBehavior [ RunTime:0.000589s ]
INFO: [ view_filter ] --END-- [ RunTime:0.000684s ]
INFO: [ app_end ] --START--
INFO: Run Behavior\ShowPageTraceBehavior [ RunTime:0.000901s ]
INFO: [ app_end ] --END-- [ RunTime:0.000997s ]

[ 2015-06-15T20:27:00+08:00 ] 127.0.0.1 /Goods/Goods/ajaxattr/type_id/7
INFO: [ app_init ] --START--
INFO: Run Behavior\BuildLiteBehavior [ RunTime:0.000029s ]
INFO: [ app_init ] --END-- [ RunTime:0.000762s ]
INFO: [ app_begin ] --START--
INFO: Run Behavior\ReadHtmlCacheBehavior [ RunTime:0.000899s ]
INFO: [ app_begin ] --END-- [ RunTime:0.000997s ]
SQL: SHOW COLUMNS FROM `sh_attribute` [ RunTime:0.0370s ]
SQL: SELECT * FROM `sh_attribute` WHERE ( type_id=7 )  [ RunTime:0.0005s ]
INFO: [ app_end ] --START--
INFO: Run Behavior\ShowPageTraceBehavior [ RunTime:0.001124s ]
INFO: [ app_end ] --END-- [ RunTime:0.001216s ]

[ 2015-06-15T20:27:01+08:00 ] 127.0.0.1 /Goods/Goods/ajaxattr/type_id/5
INFO: [ app_init ] --START--
INFO: Run Behavior\BuildLiteBehavior [ RunTime:0.000026s ]
INFO: [ app_init ] --END-- [ RunTime:0.000684s ]
INFO: [ app_begin ] --START--
INFO: Run Behavior\ReadHtmlCacheBehavior [ RunTime:0.000921s ]
INFO: [ app_begin ] --END-- [ RunTime:0.001024s ]
SQL: SHOW COLUMNS FROM `sh_attribute` [ RunTime:0.0053s ]
SQL: SELECT * FROM `sh_attribute` WHERE ( type_id=5 )  [ RunTime:0.0005s ]
INFO: [ app_end ] --START--
INFO: Run Behavior\ShowPageTraceBehavior [ RunTime:0.001070s ]
INFO: [ app_end ] --END-- [ RunTime:0.001164s ]

