[ 2015-09-13T09:15:29+08:00 ] 127.0.0.1 /Goods/Goods/ajaxattr/type_id/7
INFO: [ app_begin ] --START--
INFO: Run Behavior\ReadHtmlCacheBehavior [ RunTime:0.000000s ]
INFO: [ app_begin ] --END-- [ RunTime:0.000000s ]
SQL: SHOW COLUMNS FROM `sh_attribute` [ RunTime:0.0156s ]
SQL: SELECT * FROM `sh_attribute` WHERE ( type_id=7 )  [ RunTime:0.0000s ]
INFO: [ app_end ] --START--
INFO: Run Behavior\ShowPageTraceBehavior [ RunTime:0.000000s ]
INFO: [ app_end ] --END-- [ RunTime:0.000000s ]

[ 2015-09-13T09:31:29+08:00 ] 127.0.0.1 /Goods/Goods/ajaxattr/type_id/6
INFO: [ app_begin ] --START--
INFO: Run Behavior\ReadHtmlCacheBehavior [ RunTime:0.000000s ]
INFO: [ app_begin ] --END-- [ RunTime:0.000000s ]
SQL: SHOW COLUMNS FROM `sh_attribute` [ RunTime:0.0469s ]
SQL: SELECT * FROM `sh_attribute` WHERE ( type_id=6 )  [ RunTime:0.0000s ]
INFO: [ app_end ] --START--
INFO: Run Behavior\ShowPageTraceBehavior [ RunTime:0.015625s ]
INFO: [ app_end ] --END-- [ RunTime:0.015625s ]

[ 2015-09-13T09:32:02+08:00 ] 127.0.0.1 /Goods/Goods/ajaxDelGoodsAttr
INFO: [ app_begin ] --START--
INFO: Run Behavior\ReadHtmlCacheBehavior [ RunTime:0.000000s ]
INFO: [ app_begin ] --END-- [ RunTime:0.000000s ]
SQL: SHOW COLUMNS FROM `sh_goods_attr` [ RunTime:0.0000s ]
SQL: DELETE FROM `sh_goods_attr` WHERE `id` = 93 [ RunTime:0.0000s ]
INFO: [ app_end ] --START--
INFO: Run Behavior\ShowPageTraceBehavior [ RunTime:0.000000s ]
INFO: [ app_end ] --END-- [ RunTime:0.000000s ]

