[ 2015-11-11T21:30:01+08:00 ] 127.0.0.1 /Goods/Category/ajaxGetAttr
INFO: [ app_begin ] --START--
INFO: Run Behavior\ReadHtmlCacheBehavior [ RunTime:0.000000s ]
INFO: [ app_begin ] --END-- [ RunTime:0.000000s ]
INFO: [ app_end ] --START--
INFO: Run Behavior\ShowPageTraceBehavior [ RunTime:0.000000s ]
INFO: [ app_end ] --END-- [ RunTime:0.000000s ]

[ 2015-11-11T21:32:35+08:00 ] 127.0.0.1 /Goods/Category/ajaxGetAttr
INFO: [ app_begin ] --START--
INFO: Run Behavior\ReadHtmlCacheBehavior [ RunTime:0.000000s ]
INFO: [ app_begin ] --END-- [ RunTime:0.000000s ]
SQL: SHOW COLUMNS FROM `sh_attribute` [ RunTime:0.0156s ]
SQL: SELECT * FROM `sh_attribute` WHERE ( type_id=5 and attr_type='单选' )  [ RunTime:0.0000s ]
INFO: [ app_end ] --START--
INFO: Run Behavior\ShowPageTraceBehavior [ RunTime:0.000000s ]
INFO: [ app_end ] --END-- [ RunTime:0.000000s ]

[ 2015-11-11T21:33:08+08:00 ] 127.0.0.1 /Goods/Category/ajaxGetAttr
INFO: [ app_begin ] --START--
INFO: Run Behavior\ReadHtmlCacheBehavior [ RunTime:0.015625s ]
INFO: [ app_begin ] --END-- [ RunTime:0.015625s ]
SQL: SHOW COLUMNS FROM `sh_attribute` [ RunTime:0.0000s ]
SQL: SELECT * FROM `sh_attribute` WHERE ( type_id=6 and attr_type='单选' )  [ RunTime:0.0000s ]
INFO: [ app_end ] --START--
INFO: Run Behavior\ShowPageTraceBehavior [ RunTime:0.015625s ]
INFO: [ app_end ] --END-- [ RunTime:0.015625s ]

[ 2015-11-11T21:34:01+08:00 ] 127.0.0.1 /Goods/Category/ajaxGetAttr
INFO: [ app_begin ] --START--
INFO: Run Behavior\ReadHtmlCacheBehavior [ RunTime:0.000000s ]
INFO: [ app_begin ] --END-- [ RunTime:0.000000s ]
SQL: SHOW COLUMNS FROM `sh_attribute` [ RunTime:0.0156s ]
SQL: SELECT * FROM `sh_attribute` WHERE ( type_id=5 and attr_type='单选' )  [ RunTime:0.0000s ]
INFO: [ app_end ] --START--
INFO: Run Behavior\ShowPageTraceBehavior [ RunTime:0.000000s ]
INFO: [ app_end ] --END-- [ RunTime:0.000000s ]

[ 2015-11-11T21:34:54+08:00 ] 127.0.0.1 /Goods/Category/ajaxGetAttr
INFO: [ app_begin ] --START--
INFO: Run Behavior\ReadHtmlCacheBehavior [ RunTime:0.000000s ]
INFO: [ app_begin ] --END-- [ RunTime:0.000000s ]
SQL: SHOW COLUMNS FROM `sh_attribute` [ RunTime:0.0156s ]
SQL: SELECT `attr_values` FROM `sh_attribute` WHERE ( type_id=7 and attr_type='单选' )  [ RunTime:0.0000s ]
INFO: [ app_end ] --START--
INFO: Run Behavior\ShowPageTraceBehavior [ RunTime:0.000000s ]
INFO: [ app_end ] --END-- [ RunTime:0.000000s ]

[ 2015-11-11T21:36:33+08:00 ] 127.0.0.1 /Goods/Category/ajaxGetAttr
INFO: [ app_begin ] --START--
INFO: Run Behavior\ReadHtmlCacheBehavior [ RunTime:0.000000s ]
INFO: [ app_begin ] --END-- [ RunTime:0.015625s ]
SQL: SHOW COLUMNS FROM `sh_attribute` [ RunTime:0.0000s ]
SQL: SELECT `attr_values` FROM `sh_attribute` WHERE ( type_id=6 and attr_type='单选' )  [ RunTime:0.0000s ]
INFO: [ app_end ] --START--
INFO: Run Behavior\ShowPageTraceBehavior [ RunTime:0.000000s ]
INFO: [ app_end ] --END-- [ RunTime:0.000000s ]

[ 2015-11-11T21:37:21+08:00 ] 127.0.0.1 /Goods/Category/ajaxGetAttr
INFO: [ app_begin ] --START--
INFO: Run Behavior\ReadHtmlCacheBehavior [ RunTime:0.000000s ]
INFO: [ app_begin ] --END-- [ RunTime:0.000000s ]
SQL: SHOW COLUMNS FROM `sh_attribute` [ RunTime:0.0313s ]
SQL: SELECT `attr_values` FROM `sh_attribute` WHERE ( type_id=6 and attr_type='单选' )  [ RunTime:0.0000s ]
INFO: [ app_end ] --START--
INFO: Run Behavior\ShowPageTraceBehavior [ RunTime:0.000000s ]
INFO: [ app_end ] --END-- [ RunTime:0.000000s ]

[ 2015-11-11T21:37:36+08:00 ] 127.0.0.1 /Goods/Category/ajaxGetAttr
INFO: [ app_begin ] --START--
INFO: Run Behavior\ReadHtmlCacheBehavior [ RunTime:0.000000s ]
INFO: [ app_begin ] --END-- [ RunTime:0.000000s ]
SQL: SHOW COLUMNS FROM `sh_attribute` [ RunTime:0.0000s ]
SQL: SELECT `attr_values` FROM `sh_attribute` WHERE ( type_id=5 and attr_type='单选' )  [ RunTime:0.0000s ]
INFO: [ app_end ] --START--
INFO: Run Behavior\ShowPageTraceBehavior [ RunTime:0.000000s ]
INFO: [ app_end ] --END-- [ RunTime:0.000000s ]

[ 2015-11-11T21:37:42+08:00 ] 127.0.0.1 /Goods/Category/ajaxGetAttr
INFO: [ app_begin ] --START--
INFO: Run Behavior\ReadHtmlCacheBehavior [ RunTime:0.000000s ]
INFO: [ app_begin ] --END-- [ RunTime:0.000000s ]
SQL: SHOW COLUMNS FROM `sh_attribute` [ RunTime:0.0000s ]
SQL: SELECT `attr_values` FROM `sh_attribute` WHERE ( type_id=6 and attr_type='单选' )  [ RunTime:0.0000s ]
INFO: [ app_end ] --START--
INFO: Run Behavior\ShowPageTraceBehavior [ RunTime:0.000000s ]
INFO: [ app_end ] --END-- [ RunTime:0.000000s ]

[ 2015-11-11T21:37:51+08:00 ] 127.0.0.1 /Goods/Category/ajaxGetAttr
INFO: [ app_begin ] --START--
INFO: Run Behavior\ReadHtmlCacheBehavior [ RunTime:0.000000s ]
INFO: [ app_begin ] --END-- [ RunTime:0.000000s ]
SQL: SHOW COLUMNS FROM `sh_attribute` [ RunTime:0.0156s ]
SQL: SELECT `attr_values` FROM `sh_attribute` WHERE ( type_id=5 and attr_type='单选' )  [ RunTime:0.0000s ]
INFO: [ app_end ] --START--
INFO: Run Behavior\ShowPageTraceBehavior [ RunTime:0.000000s ]
INFO: [ app_end ] --END-- [ RunTime:0.000000s ]

[ 2015-11-11T21:37:55+08:00 ] 127.0.0.1 /Goods/Category/ajaxGetAttr
INFO: [ app_begin ] --START--
INFO: Run Behavior\ReadHtmlCacheBehavior [ RunTime:0.000000s ]
INFO: [ app_begin ] --END-- [ RunTime:0.000000s ]
SQL: SHOW COLUMNS FROM `sh_attribute` [ RunTime:0.0156s ]
SQL: SELECT `attr_values` FROM `sh_attribute` WHERE ( type_id=6 and attr_type='单选' )  [ RunTime:0.0000s ]
INFO: [ app_end ] --START--
INFO: Run Behavior\ShowPageTraceBehavior [ RunTime:0.000000s ]
INFO: [ app_end ] --END-- [ RunTime:0.000000s ]

[ 2015-11-11T21:38:05+08:00 ] 127.0.0.1 /Goods/Category/ajaxGetAttr
INFO: [ app_begin ] --START--
INFO: Run Behavior\ReadHtmlCacheBehavior [ RunTime:0.000000s ]
INFO: [ app_begin ] --END-- [ RunTime:0.000000s ]
SQL: SHOW COLUMNS FROM `sh_attribute` [ RunTime:0.0156s ]
SQL: SELECT `attr_values` FROM `sh_attribute` WHERE ( type_id=7 and attr_type='单选' )  [ RunTime:0.0000s ]
INFO: [ app_end ] --START--
INFO: Run Behavior\ShowPageTraceBehavior [ RunTime:0.000000s ]
INFO: [ app_end ] --END-- [ RunTime:0.000000s ]

[ 2015-11-11T21:38:15+08:00 ] 127.0.0.1 /Goods/Category/ajaxGetAttr
INFO: [ app_begin ] --START--
INFO: Run Behavior\ReadHtmlCacheBehavior [ RunTime:0.000000s ]
INFO: [ app_begin ] --END-- [ RunTime:0.000000s ]
SQL: SHOW COLUMNS FROM `sh_attribute` [ RunTime:0.0156s ]
SQL: SELECT `attr_values` FROM `sh_attribute` WHERE ( type_id=5 and attr_type='单选' )  [ RunTime:0.0000s ]
INFO: [ app_end ] --START--
INFO: Run Behavior\ShowPageTraceBehavior [ RunTime:0.000000s ]
INFO: [ app_end ] --END-- [ RunTime:0.000000s ]

[ 2015-11-11T21:38:42+08:00 ] 127.0.0.1 /Goods/Category/ajaxGetAttr
INFO: [ app_begin ] --START--
INFO: Run Behavior\ReadHtmlCacheBehavior [ RunTime:0.000000s ]
INFO: [ app_begin ] --END-- [ RunTime:0.000000s ]
SQL: SHOW COLUMNS FROM `sh_attribute` [ RunTime:0.0000s ]
SQL: SELECT `attr_values` FROM `sh_attribute` WHERE ( type_id=5 and attr_type='单选' )  [ RunTime:0.0000s ]
INFO: [ app_end ] --START--
INFO: Run Behavior\ShowPageTraceBehavior [ RunTime:0.000000s ]
INFO: [ app_end ] --END-- [ RunTime:0.000000s ]

[ 2015-11-11T21:39:41+08:00 ] 127.0.0.1 /Goods/Category/ajaxGetAttr
INFO: [ app_begin ] --START--
INFO: Run Behavior\ReadHtmlCacheBehavior [ RunTime:0.000000s ]
INFO: [ app_begin ] --END-- [ RunTime:0.000000s ]
SQL: SHOW COLUMNS FROM `sh_attribute` [ RunTime:0.0000s ]
SQL: SELECT `attr_values` FROM `sh_attribute` WHERE ( type_id=5 and attr_type='单选' )  [ RunTime:0.0156s ]
INFO: [ app_end ] --START--
INFO: Run Behavior\ShowPageTraceBehavior [ RunTime:0.000000s ]
INFO: [ app_end ] --END-- [ RunTime:0.000000s ]

[ 2015-11-11T21:40:27+08:00 ] 127.0.0.1 /Goods/Category/ajaxGetAttr
INFO: [ app_begin ] --START--
INFO: Run Behavior\ReadHtmlCacheBehavior [ RunTime:0.000000s ]
INFO: [ app_begin ] --END-- [ RunTime:0.015625s ]
SQL: SHOW COLUMNS FROM `sh_attribute` [ RunTime:0.0156s ]
SQL: SELECT `attr_values` FROM `sh_attribute` WHERE ( type_id=6 and attr_type='单选' )  [ RunTime:0.0000s ]
INFO: [ app_end ] --START--
INFO: Run Behavior\ShowPageTraceBehavior [ RunTime:0.000000s ]
INFO: [ app_end ] --END-- [ RunTime:0.000000s ]

[ 2015-11-11T21:41:10+08:00 ] 127.0.0.1 /Goods/Category/ajaxGetAttr
INFO: [ app_begin ] --START--
INFO: Run Behavior\ReadHtmlCacheBehavior [ RunTime:0.000000s ]
INFO: [ app_begin ] --END-- [ RunTime:0.000000s ]
SQL: SHOW COLUMNS FROM `sh_attribute` [ RunTime:0.0156s ]
SQL: SELECT `attr_values` FROM `sh_attribute` WHERE ( type_id=6 and attr_type='单选' )  [ RunTime:0.0000s ]
INFO: [ app_end ] --START--
INFO: Run Behavior\ShowPageTraceBehavior [ RunTime:0.000000s ]
INFO: [ app_end ] --END-- [ RunTime:0.000000s ]

[ 2015-11-11T21:41:14+08:00 ] 127.0.0.1 /Goods/Category/ajaxGetAttr
INFO: [ app_begin ] --START--
INFO: Run Behavior\ReadHtmlCacheBehavior [ RunTime:0.000000s ]
INFO: [ app_begin ] --END-- [ RunTime:0.000000s ]
SQL: SHOW COLUMNS FROM `sh_attribute` [ RunTime:0.0156s ]
SQL: SELECT `attr_values` FROM `sh_attribute` WHERE ( type_id=5 and attr_type='单选' )  [ RunTime:0.0000s ]
INFO: [ app_end ] --START--
INFO: Run Behavior\ShowPageTraceBehavior [ RunTime:0.000000s ]
INFO: [ app_end ] --END-- [ RunTime:0.000000s ]

[ 2015-11-11T21:42:07+08:00 ] 127.0.0.1 /Goods/Category/ajaxGetAttr
INFO: [ app_begin ] --START--
INFO: Run Behavior\ReadHtmlCacheBehavior [ RunTime:0.000000s ]
INFO: [ app_begin ] --END-- [ RunTime:0.000000s ]
SQL: SHOW COLUMNS FROM `sh_attribute` [ RunTime:0.0156s ]
SQL: SELECT `attr_values` FROM `sh_attribute` WHERE ( type_id=6 and attr_type='单选' )  [ RunTime:0.0000s ]
INFO: [ app_end ] --START--
INFO: Run Behavior\ShowPageTraceBehavior [ RunTime:0.000000s ]
INFO: [ app_end ] --END-- [ RunTime:0.000000s ]

[ 2015-11-11T21:44:21+08:00 ] 127.0.0.1 /Goods/Category/ajaxGetAttr
INFO: [ app_begin ] --START--
INFO: Run Behavior\ReadHtmlCacheBehavior [ RunTime:0.000000s ]
INFO: [ app_begin ] --END-- [ RunTime:0.000000s ]
SQL: SHOW COLUMNS FROM `sh_attribute` [ RunTime:0.0156s ]
SQL: SELECT `attr_values` FROM `sh_attribute` WHERE ( type_id=5 and attr_type='单选' )  [ RunTime:0.0000s ]
INFO: [ app_end ] --START--
INFO: Run Behavior\ShowPageTraceBehavior [ RunTime:0.000000s ]
INFO: [ app_end ] --END-- [ RunTime:0.000000s ]

[ 2015-11-11T21:44:46+08:00 ] 127.0.0.1 /Goods/Category/ajaxGetAttr
INFO: [ app_begin ] --START--
INFO: Run Behavior\ReadHtmlCacheBehavior [ RunTime:0.015625s ]
INFO: [ app_begin ] --END-- [ RunTime:0.015625s ]
SQL: SHOW COLUMNS FROM `sh_attribute` [ RunTime:0.0000s ]
SQL: SELECT `attr_values` FROM `sh_attribute` WHERE ( type_id=5 and attr_type='单选' )  [ RunTime:0.0000s ]
INFO: [ app_end ] --START--
INFO: Run Behavior\ShowPageTraceBehavior [ RunTime:0.000000s ]
INFO: [ app_end ] --END-- [ RunTime:0.000000s ]

[ 2015-11-11T21:45:13+08:00 ] 127.0.0.1 /Goods/Category/ajaxGetAttr
INFO: [ app_begin ] --START--
INFO: Run Behavior\ReadHtmlCacheBehavior [ RunTime:0.000000s ]
INFO: [ app_begin ] --END-- [ RunTime:0.000000s ]
SQL: SHOW COLUMNS FROM `sh_attribute` [ RunTime:0.0156s ]
SQL: SELECT `attr_values` FROM `sh_attribute` WHERE ( type_id=6 and attr_type='单选' )  [ RunTime:0.0000s ]
INFO: [ app_end ] --START--
INFO: Run Behavior\ShowPageTraceBehavior [ RunTime:0.000000s ]
INFO: [ app_end ] --END-- [ RunTime:0.000000s ]

[ 2015-11-11T21:46:27+08:00 ] 127.0.0.1 /Goods/Category/ajaxGetAttr
INFO: [ app_begin ] --START--
INFO: Run Behavior\ReadHtmlCacheBehavior [ RunTime:0.000000s ]
INFO: [ app_begin ] --END-- [ RunTime:0.000000s ]
SQL: SHOW COLUMNS FROM `sh_attribute` [ RunTime:0.0156s ]
SQL: SELECT `attr_values` FROM `sh_attribute` WHERE ( type_id=6 and attr_type='单选' )  [ RunTime:0.0000s ]
INFO: [ app_end ] --START--
INFO: Run Behavior\ShowPageTraceBehavior [ RunTime:0.000000s ]
INFO: [ app_end ] --END-- [ RunTime:0.015625s ]

[ 2015-11-11T21:47:18+08:00 ] 127.0.0.1 /Goods/Category/ajaxGetAttr
INFO: [ app_begin ] --START--
INFO: Run Behavior\ReadHtmlCacheBehavior [ RunTime:0.000000s ]
INFO: [ app_begin ] --END-- [ RunTime:0.000000s ]
SQL: SHOW COLUMNS FROM `sh_attribute` [ RunTime:0.0156s ]
SQL: SELECT `attr_values` FROM `sh_attribute` WHERE ( type_id=6 and attr_type='单选' )  [ RunTime:0.0000s ]
INFO: [ app_end ] --START--
INFO: Run Behavior\ShowPageTraceBehavior [ RunTime:0.000000s ]
INFO: [ app_end ] --END-- [ RunTime:0.000000s ]

[ 2015-11-11T21:47:21+08:00 ] 127.0.0.1 /Goods/Category/ajaxGetAttr
INFO: [ app_begin ] --START--
INFO: Run Behavior\ReadHtmlCacheBehavior [ RunTime:0.000000s ]
INFO: [ app_begin ] --END-- [ RunTime:0.000000s ]
SQL: SHOW COLUMNS FROM `sh_attribute` [ RunTime:0.0156s ]
SQL: SELECT `attr_values` FROM `sh_attribute` WHERE ( type_id=5 and attr_type='单选' )  [ RunTime:0.0000s ]
INFO: [ app_end ] --START--
INFO: Run Behavior\ShowPageTraceBehavior [ RunTime:0.000000s ]
INFO: [ app_end ] --END-- [ RunTime:0.000000s ]

[ 2015-11-11T21:53:37+08:00 ] 127.0.0.1 /Goods/Category/ajaxGetAttr
INFO: [ app_begin ] --START--
INFO: Run Behavior\ReadHtmlCacheBehavior [ RunTime:0.000000s ]
INFO: [ app_begin ] --END-- [ RunTime:0.000000s ]
SQL: SHOW COLUMNS FROM `sh_attribute` [ RunTime:0.0156s ]
SQL: SELECT `id`,`attr_values` FROM `sh_attribute` WHERE ( type_id=6 and attr_type='单选' )  [ RunTime:0.0156s ]
INFO: [ app_end ] --START--
INFO: Run Behavior\ShowPageTraceBehavior [ RunTime:0.000000s ]
INFO: [ app_end ] --END-- [ RunTime:0.000000s ]

[ 2015-11-11T21:55:31+08:00 ] 127.0.0.1 /Goods/Category/ajaxGetAttr
INFO: [ app_begin ] --START--
INFO: Run Behavior\ReadHtmlCacheBehavior [ RunTime:0.000000s ]
INFO: [ app_begin ] --END-- [ RunTime:0.000000s ]
SQL: SHOW COLUMNS FROM `sh_attribute` [ RunTime:0.0156s ]
SQL: SELECT `id`,`attr_values` FROM `sh_attribute` WHERE ( type_id=5 and attr_type='单选' )  [ RunTime:0.0000s ]
INFO: [ app_end ] --START--
INFO: Run Behavior\ShowPageTraceBehavior [ RunTime:0.000000s ]
INFO: [ app_end ] --END-- [ RunTime:0.000000s ]

[ 2015-11-11T21:56:27+08:00 ] 127.0.0.1 /Goods/Category/ajaxGetAttr
INFO: [ app_begin ] --START--
INFO: Run Behavior\ReadHtmlCacheBehavior [ RunTime:0.000000s ]
INFO: [ app_begin ] --END-- [ RunTime:0.000000s ]
SQL: SHOW COLUMNS FROM `sh_attribute` [ RunTime:0.0156s ]
SQL: SELECT `id`,`attr_values` FROM `sh_attribute` WHERE ( type_id=6 and attr_type='单选' )  [ RunTime:0.0000s ]
INFO: [ app_end ] --START--
INFO: Run Behavior\ShowPageTraceBehavior [ RunTime:0.000000s ]
INFO: [ app_end ] --END-- [ RunTime:0.000000s ]

[ 2015-11-11T21:58:39+08:00 ] 127.0.0.1 /Goods/Category/ajaxGetAttr
INFO: [ app_begin ] --START--
INFO: Run Behavior\ReadHtmlCacheBehavior [ RunTime:0.000000s ]
INFO: [ app_begin ] --END-- [ RunTime:0.000000s ]
SQL: SHOW COLUMNS FROM `sh_attribute` [ RunTime:0.0156s ]
SQL: SELECT `id`,`attr_values` FROM `sh_attribute` WHERE ( type_id=6 and attr_type='单选' )  [ RunTime:0.0000s ]
INFO: [ app_end ] --START--
INFO: Run Behavior\ShowPageTraceBehavior [ RunTime:0.000000s ]
INFO: [ app_end ] --END-- [ RunTime:0.000000s ]

[ 2015-11-11T21:59:44+08:00 ] 127.0.0.1 /Goods/Category/ajaxGetAttr
INFO: [ app_begin ] --START--
INFO: Run Behavior\ReadHtmlCacheBehavior [ RunTime:0.000000s ]
INFO: [ app_begin ] --END-- [ RunTime:0.000000s ]
SQL: SHOW COLUMNS FROM `sh_attribute` [ RunTime:0.0156s ]
SQL: SELECT `id`,`attr_values` FROM `sh_attribute` WHERE ( type_id=6 and attr_type='单选' )  [ RunTime:0.0000s ]
INFO: [ app_end ] --START--
INFO: Run Behavior\ShowPageTraceBehavior [ RunTime:0.000000s ]
INFO: [ app_end ] --END-- [ RunTime:0.000000s ]

[ 2015-11-11T22:00:42+08:00 ] 127.0.0.1 /Goods/Category/ajaxGetAttr
INFO: [ app_begin ] --START--
INFO: Run Behavior\ReadHtmlCacheBehavior [ RunTime:0.000000s ]
INFO: [ app_begin ] --END-- [ RunTime:0.000000s ]
SQL: SHOW COLUMNS FROM `sh_attribute` [ RunTime:0.0000s ]
SQL: SELECT `id`,`attr_values` FROM `sh_attribute` WHERE ( type_id=6 and attr_type='单选' )  [ RunTime:0.0000s ]
INFO: [ app_end ] --START--
INFO: Run Behavior\ShowPageTraceBehavior [ RunTime:0.000000s ]
INFO: [ app_end ] --END-- [ RunTime:0.000000s ]

[ 2015-11-11T22:00:48+08:00 ] 127.0.0.1 /Goods/Category/ajaxGetAttr
INFO: [ app_begin ] --START--
INFO: Run Behavior\ReadHtmlCacheBehavior [ RunTime:0.000000s ]
INFO: [ app_begin ] --END-- [ RunTime:0.000000s ]
SQL: SHOW COLUMNS FROM `sh_attribute` [ RunTime:0.0156s ]
SQL: SELECT `id`,`attr_values` FROM `sh_attribute` WHERE ( type_id=5 and attr_type='单选' )  [ RunTime:0.0000s ]
INFO: [ app_end ] --START--
INFO: Run Behavior\ShowPageTraceBehavior [ RunTime:0.000000s ]
INFO: [ app_end ] --END-- [ RunTime:0.000000s ]

[ 2015-11-11T22:01:45+08:00 ] 127.0.0.1 /Goods/Category/ajaxGetAttr
INFO: [ app_begin ] --START--
INFO: Run Behavior\ReadHtmlCacheBehavior [ RunTime:0.000000s ]
INFO: [ app_begin ] --END-- [ RunTime:0.000000s ]
SQL: SHOW COLUMNS FROM `sh_attribute` [ RunTime:0.0156s ]
SQL: SELECT `id`,`attr_values` FROM `sh_attribute` WHERE ( type_id=6 and attr_type='单选' )  [ RunTime:0.0000s ]
INFO: [ app_end ] --START--
INFO: Run Behavior\ShowPageTraceBehavior [ RunTime:0.000000s ]
INFO: [ app_end ] --END-- [ RunTime:0.000000s ]

[ 2015-11-11T22:02:14+08:00 ] 127.0.0.1 /Goods/Category/ajaxGetAttr
INFO: [ app_begin ] --START--
INFO: Run Behavior\ReadHtmlCacheBehavior [ RunTime:0.000000s ]
INFO: [ app_begin ] --END-- [ RunTime:0.000000s ]
SQL: SHOW COLUMNS FROM `sh_attribute` [ RunTime:0.0000s ]
SQL: SELECT `id`,`attr_values` FROM `sh_attribute` WHERE ( type_id=6 and attr_type='单选' )  [ RunTime:0.0000s ]
INFO: [ app_end ] --START--
INFO: Run Behavior\ShowPageTraceBehavior [ RunTime:0.000000s ]
INFO: [ app_end ] --END-- [ RunTime:0.000000s ]

[ 2015-11-11T22:02:38+08:00 ] 127.0.0.1 /Goods/Category/ajaxGetAttr
INFO: [ app_begin ] --START--
INFO: Run Behavior\ReadHtmlCacheBehavior [ RunTime:0.000000s ]
INFO: [ app_begin ] --END-- [ RunTime:0.000000s ]
SQL: SHOW COLUMNS FROM `sh_attribute` [ RunTime:0.0000s ]
SQL: SELECT `id`,`attr_values` FROM `sh_attribute` WHERE ( type_id=6 and attr_type='单选' )  [ RunTime:0.0000s ]
INFO: [ app_end ] --START--
INFO: Run Behavior\ShowPageTraceBehavior [ RunTime:0.000000s ]
INFO: [ app_end ] --END-- [ RunTime:0.000000s ]

[ 2015-11-11T22:03:50+08:00 ] 127.0.0.1 /Goods/Category/ajaxGetAttr
INFO: [ app_begin ] --START--
INFO: Run Behavior\ReadHtmlCacheBehavior [ RunTime:0.000000s ]
INFO: [ app_begin ] --END-- [ RunTime:0.000000s ]
SQL: SHOW COLUMNS FROM `sh_attribute` [ RunTime:0.0156s ]
SQL: SELECT `id`,`attr_values` FROM `sh_attribute` WHERE ( type_id=6 and attr_type='单选' )  [ RunTime:0.0000s ]
INFO: [ app_end ] --START--
INFO: Run Behavior\ShowPageTraceBehavior [ RunTime:0.000000s ]
INFO: [ app_end ] --END-- [ RunTime:0.000000s ]

[ 2015-11-11T22:03:53+08:00 ] 127.0.0.1 /Goods/Category/ajaxGetAttr
INFO: [ app_begin ] --START--
INFO: Run Behavior\ReadHtmlCacheBehavior [ RunTime:0.000000s ]
INFO: [ app_begin ] --END-- [ RunTime:0.000000s ]
SQL: SHOW COLUMNS FROM `sh_attribute` [ RunTime:0.0000s ]
SQL: SELECT `id`,`attr_values` FROM `sh_attribute` WHERE ( type_id=5 and attr_type='单选' )  [ RunTime:0.0000s ]
INFO: [ app_end ] --START--
INFO: Run Behavior\ShowPageTraceBehavior [ RunTime:0.000000s ]
INFO: [ app_end ] --END-- [ RunTime:0.000000s ]

[ 2015-11-11T22:04:07+08:00 ] 127.0.0.1 /Goods/Category/ajaxGetAttr
INFO: [ app_begin ] --START--
INFO: Run Behavior\ReadHtmlCacheBehavior [ RunTime:0.000000s ]
INFO: [ app_begin ] --END-- [ RunTime:0.000000s ]
SQL: SHOW COLUMNS FROM `sh_attribute` [ RunTime:0.0000s ]
SQL: SELECT `id`,`attr_values` FROM `sh_attribute` WHERE ( type_id=6 and attr_type='单选' )  [ RunTime:0.0000s ]
INFO: [ app_end ] --START--
INFO: Run Behavior\ShowPageTraceBehavior [ RunTime:0.000000s ]
INFO: [ app_end ] --END-- [ RunTime:0.000000s ]

[ 2015-11-11T22:04:55+08:00 ] 127.0.0.1 /Goods/Category/ajaxGetAttr
INFO: [ app_begin ] --START--
INFO: Run Behavior\ReadHtmlCacheBehavior [ RunTime:0.000000s ]
INFO: [ app_begin ] --END-- [ RunTime:0.000000s ]
SQL: SHOW COLUMNS FROM `sh_attribute` [ RunTime:0.0156s ]
SQL: SELECT `id`,`attr_values` FROM `sh_attribute` WHERE ( type_id=6 and attr_type='单选' )  [ RunTime:0.0000s ]
INFO: [ app_end ] --START--
INFO: Run Behavior\ShowPageTraceBehavior [ RunTime:0.000000s ]
INFO: [ app_end ] --END-- [ RunTime:0.000000s ]

[ 2015-11-11T22:04:57+08:00 ] 127.0.0.1 /Goods/Category/ajaxGetAttr
INFO: [ app_begin ] --START--
INFO: Run Behavior\ReadHtmlCacheBehavior [ RunTime:0.000000s ]
INFO: [ app_begin ] --END-- [ RunTime:0.000000s ]
SQL: SHOW COLUMNS FROM `sh_attribute` [ RunTime:0.0156s ]
SQL: SELECT `id`,`attr_values` FROM `sh_attribute` WHERE ( type_id=5 and attr_type='单选' )  [ RunTime:0.0000s ]
INFO: [ app_end ] --START--
INFO: Run Behavior\ShowPageTraceBehavior [ RunTime:0.000000s ]
INFO: [ app_end ] --END-- [ RunTime:0.000000s ]

[ 2015-11-11T22:05:50+08:00 ] 127.0.0.1 /Goods/Category/ajaxGetAttr
INFO: [ app_begin ] --START--
INFO: Run Behavior\ReadHtmlCacheBehavior [ RunTime:0.000000s ]
INFO: [ app_begin ] --END-- [ RunTime:0.000000s ]
SQL: SHOW COLUMNS FROM `sh_attribute` [ RunTime:0.0000s ]
SQL: SELECT `id`,`attr_values` FROM `sh_attribute` WHERE ( type_id=6 and attr_type='单选' )  [ RunTime:0.0000s ]
INFO: [ app_end ] --START--
INFO: Run Behavior\ShowPageTraceBehavior [ RunTime:0.000000s ]
INFO: [ app_end ] --END-- [ RunTime:0.000000s ]

[ 2015-11-11T22:05:53+08:00 ] 127.0.0.1 /Goods/Category/ajaxGetAttr
INFO: [ app_begin ] --START--
INFO: Run Behavior\ReadHtmlCacheBehavior [ RunTime:0.000000s ]
INFO: [ app_begin ] --END-- [ RunTime:0.000000s ]
SQL: SHOW COLUMNS FROM `sh_attribute` [ RunTime:0.0000s ]
SQL: SELECT `id`,`attr_values` FROM `sh_attribute` WHERE ( type_id=5 and attr_type='单选' )  [ RunTime:0.0000s ]
INFO: [ app_end ] --START--
INFO: Run Behavior\ShowPageTraceBehavior [ RunTime:0.000000s ]
INFO: [ app_end ] --END-- [ RunTime:0.000000s ]

[ 2015-11-11T22:05:56+08:00 ] 127.0.0.1 /Goods/Category/ajaxGetAttr
INFO: [ app_begin ] --START--
INFO: Run Behavior\ReadHtmlCacheBehavior [ RunTime:0.000000s ]
INFO: [ app_begin ] --END-- [ RunTime:0.000000s ]
SQL: SHOW COLUMNS FROM `sh_attribute` [ RunTime:0.0156s ]
SQL: SELECT `id`,`attr_values` FROM `sh_attribute` WHERE ( type_id=7 and attr_type='单选' )  [ RunTime:0.0000s ]
INFO: [ app_end ] --START--
INFO: Run Behavior\ShowPageTraceBehavior [ RunTime:0.000000s ]
INFO: [ app_end ] --END-- [ RunTime:0.000000s ]

[ 2015-11-11T22:06:02+08:00 ] 127.0.0.1 /Goods/Category/ajaxGetAttr
INFO: [ app_begin ] --START--
INFO: Run Behavior\ReadHtmlCacheBehavior [ RunTime:0.000000s ]
INFO: [ app_begin ] --END-- [ RunTime:0.000000s ]
SQL: SHOW COLUMNS FROM `sh_attribute` [ RunTime:0.0000s ]
SQL: SELECT `id`,`attr_values` FROM `sh_attribute` WHERE ( type_id=6 and attr_type='单选' )  [ RunTime:0.0000s ]
INFO: [ app_end ] --START--
INFO: Run Behavior\ShowPageTraceBehavior [ RunTime:0.015625s ]
INFO: [ app_end ] --END-- [ RunTime:0.015625s ]

[ 2015-11-11T22:09:03+08:00 ] 127.0.0.1 /Goods/Category/ajaxGetAttr
INFO: [ app_begin ] --START--
INFO: Run Behavior\ReadHtmlCacheBehavior [ RunTime:0.015625s ]
INFO: [ app_begin ] --END-- [ RunTime:0.015625s ]
SQL: SHOW COLUMNS FROM `sh_attribute` [ RunTime:0.0000s ]
SQL: SELECT `id`,`attr_values` FROM `sh_attribute` WHERE ( type_id=7 and attr_type='单选' )  [ RunTime:0.0000s ]
INFO: [ app_end ] --START--
INFO: Run Behavior\ShowPageTraceBehavior [ RunTime:0.000000s ]
INFO: [ app_end ] --END-- [ RunTime:0.000000s ]

[ 2015-11-11T22:09:21+08:00 ] 127.0.0.1 /Goods/Category/ajaxGetAttr
INFO: [ app_begin ] --START--
INFO: Run Behavior\ReadHtmlCacheBehavior [ RunTime:0.000000s ]
INFO: [ app_begin ] --END-- [ RunTime:0.000000s ]
INFO: [ app_end ] --START--
INFO: Run Behavior\ShowPageTraceBehavior [ RunTime:0.000000s ]
INFO: [ app_end ] --END-- [ RunTime:0.000000s ]

[ 2015-11-11T22:09:50+08:00 ] 127.0.0.1 /Goods/Category/ajaxGetAttr
INFO: [ app_begin ] --START--
INFO: Run Behavior\ReadHtmlCacheBehavior [ RunTime:0.000000s ]
INFO: [ app_begin ] --END-- [ RunTime:0.000000s ]
SQL: SHOW COLUMNS FROM `sh_attribute` [ RunTime:0.0156s ]
SQL: SELECT `id`,`attr_values` FROM `sh_attribute` WHERE ( type_id=7 and attr_type='单选' )  [ RunTime:0.0000s ]
INFO: [ app_end ] --START--
INFO: Run Behavior\ShowPageTraceBehavior [ RunTime:0.000000s ]
INFO: [ app_end ] --END-- [ RunTime:0.000000s ]

[ 2015-11-11T22:09:56+08:00 ] 127.0.0.1 /Goods/Category/ajaxGetAttr
INFO: [ app_begin ] --START--
INFO: Run Behavior\ReadHtmlCacheBehavior [ RunTime:0.000000s ]
INFO: [ app_begin ] --END-- [ RunTime:0.000000s ]
SQL: SHOW COLUMNS FROM `sh_attribute` [ RunTime:0.0156s ]
SQL: SELECT `id`,`attr_values` FROM `sh_attribute` WHERE ( type_id=5 and attr_type='单选' )  [ RunTime:0.0000s ]
INFO: [ app_end ] --START--
INFO: Run Behavior\ShowPageTraceBehavior [ RunTime:0.000000s ]
INFO: [ app_end ] --END-- [ RunTime:0.000000s ]

[ 2015-11-11T22:13:14+08:00 ] 127.0.0.1 /Goods/Category/ajaxGetAttr
INFO: [ app_begin ] --START--
INFO: Run Behavior\ReadHtmlCacheBehavior [ RunTime:0.000000s ]
INFO: [ app_begin ] --END-- [ RunTime:0.000000s ]
SQL: SHOW COLUMNS FROM `sh_attribute` [ RunTime:0.0156s ]
SQL: SELECT `id`,`attr_values` FROM `sh_attribute` WHERE ( type_id=18 and attr_type='单选' )  [ RunTime:0.0000s ]
INFO: [ app_end ] --START--
INFO: Run Behavior\ShowPageTraceBehavior [ RunTime:0.000000s ]
INFO: [ app_end ] --END-- [ RunTime:0.000000s ]

[ 2015-11-11T22:14:54+08:00 ] 127.0.0.1 /Goods/Category/ajaxGetAttr
INFO: [ app_begin ] --START--
INFO: Run Behavior\ReadHtmlCacheBehavior [ RunTime:0.000000s ]
INFO: [ app_begin ] --END-- [ RunTime:0.000000s ]
INFO: [ app_end ] --START--
INFO: Run Behavior\ShowPageTraceBehavior [ RunTime:0.000000s ]
INFO: [ app_end ] --END-- [ RunTime:0.000000s ]

[ 2015-11-11T22:14:56+08:00 ] 127.0.0.1 /Goods/Category/ajaxGetAttr
INFO: [ app_begin ] --START--
INFO: Run Behavior\ReadHtmlCacheBehavior [ RunTime:0.000000s ]
INFO: [ app_begin ] --END-- [ RunTime:0.000000s ]
INFO: [ app_end ] --START--
INFO: Run Behavior\ShowPageTraceBehavior [ RunTime:0.000000s ]
INFO: [ app_end ] --END-- [ RunTime:0.000000s ]

[ 2015-11-11T22:15:28+08:00 ] 127.0.0.1 /Goods/Category/ajaxGetAttr
INFO: [ app_begin ] --START--
INFO: Run Behavior\ReadHtmlCacheBehavior [ RunTime:0.000000s ]
INFO: [ app_begin ] --END-- [ RunTime:0.000000s ]
INFO: [ app_end ] --START--
INFO: Run Behavior\ShowPageTraceBehavior [ RunTime:0.000000s ]
INFO: [ app_end ] --END-- [ RunTime:0.000000s ]

[ 2015-11-11T22:16:00+08:00 ] 127.0.0.1 /Goods/Category/ajaxGetAttr
INFO: [ app_begin ] --START--
INFO: Run Behavior\ReadHtmlCacheBehavior [ RunTime:0.000000s ]
INFO: [ app_begin ] --END-- [ RunTime:0.000000s ]
SQL: SHOW COLUMNS FROM `sh_attribute` [ RunTime:0.0000s ]
SQL: SELECT `id`,`attr_values` FROM `sh_attribute` WHERE ( type_id=19 and attr_type='单选' )  [ RunTime:0.0000s ]
INFO: [ app_end ] --START--
INFO: Run Behavior\ShowPageTraceBehavior [ RunTime:0.000000s ]
INFO: [ app_end ] --END-- [ RunTime:0.000000s ]

[ 2015-11-11T22:16:40+08:00 ] 127.0.0.1 /Goods/Category/ajaxGetAttr
INFO: [ app_begin ] --START--
INFO: Run Behavior\ReadHtmlCacheBehavior [ RunTime:0.000000s ]
INFO: [ app_begin ] --END-- [ RunTime:0.000000s ]
SQL: SHOW COLUMNS FROM `sh_attribute` [ RunTime:0.0313s ]
SQL: SELECT `id`,`attr_values` FROM `sh_attribute` WHERE ( type_id=20 and attr_type='单选' )  [ RunTime:0.0000s ]
INFO: [ app_end ] --START--
INFO: Run Behavior\ShowPageTraceBehavior [ RunTime:0.000000s ]
INFO: [ app_end ] --END-- [ RunTime:0.000000s ]

[ 2015-11-11T22:17:07+08:00 ] 127.0.0.1 /Goods/Category/ajaxGetAttr
INFO: [ app_begin ] --START--
INFO: Run Behavior\ReadHtmlCacheBehavior [ RunTime:0.000000s ]
INFO: [ app_begin ] --END-- [ RunTime:0.000000s ]
SQL: SHOW COLUMNS FROM `sh_attribute` [ RunTime:0.0313s ]
SQL: SELECT `id`,`attr_values` FROM `sh_attribute` WHERE ( id=15 and attr_type='单选' )  [ RunTime:0.0000s ]
INFO: [ app_end ] --START--
INFO: Run Behavior\ShowPageTraceBehavior [ RunTime:0.015625s ]
INFO: [ app_end ] --END-- [ RunTime:0.015625s ]

[ 2015-11-11T22:17:16+08:00 ] 127.0.0.1 /Goods/Category/ajaxGetAttr
INFO: [ app_begin ] --START--
INFO: Run Behavior\ReadHtmlCacheBehavior [ RunTime:0.000000s ]
INFO: [ app_begin ] --END-- [ RunTime:0.015625s ]
SQL: SHOW COLUMNS FROM `sh_attribute` [ RunTime:0.0156s ]
SQL: SELECT `id`,`attr_values` FROM `sh_attribute` WHERE ( id=18 and attr_type='单选' )  [ RunTime:0.0000s ]
INFO: [ app_end ] --START--
INFO: Run Behavior\ShowPageTraceBehavior [ RunTime:0.000000s ]
INFO: [ app_end ] --END-- [ RunTime:0.000000s ]

[ 2015-11-11T22:17:20+08:00 ] 127.0.0.1 /Goods/Category/ajaxGetAttr
INFO: [ app_begin ] --START--
INFO: Run Behavior\ReadHtmlCacheBehavior [ RunTime:0.000000s ]
INFO: [ app_begin ] --END-- [ RunTime:0.000000s ]
SQL: SHOW COLUMNS FROM `sh_attribute` [ RunTime:0.0156s ]
SQL: SELECT `id`,`attr_values` FROM `sh_attribute` WHERE ( id=19 and attr_type='单选' )  [ RunTime:0.0000s ]
INFO: [ app_end ] --START--
INFO: Run Behavior\ShowPageTraceBehavior [ RunTime:0.000000s ]
INFO: [ app_end ] --END-- [ RunTime:0.000000s ]

[ 2015-11-11T22:17:28+08:00 ] 127.0.0.1 /Goods/Category/ajaxGetAttr
INFO: [ app_begin ] --START--
INFO: Run Behavior\ReadHtmlCacheBehavior [ RunTime:0.000000s ]
INFO: [ app_begin ] --END-- [ RunTime:0.000000s ]
SQL: SHOW COLUMNS FROM `sh_attribute` [ RunTime:0.0156s ]
SQL: SELECT `id`,`attr_values` FROM `sh_attribute` WHERE ( id=20 and attr_type='单选' )  [ RunTime:0.0000s ]
INFO: [ app_end ] --START--
INFO: Run Behavior\ShowPageTraceBehavior [ RunTime:0.000000s ]
INFO: [ app_end ] --END-- [ RunTime:0.000000s ]

