[ 2015-05-03T19:32:12+08:00 ] 127.0.0.1 /Gii/Index/index.html
INFO: [ app_init ] --START--
INFO: Run Behavior\BuildLiteBehavior [ RunTime:0.000042s ]
INFO: [ app_init ] --END-- [ RunTime:0.001238s ]
INFO: [ app_begin ] --START--
INFO: Run Behavior\ReadHtmlCacheBehavior [ RunTime:0.001685s ]
INFO: [ app_begin ] --END-- [ RunTime:0.002163s ]
INFO: [ view_parse ] --START--
INFO: [ template_filter ] --START--
INFO: Run Behavior\ContentReplaceBehavior [ RunTime:0.000141s ]
INFO: [ template_filter ] --END-- [ RunTime:0.000343s ]
INFO: Run Behavior\ParseTemplateBehavior [ RunTime:0.032512s ]
INFO: [ view_parse ] --END-- [ RunTime:0.032751s ]
INFO: [ view_filter ] --START--
INFO: Run Behavior\WriteHtmlCacheBehavior [ RunTime:0.001312s ]
INFO: [ view_filter ] --END-- [ RunTime:0.001495s ]
INFO: [ app_end ] --START--
INFO: Run Behavior\ShowPageTraceBehavior [ RunTime:0.002383s ]
INFO: [ app_end ] --END-- [ RunTime:0.002588s ]

[ 2015-05-03T19:32:32+08:00 ] 127.0.0.1 /Gii/Index/index.html
INFO: [ app_init ] --START--
INFO: Run Behavior\BuildLiteBehavior [ RunTime:0.000043s ]
INFO: [ app_init ] --END-- [ RunTime:0.001232s ]
INFO: [ app_begin ] --START--
INFO: Run Behavior\ReadHtmlCacheBehavior [ RunTime:0.001835s ]
INFO: [ app_begin ] --END-- [ RunTime:0.002018s ]
SQL: show tables [ RunTime:0.0725s ]
SQL: show full fields from sh_admin [ RunTime:0.0444s ]
INFO: [ view_parse ] --START--
INFO: [ template_filter ] --START--
INFO: Run Behavior\ContentReplaceBehavior [ RunTime:0.000232s ]
INFO: [ template_filter ] --END-- [ RunTime:0.000463s ]
INFO: Run Behavior\ParseTemplateBehavior [ RunTime:0.020490s ]
INFO: [ view_parse ] --END-- [ RunTime:0.020717s ]
INFO: [ view_filter ] --START--
INFO: Run Behavior\WriteHtmlCacheBehavior [ RunTime:0.000926s ]
INFO: [ view_filter ] --END-- [ RunTime:0.001095s ]

[ 2015-05-03T19:39:25+08:00 ] 127.0.0.1 /Gii/Index/index.html
INFO: [ app_init ] --START--
INFO: Run Behavior\BuildLiteBehavior [ RunTime:0.000046s ]
INFO: [ app_init ] --END-- [ RunTime:0.001469s ]
INFO: [ app_begin ] --START--
INFO: Run Behavior\ReadHtmlCacheBehavior [ RunTime:0.001961s ]
INFO: [ app_begin ] --END-- [ RunTime:0.002148s ]

[ 2015-05-03T19:40:19+08:00 ] 127.0.0.1 /Gii/Index/index.html
INFO: [ app_init ] --START--
INFO: Run Behavior\BuildLiteBehavior [ RunTime:0.000063s ]
INFO: [ app_init ] --END-- [ RunTime:0.001265s ]
INFO: [ app_begin ] --START--
INFO: Run Behavior\ReadHtmlCacheBehavior [ RunTime:0.001617s ]
INFO: [ app_begin ] --END-- [ RunTime:0.001798s ]
SQL: show tables [ RunTime:0.0011s ]
SQL: show full fields from sh_admin [ RunTime:0.0089s ]
INFO: [ view_parse ] --START--
INFO: [ template_filter ] --START--
INFO: Run Behavior\ContentReplaceBehavior [ RunTime:0.000077s ]
INFO: [ template_filter ] --END-- [ RunTime:0.000192s ]
INFO: Run Behavior\ParseTemplateBehavior [ RunTime:0.011311s ]
INFO: [ view_parse ] --END-- [ RunTime:0.011454s ]
INFO: [ view_filter ] --START--
INFO: Run Behavior\WriteHtmlCacheBehavior [ RunTime:0.000635s ]
INFO: [ view_filter ] --END-- [ RunTime:0.000729s ]

[ 2015-05-03T19:46:38+08:00 ] 127.0.0.1 /Gii/Index/index.html
INFO: [ app_init ] --START--
INFO: Run Behavior\BuildLiteBehavior [ RunTime:0.000048s ]
INFO: [ app_init ] --END-- [ RunTime:0.001590s ]
INFO: [ app_begin ] --START--
INFO: Run Behavior\ReadHtmlCacheBehavior [ RunTime:0.001995s ]
INFO: [ app_begin ] --END-- [ RunTime:0.002190s ]

[ 2015-05-03T19:50:26+08:00 ] 127.0.0.1 /Gii/Index/index.html
INFO: [ app_init ] --START--
INFO: Run Behavior\BuildLiteBehavior [ RunTime:0.000046s ]
INFO: [ app_init ] --END-- [ RunTime:0.001575s ]
INFO: [ app_begin ] --START--
INFO: Run Behavior\ReadHtmlCacheBehavior [ RunTime:0.002108s ]
INFO: [ app_begin ] --END-- [ RunTime:0.002310s ]
SQL: show tables [ RunTime:0.0011s ]
SQL: show full fields from sh_admin [ RunTime:0.0089s ]
INFO: [ view_parse ] --START--
INFO: [ template_filter ] --START--
INFO: Run Behavior\ContentReplaceBehavior [ RunTime:0.000086s ]
INFO: [ template_filter ] --END-- [ RunTime:0.000245s ]
INFO: Run Behavior\ParseTemplateBehavior [ RunTime:0.014202s ]
INFO: [ view_parse ] --END-- [ RunTime:0.014346s ]
INFO: [ view_filter ] --START--
INFO: Run Behavior\WriteHtmlCacheBehavior [ RunTime:0.000644s ]
INFO: [ view_filter ] --END-- [ RunTime:0.000737s ]

[ 2015-05-03T19:51:07+08:00 ] 127.0.0.1 /Gii/Index/index.html
INFO: [ app_init ] --START--
INFO: Run Behavior\BuildLiteBehavior [ RunTime:0.000045s ]
INFO: [ app_init ] --END-- [ RunTime:0.001270s ]
INFO: [ app_begin ] --START--
INFO: Run Behavior\ReadHtmlCacheBehavior [ RunTime:0.001696s ]
INFO: [ app_begin ] --END-- [ RunTime:0.001879s ]
SQL: show tables [ RunTime:0.0010s ]
SQL: show full fields from sh_admin [ RunTime:0.0125s ]
INFO: [ view_parse ] --START--
INFO: [ template_filter ] --START--
INFO: Run Behavior\ContentReplaceBehavior [ RunTime:0.000136s ]
INFO: [ template_filter ] --END-- [ RunTime:0.000334s ]
INFO: Run Behavior\ParseTemplateBehavior [ RunTime:0.021268s ]
INFO: [ view_parse ] --END-- [ RunTime:0.021502s ]
INFO: [ view_filter ] --START--
INFO: Run Behavior\WriteHtmlCacheBehavior [ RunTime:0.000958s ]
INFO: [ view_filter ] --END-- [ RunTime:0.001129s ]

[ 2015-05-03T19:51:59+08:00 ] 127.0.0.1 /Gii/Index/index.html
INFO: [ app_init ] --START--
INFO: Run Behavior\BuildLiteBehavior [ RunTime:0.000042s ]
INFO: [ app_init ] --END-- [ RunTime:0.001214s ]
INFO: [ app_begin ] --START--
INFO: Run Behavior\ReadHtmlCacheBehavior [ RunTime:0.001600s ]
INFO: [ app_begin ] --END-- [ RunTime:0.001782s ]
NOTIC: [2] mkdir() [<a href='function.mkdir'>function.mkdir</a>]: File exists D:\wamp\www\xm\Application\Gii\Model\GiiModel.class.php 第 23 行.
NOTIC: [2] mkdir() [<a href='function.mkdir'>function.mkdir</a>]: File exists D:\wamp\www\xm\Application\Gii\Model\GiiModel.class.php 第 24 行.
NOTIC: [2] mkdir() [<a href='function.mkdir'>function.mkdir</a>]: File exists D:\wamp\www\xm\Application\Gii\Model\GiiModel.class.php 第 25 行.
NOTIC: [2] mkdir() [<a href='function.mkdir'>function.mkdir</a>]: File exists D:\wamp\www\xm\Application\Gii\Model\GiiModel.class.php 第 26 行.
SQL: show tables [ RunTime:0.0010s ]
SQL: show full fields from sh_admin [ RunTime:0.0100s ]

[ 2015-05-03T19:59:21+08:00 ] 127.0.0.1 /Gii/Index/index.html
INFO: [ app_init ] --START--
INFO: Run Behavior\BuildLiteBehavior [ RunTime:0.000045s ]
INFO: [ app_init ] --END-- [ RunTime:0.001388s ]
INFO: [ app_begin ] --START--
INFO: Run Behavior\ReadHtmlCacheBehavior [ RunTime:0.002279s ]
INFO: [ app_begin ] --END-- [ RunTime:0.002480s ]
SQL: show tables [ RunTime:0.0007s ]
SQL: select table_name,TABLE_COMMENT from INFORMATION_SCHEMA.TABLES where table_schema ='shop2' AND table_name LIKE 'sh_admin' [ RunTime:0.0667s ]

[ 2015-05-03T20:00:38+08:00 ] 127.0.0.1 /Gii/Index/index.html
INFO: [ app_init ] --START--
INFO: Run Behavior\BuildLiteBehavior [ RunTime:0.000025s ]
INFO: [ app_init ] --END-- [ RunTime:0.000687s ]
INFO: [ app_begin ] --START--
INFO: Run Behavior\ReadHtmlCacheBehavior [ RunTime:0.000894s ]
INFO: [ app_begin ] --END-- [ RunTime:0.000995s ]
NOTIC: [2] mkdir() [<a href='function.mkdir'>function.mkdir</a>]: File exists D:\wamp\www\xm\Application\Gii\Model\GiiModel.class.php 第 23 行.
NOTIC: [2] mkdir() [<a href='function.mkdir'>function.mkdir</a>]: File exists D:\wamp\www\xm\Application\Gii\Model\GiiModel.class.php 第 24 行.
NOTIC: [2] mkdir() [<a href='function.mkdir'>function.mkdir</a>]: File exists D:\wamp\www\xm\Application\Gii\Model\GiiModel.class.php 第 25 行.
NOTIC: [2] mkdir() [<a href='function.mkdir'>function.mkdir</a>]: File exists D:\wamp\www\xm\Application\Gii\Model\GiiModel.class.php 第 26 行.
SQL: show tables [ RunTime:0.0006s ]
ERR: SQLSTATE[42000]: Syntax error or access violation: 1064 You have an error in your SQL syntax; check the manual that corresponds to your MySQL server version for the right syntax to use near ''sh_admin'' at line 1

[ 2015-05-03T20:01:53+08:00 ] 127.0.0.1 /Gii/Index/index.html
INFO: [ app_init ] --START--
INFO: Run Behavior\BuildLiteBehavior [ RunTime:0.000026s ]
INFO: [ app_init ] --END-- [ RunTime:0.000773s ]
INFO: [ app_begin ] --START--
INFO: Run Behavior\ReadHtmlCacheBehavior [ RunTime:0.001117s ]
INFO: [ app_begin ] --END-- [ RunTime:0.001226s ]
NOTIC: [2] mkdir() [<a href='function.mkdir'>function.mkdir</a>]: File exists D:\wamp\www\xm\Application\Gii\Model\GiiModel.class.php 第 23 行.
NOTIC: [2] mkdir() [<a href='function.mkdir'>function.mkdir</a>]: File exists D:\wamp\www\xm\Application\Gii\Model\GiiModel.class.php 第 24 行.
NOTIC: [2] mkdir() [<a href='function.mkdir'>function.mkdir</a>]: File exists D:\wamp\www\xm\Application\Gii\Model\GiiModel.class.php 第 25 行.
NOTIC: [2] mkdir() [<a href='function.mkdir'>function.mkdir</a>]: File exists D:\wamp\www\xm\Application\Gii\Model\GiiModel.class.php 第 26 行.
SQL: show tables [ RunTime:0.0006s ]
ERR: SQLSTATE[42000]: Syntax error or access violation: 1064 You have an error in your SQL syntax; check the manual that corresponds to your MySQL server version for the right syntax to use near 'table_comment from sh_admin' at line 1

[ 2015-05-03T20:03:03+08:00 ] 127.0.0.1 /Gii/Index/index.html
INFO: [ app_init ] --START--
INFO: Run Behavior\BuildLiteBehavior [ RunTime:0.000026s ]
INFO: [ app_init ] --END-- [ RunTime:0.000700s ]
INFO: [ app_begin ] --START--
INFO: Run Behavior\ReadHtmlCacheBehavior [ RunTime:0.000907s ]
INFO: [ app_begin ] --END-- [ RunTime:0.001010s ]
NOTIC: [2] mkdir() [<a href='function.mkdir'>function.mkdir</a>]: File exists D:\wamp\www\xm\Application\Gii\Model\GiiModel.class.php 第 23 行.
NOTIC: [2] mkdir() [<a href='function.mkdir'>function.mkdir</a>]: File exists D:\wamp\www\xm\Application\Gii\Model\GiiModel.class.php 第 24 行.
NOTIC: [2] mkdir() [<a href='function.mkdir'>function.mkdir</a>]: File exists D:\wamp\www\xm\Application\Gii\Model\GiiModel.class.php 第 25 行.
NOTIC: [2] mkdir() [<a href='function.mkdir'>function.mkdir</a>]: File exists D:\wamp\www\xm\Application\Gii\Model\GiiModel.class.php 第 26 行.
SQL: show tables [ RunTime:0.0006s ]
SQL: show create table sh_admin [ RunTime:0.0015s ]

[ 2015-05-03T20:09:16+08:00 ] 127.0.0.1 /Gii/Index/index.html
INFO: [ app_init ] --START--
INFO: Run Behavior\BuildLiteBehavior [ RunTime:0.000043s ]
INFO: [ app_init ] --END-- [ RunTime:0.001351s ]
INFO: [ app_begin ] --START--
INFO: Run Behavior\ReadHtmlCacheBehavior [ RunTime:0.001902s ]
INFO: [ app_begin ] --END-- [ RunTime:0.002087s ]

[ 2015-05-03T20:09:50+08:00 ] 127.0.0.1 /Gii/Index/index.html
INFO: [ app_init ] --START--
INFO: Run Behavior\BuildLiteBehavior [ RunTime:0.000026s ]
INFO: [ app_init ] --END-- [ RunTime:0.000766s ]
INFO: [ app_begin ] --START--
INFO: Run Behavior\ReadHtmlCacheBehavior [ RunTime:0.000957s ]
INFO: [ app_begin ] --END-- [ RunTime:0.001065s ]

[ 2015-05-03T20:09:54+08:00 ] 127.0.0.1 /Gii/Index/index.html
INFO: [ app_init ] --START--
INFO: Run Behavior\BuildLiteBehavior [ RunTime:0.000030s ]
INFO: [ app_init ] --END-- [ RunTime:0.001030s ]
INFO: [ app_begin ] --START--
INFO: Run Behavior\ReadHtmlCacheBehavior [ RunTime:0.001255s ]
INFO: [ app_begin ] --END-- [ RunTime:0.001382s ]

[ 2015-05-03T20:10:19+08:00 ] 127.0.0.1 /Gii/Index/index.html
INFO: [ app_init ] --START--
INFO: Run Behavior\BuildLiteBehavior [ RunTime:0.000029s ]
INFO: [ app_init ] --END-- [ RunTime:0.000814s ]
INFO: [ app_begin ] --START--
INFO: Run Behavior\ReadHtmlCacheBehavior [ RunTime:0.001014s ]
INFO: [ app_begin ] --END-- [ RunTime:0.001128s ]
NOTIC: [2] mkdir() [<a href='function.mkdir'>function.mkdir</a>]: File exists D:\wamp\www\xm\Application\Gii\Model\GiiModel.class.php 第 23 行.
NOTIC: [2] mkdir() [<a href='function.mkdir'>function.mkdir</a>]: File exists D:\wamp\www\xm\Application\Gii\Model\GiiModel.class.php 第 24 行.
NOTIC: [2] mkdir() [<a href='function.mkdir'>function.mkdir</a>]: File exists D:\wamp\www\xm\Application\Gii\Model\GiiModel.class.php 第 25 行.
NOTIC: [2] mkdir() [<a href='function.mkdir'>function.mkdir</a>]: File exists D:\wamp\www\xm\Application\Gii\Model\GiiModel.class.php 第 26 行.
SQL: show tables [ RunTime:0.0007s ]
SQL: select table_name,TABLE_COMMENT from INFORMATION_SCHEMA.TABLES where table_schema ='shop' AND table_name LIKE 'sh_admin' [ RunTime:0.0007s ]

[ 2015-05-03T20:10:48+08:00 ] 127.0.0.1 /Gii/Index/index.html
INFO: [ app_init ] --START--
INFO: Run Behavior\BuildLiteBehavior [ RunTime:0.000025s ]
INFO: [ app_init ] --END-- [ RunTime:0.000699s ]
INFO: [ app_begin ] --START--
INFO: Run Behavior\ReadHtmlCacheBehavior [ RunTime:0.000963s ]
INFO: [ app_begin ] --END-- [ RunTime:0.001065s ]
NOTIC: [2] mkdir() [<a href='function.mkdir'>function.mkdir</a>]: File exists D:\wamp\www\xm\Application\Gii\Model\GiiModel.class.php 第 23 行.
NOTIC: [2] mkdir() [<a href='function.mkdir'>function.mkdir</a>]: File exists D:\wamp\www\xm\Application\Gii\Model\GiiModel.class.php 第 24 行.
NOTIC: [2] mkdir() [<a href='function.mkdir'>function.mkdir</a>]: File exists D:\wamp\www\xm\Application\Gii\Model\GiiModel.class.php 第 25 行.
NOTIC: [2] mkdir() [<a href='function.mkdir'>function.mkdir</a>]: File exists D:\wamp\www\xm\Application\Gii\Model\GiiModel.class.php 第 26 行.
SQL: show tables [ RunTime:0.0007s ]
SQL: select * from INFORMATION_SCHEMA.TABLES where table_schema ='shop' AND table_name LIKE 'sh_admin' [ RunTime:0.0008s ]

[ 2015-05-03T20:12:29+08:00 ] 127.0.0.1 /Gii/Index/index.html
INFO: [ app_init ] --START--
INFO: Run Behavior\BuildLiteBehavior [ RunTime:0.000027s ]
INFO: [ app_init ] --END-- [ RunTime:0.000747s ]
INFO: [ app_begin ] --START--
INFO: Run Behavior\ReadHtmlCacheBehavior [ RunTime:0.001120s ]
INFO: [ app_begin ] --END-- [ RunTime:0.001227s ]
NOTIC: [2] mkdir() [<a href='function.mkdir'>function.mkdir</a>]: File exists D:\wamp\www\xm\Application\Gii\Model\GiiModel.class.php 第 23 行.
NOTIC: [2] mkdir() [<a href='function.mkdir'>function.mkdir</a>]: File exists D:\wamp\www\xm\Application\Gii\Model\GiiModel.class.php 第 24 行.
NOTIC: [2] mkdir() [<a href='function.mkdir'>function.mkdir</a>]: File exists D:\wamp\www\xm\Application\Gii\Model\GiiModel.class.php 第 25 行.
NOTIC: [2] mkdir() [<a href='function.mkdir'>function.mkdir</a>]: File exists D:\wamp\www\xm\Application\Gii\Model\GiiModel.class.php 第 26 行.
SQL: show tables [ RunTime:0.0007s ]
SQL: select * from INFORMATION_SCHEMA.TABLES where  table_name LIKE 'sh_admin' [ RunTime:0.1111s ]

[ 2015-05-03T20:17:05+08:00 ] 127.0.0.1 /Gii/Index/index.html
INFO: [ app_init ] --START--
INFO: Run Behavior\BuildLiteBehavior [ RunTime:0.000037s ]
INFO: [ app_init ] --END-- [ RunTime:0.001493s ]
INFO: [ app_begin ] --START--
INFO: Run Behavior\ReadHtmlCacheBehavior [ RunTime:0.003672s ]
INFO: [ app_begin ] --END-- [ RunTime:0.003880s ]
NOTIC: [2] mkdir() [<a href='function.mkdir'>function.mkdir</a>]: File exists D:\wamp\www\xm\Application\Gii\Model\GiiModel.class.php 第 23 行.
NOTIC: [2] mkdir() [<a href='function.mkdir'>function.mkdir</a>]: File exists D:\wamp\www\xm\Application\Gii\Model\GiiModel.class.php 第 24 行.
NOTIC: [2] mkdir() [<a href='function.mkdir'>function.mkdir</a>]: File exists D:\wamp\www\xm\Application\Gii\Model\GiiModel.class.php 第 25 行.
NOTIC: [2] mkdir() [<a href='function.mkdir'>function.mkdir</a>]: File exists D:\wamp\www\xm\Application\Gii\Model\GiiModel.class.php 第 26 行.
SQL: show tables [ RunTime:0.0011s ]
ERR: SQLSTATE[42S02]: Base table or view not found: 1146 Table 'shop.communication_sh_admin' doesn't exist

[ 2015-05-03T20:17:14+08:00 ] 127.0.0.1 /Gii/Index/index.html
INFO: [ app_init ] --START--
INFO: Run Behavior\BuildLiteBehavior [ RunTime:0.000058s ]
INFO: [ app_init ] --END-- [ RunTime:0.003631s ]
INFO: [ app_begin ] --START--
INFO: Run Behavior\ReadHtmlCacheBehavior [ RunTime:0.002683s ]
INFO: [ app_begin ] --END-- [ RunTime:0.002893s ]
NOTIC: [2] mkdir() [<a href='function.mkdir'>function.mkdir</a>]: File exists D:\wamp\www\xm\Application\Gii\Model\GiiModel.class.php 第 23 行.
NOTIC: [2] mkdir() [<a href='function.mkdir'>function.mkdir</a>]: File exists D:\wamp\www\xm\Application\Gii\Model\GiiModel.class.php 第 24 行.
NOTIC: [2] mkdir() [<a href='function.mkdir'>function.mkdir</a>]: File exists D:\wamp\www\xm\Application\Gii\Model\GiiModel.class.php 第 25 行.
NOTIC: [2] mkdir() [<a href='function.mkdir'>function.mkdir</a>]: File exists D:\wamp\www\xm\Application\Gii\Model\GiiModel.class.php 第 26 行.
SQL: show tables [ RunTime:0.0007s ]
ERR: SQLSTATE[42S02]: Base table or view not found: 1146 Table 'shop.communication_admin' doesn't exist

[ 2015-05-03T20:20:08+08:00 ] 127.0.0.1 /Gii/Index/index.html
INFO: [ app_init ] --START--
INFO: Run Behavior\BuildLiteBehavior [ RunTime:0.000048s ]
INFO: [ app_init ] --END-- [ RunTime:0.001708s ]
INFO: [ app_begin ] --START--
INFO: Run Behavior\ReadHtmlCacheBehavior [ RunTime:0.003994s ]
INFO: [ app_begin ] --END-- [ RunTime:0.004182s ]
NOTIC: [2] mkdir() [<a href='function.mkdir'>function.mkdir</a>]: File exists D:\wamp\www\xm\Application\Gii\Model\GiiModel.class.php 第 23 行.
NOTIC: [2] mkdir() [<a href='function.mkdir'>function.mkdir</a>]: File exists D:\wamp\www\xm\Application\Gii\Model\GiiModel.class.php 第 24 行.
NOTIC: [2] mkdir() [<a href='function.mkdir'>function.mkdir</a>]: File exists D:\wamp\www\xm\Application\Gii\Model\GiiModel.class.php 第 25 行.
NOTIC: [2] mkdir() [<a href='function.mkdir'>function.mkdir</a>]: File exists D:\wamp\www\xm\Application\Gii\Model\GiiModel.class.php 第 26 行.
SQL: show tables [ RunTime:0.0006s ]
SQL: show table status like 'sh_admin' [ RunTime:0.0186s ]
NOTIC: [8] Undefined index: key D:\wamp\www\xm\Application\Gii\Template\Model.php 第 8 行.
NOTIC: [8] Undefined index: null D:\wamp\www\xm\Application\Gii\Template\Model.php 第 10 行.
NOTIC: [8] Undefined index: key D:\wamp\www\xm\Application\Gii\Template\Model.php 第 16 行.
INFO: [ view_parse ] --START--
INFO: [ template_filter ] --START--
INFO: Run Behavior\ContentReplaceBehavior [ RunTime:0.000086s ]
INFO: [ template_filter ] --END-- [ RunTime:0.000274s ]
INFO: Run Behavior\ParseTemplateBehavior [ RunTime:0.061117s ]
INFO: [ view_parse ] --END-- [ RunTime:0.061259s ]
INFO: [ view_filter ] --START--
INFO: Run Behavior\WriteHtmlCacheBehavior [ RunTime:0.018271s ]
INFO: [ view_filter ] --END-- [ RunTime:0.018413s ]

[ 2015-05-03T20:20:20+08:00 ] 127.0.0.1 /Gii/Index/index.html
INFO: [ app_init ] --START--
INFO: Run Behavior\BuildLiteBehavior [ RunTime:0.000033s ]
INFO: [ app_init ] --END-- [ RunTime:0.000934s ]
INFO: [ app_begin ] --START--
INFO: Run Behavior\ReadHtmlCacheBehavior [ RunTime:0.001577s ]
INFO: [ app_begin ] --END-- [ RunTime:0.001756s ]
SQL: show tables [ RunTime:0.0009s ]
SQL: show table status like 'sh_admin' [ RunTime:0.0010s ]

[ 2015-05-03T20:23:28+08:00 ] 127.0.0.1 /Gii/Index/index.html
INFO: [ app_init ] --START--
INFO: Run Behavior\BuildLiteBehavior [ RunTime:0.000030s ]
INFO: [ app_init ] --END-- [ RunTime:0.001906s ]
INFO: [ app_begin ] --START--
INFO: Run Behavior\ReadHtmlCacheBehavior [ RunTime:0.003155s ]
INFO: [ app_begin ] --END-- [ RunTime:0.003315s ]
NOTIC: [2] mkdir() [<a href='function.mkdir'>function.mkdir</a>]: File exists D:\wamp\www\xm\Application\Gii\Model\GiiModel.class.php 第 23 行.
NOTIC: [2] mkdir() [<a href='function.mkdir'>function.mkdir</a>]: File exists D:\wamp\www\xm\Application\Gii\Model\GiiModel.class.php 第 24 行.
NOTIC: [2] mkdir() [<a href='function.mkdir'>function.mkdir</a>]: File exists D:\wamp\www\xm\Application\Gii\Model\GiiModel.class.php 第 25 行.
NOTIC: [2] mkdir() [<a href='function.mkdir'>function.mkdir</a>]: File exists D:\wamp\www\xm\Application\Gii\Model\GiiModel.class.php 第 26 行.
SQL: show tables [ RunTime:0.1237s ]
ERR: SQLSTATE[42000]: Syntax error or access violation: 1064 You have an error in your SQL syntax; check the manual that corresponds to your MySQL server version for the right syntax to use near 'full fields like 'sh_admin'' at line 1

[ 2015-05-03T20:23:50+08:00 ] 127.0.0.1 /Gii/Index/index.html
INFO: [ app_init ] --START--
INFO: Run Behavior\BuildLiteBehavior [ RunTime:0.000034s ]
INFO: [ app_init ] --END-- [ RunTime:0.001405s ]
INFO: [ app_begin ] --START--
INFO: Run Behavior\ReadHtmlCacheBehavior [ RunTime:0.001129s ]
INFO: [ app_begin ] --END-- [ RunTime:0.001250s ]
NOTIC: [2] mkdir() [<a href='function.mkdir'>function.mkdir</a>]: File exists D:\wamp\www\xm\Application\Gii\Model\GiiModel.class.php 第 23 行.
NOTIC: [2] mkdir() [<a href='function.mkdir'>function.mkdir</a>]: File exists D:\wamp\www\xm\Application\Gii\Model\GiiModel.class.php 第 24 行.
NOTIC: [2] mkdir() [<a href='function.mkdir'>function.mkdir</a>]: File exists D:\wamp\www\xm\Application\Gii\Model\GiiModel.class.php 第 25 行.
NOTIC: [2] mkdir() [<a href='function.mkdir'>function.mkdir</a>]: File exists D:\wamp\www\xm\Application\Gii\Model\GiiModel.class.php 第 26 行.
SQL: show tables [ RunTime:0.0007s ]
ERR: SQLSTATE[42000]: Syntax error or access violation: 1064 You have an error in your SQL syntax; check the manual that corresponds to your MySQL server version for the right syntax to use near 'full fields from 'sh_admin'' at line 1

[ 2015-05-03T20:24:00+08:00 ] 127.0.0.1 /Gii/Index/index.html
INFO: [ app_init ] --START--
INFO: Run Behavior\BuildLiteBehavior [ RunTime:0.000034s ]
INFO: [ app_init ] --END-- [ RunTime:0.002813s ]
INFO: [ app_begin ] --START--
INFO: Run Behavior\ReadHtmlCacheBehavior [ RunTime:0.001683s ]
INFO: [ app_begin ] --END-- [ RunTime:0.001823s ]
NOTIC: [2] mkdir() [<a href='function.mkdir'>function.mkdir</a>]: File exists D:\wamp\www\xm\Application\Gii\Model\GiiModel.class.php 第 23 行.
NOTIC: [2] mkdir() [<a href='function.mkdir'>function.mkdir</a>]: File exists D:\wamp\www\xm\Application\Gii\Model\GiiModel.class.php 第 24 行.
NOTIC: [2] mkdir() [<a href='function.mkdir'>function.mkdir</a>]: File exists D:\wamp\www\xm\Application\Gii\Model\GiiModel.class.php 第 25 行.
NOTIC: [2] mkdir() [<a href='function.mkdir'>function.mkdir</a>]: File exists D:\wamp\www\xm\Application\Gii\Model\GiiModel.class.php 第 26 行.
SQL: show tables [ RunTime:0.0008s ]
SQL: show table status like 'sh_admin' [ RunTime:0.0008s ]

[ 2015-05-03T20:28:25+08:00 ] 127.0.0.1 /Gii/Index/index.html
INFO: [ app_init ] --START--
INFO: Run Behavior\BuildLiteBehavior [ RunTime:0.000032s ]
INFO: [ app_init ] --END-- [ RunTime:0.001481s ]
INFO: [ app_begin ] --START--
INFO: Run Behavior\ReadHtmlCacheBehavior [ RunTime:0.001308s ]
INFO: [ app_begin ] --END-- [ RunTime:0.001449s ]
NOTIC: [2] mkdir() [<a href='function.mkdir'>function.mkdir</a>]: File exists D:\wamp\www\xm\Application\Gii\Model\GiiModel.class.php 第 23 行.
NOTIC: [2] mkdir() [<a href='function.mkdir'>function.mkdir</a>]: File exists D:\wamp\www\xm\Application\Gii\Model\GiiModel.class.php 第 24 行.
NOTIC: [2] mkdir() [<a href='function.mkdir'>function.mkdir</a>]: File exists D:\wamp\www\xm\Application\Gii\Model\GiiModel.class.php 第 25 行.
NOTIC: [2] mkdir() [<a href='function.mkdir'>function.mkdir</a>]: File exists D:\wamp\www\xm\Application\Gii\Model\GiiModel.class.php 第 26 行.
SQL: show tables [ RunTime:0.0008s ]
ERR: SQLSTATE[42000]: Syntax error or access violation: 1064 You have an error in your SQL syntax; check the manual that corresponds to your MySQL server version for the right syntax to use near ''sh_admin'' at line 1

[ 2015-05-03T20:29:22+08:00 ] 127.0.0.1 /Gii/Index/index.html
INFO: [ app_init ] --START--
INFO: Run Behavior\BuildLiteBehavior [ RunTime:0.000034s ]
INFO: [ app_init ] --END-- [ RunTime:0.003138s ]
INFO: [ app_begin ] --START--
INFO: Run Behavior\ReadHtmlCacheBehavior [ RunTime:0.001246s ]
INFO: [ app_begin ] --END-- [ RunTime:0.001368s ]
NOTIC: [2] mkdir() [<a href='function.mkdir'>function.mkdir</a>]: File exists D:\wamp\www\xm\Application\Gii\Model\GiiModel.class.php 第 23 行.
NOTIC: [2] mkdir() [<a href='function.mkdir'>function.mkdir</a>]: File exists D:\wamp\www\xm\Application\Gii\Model\GiiModel.class.php 第 24 行.
NOTIC: [2] mkdir() [<a href='function.mkdir'>function.mkdir</a>]: File exists D:\wamp\www\xm\Application\Gii\Model\GiiModel.class.php 第 25 行.
NOTIC: [2] mkdir() [<a href='function.mkdir'>function.mkdir</a>]: File exists D:\wamp\www\xm\Application\Gii\Model\GiiModel.class.php 第 26 行.
SQL: show tables [ RunTime:0.0008s ]
SQL: show full fields from sh_admin [ RunTime:0.0294s ]
SQL: show table status like 'sh_admin' [ RunTime:0.0008s ]

[ 2015-05-03T20:40:39+08:00 ] 127.0.0.1 /Gii/Index/index.html
INFO: [ app_init ] --START--
INFO: Run Behavior\BuildLiteBehavior [ RunTime:0.000062s ]
INFO: [ app_init ] --END-- [ RunTime:0.093551s ]
INFO: [ app_begin ] --START--
INFO: Run Behavior\ReadHtmlCacheBehavior [ RunTime:0.011697s ]
INFO: [ app_begin ] --END-- [ RunTime:0.012293s ]
NOTIC: [2] mkdir() [<a href='function.mkdir'>function.mkdir</a>]: File exists D:\wamp\www\xm\Application\Gii\Model\GiiModel.class.php 第 23 行.
NOTIC: [2] mkdir() [<a href='function.mkdir'>function.mkdir</a>]: File exists D:\wamp\www\xm\Application\Gii\Model\GiiModel.class.php 第 24 行.
NOTIC: [2] mkdir() [<a href='function.mkdir'>function.mkdir</a>]: File exists D:\wamp\www\xm\Application\Gii\Model\GiiModel.class.php 第 25 行.
NOTIC: [2] mkdir() [<a href='function.mkdir'>function.mkdir</a>]: File exists D:\wamp\www\xm\Application\Gii\Model\GiiModel.class.php 第 26 行.
SQL: show tables [ RunTime:0.3262s ]
SQL: show full fields from sh_admin [ RunTime:0.2895s ]
ERR: SQLSTATE[42000]: Syntax error or access violation: 1049 Unknown database 'sh_admin'

[ 2015-05-03T20:41:57+08:00 ] 127.0.0.1 /Gii/Index/index.html
INFO: [ app_init ] --START--
INFO: Run Behavior\BuildLiteBehavior [ RunTime:0.000034s ]
INFO: [ app_init ] --END-- [ RunTime:0.003553s ]
INFO: [ app_begin ] --START--
INFO: Run Behavior\ReadHtmlCacheBehavior [ RunTime:0.001938s ]
INFO: [ app_begin ] --END-- [ RunTime:0.002072s ]
NOTIC: [2] mkdir() [<a href='function.mkdir'>function.mkdir</a>]: File exists D:\wamp\www\xm\Application\Gii\Model\GiiModel.class.php 第 23 行.
NOTIC: [2] mkdir() [<a href='function.mkdir'>function.mkdir</a>]: File exists D:\wamp\www\xm\Application\Gii\Model\GiiModel.class.php 第 24 行.
NOTIC: [2] mkdir() [<a href='function.mkdir'>function.mkdir</a>]: File exists D:\wamp\www\xm\Application\Gii\Model\GiiModel.class.php 第 25 行.
NOTIC: [2] mkdir() [<a href='function.mkdir'>function.mkdir</a>]: File exists D:\wamp\www\xm\Application\Gii\Model\GiiModel.class.php 第 26 行.
SQL: show tables [ RunTime:0.0006s ]
SQL: show full fields from sh_admin [ RunTime:0.0063s ]
SQL: show table status from shop where name='sh_admin' [ RunTime:0.0466s ]

[ 2015-05-03T20:42:35+08:00 ] 127.0.0.1 /Gii/Index/index.html
INFO: [ app_init ] --START--
INFO: Run Behavior\BuildLiteBehavior [ RunTime:0.000026s ]
INFO: [ app_init ] --END-- [ RunTime:0.000717s ]
INFO: [ app_begin ] --START--
INFO: Run Behavior\ReadHtmlCacheBehavior [ RunTime:0.000949s ]
INFO: [ app_begin ] --END-- [ RunTime:0.001118s ]
NOTIC: [2] mkdir() [<a href='function.mkdir'>function.mkdir</a>]: File exists D:\wamp\www\xm\Application\Gii\Model\GiiModel.class.php 第 23 行.
NOTIC: [2] mkdir() [<a href='function.mkdir'>function.mkdir</a>]: File exists D:\wamp\www\xm\Application\Gii\Model\GiiModel.class.php 第 24 行.
NOTIC: [2] mkdir() [<a href='function.mkdir'>function.mkdir</a>]: File exists D:\wamp\www\xm\Application\Gii\Model\GiiModel.class.php 第 25 行.
NOTIC: [2] mkdir() [<a href='function.mkdir'>function.mkdir</a>]: File exists D:\wamp\www\xm\Application\Gii\Model\GiiModel.class.php 第 26 行.
SQL: show tables [ RunTime:0.0006s ]
SQL: show full fields from sh_admin [ RunTime:0.0129s ]
ERR: SQLSTATE[42S22]: Column not found: 1054 Unknown column 'sh_admin' in 'where clause'

[ 2015-05-03T20:44:09+08:00 ] 127.0.0.1 /Gii/Index/index.html
INFO: [ app_init ] --START--
INFO: Run Behavior\BuildLiteBehavior [ RunTime:0.000026s ]
INFO: [ app_init ] --END-- [ RunTime:0.000782s ]
INFO: [ app_begin ] --START--
INFO: Run Behavior\ReadHtmlCacheBehavior [ RunTime:0.001088s ]
INFO: [ app_begin ] --END-- [ RunTime:0.001196s ]
NOTIC: [2] mkdir() [<a href='function.mkdir'>function.mkdir</a>]: File exists D:\wamp\www\xm\Application\Gii\Model\GiiModel.class.php 第 23 行.
NOTIC: [2] mkdir() [<a href='function.mkdir'>function.mkdir</a>]: File exists D:\wamp\www\xm\Application\Gii\Model\GiiModel.class.php 第 24 行.
NOTIC: [2] mkdir() [<a href='function.mkdir'>function.mkdir</a>]: File exists D:\wamp\www\xm\Application\Gii\Model\GiiModel.class.php 第 25 行.
NOTIC: [2] mkdir() [<a href='function.mkdir'>function.mkdir</a>]: File exists D:\wamp\www\xm\Application\Gii\Model\GiiModel.class.php 第 26 行.
SQL: show tables [ RunTime:0.0007s ]
SQL: show full fields from sh_admin [ RunTime:0.0068s ]
SQL: show table status from shop where name='sh_admin' [ RunTime:0.0015s ]

[ 2015-05-03T20:45:11+08:00 ] 127.0.0.1 /Gii/Index/index.html
INFO: [ app_init ] --START--
INFO: Run Behavior\BuildLiteBehavior [ RunTime:0.000056s ]
INFO: [ app_init ] --END-- [ RunTime:0.003246s ]
INFO: [ app_begin ] --START--
INFO: Run Behavior\ReadHtmlCacheBehavior [ RunTime:0.002488s ]
INFO: [ app_begin ] --END-- [ RunTime:0.002706s ]
SQL: show tables [ RunTime:0.0007s ]
SQL: show full fields from sh_admin [ RunTime:0.0056s ]
SQL: show table status from shop where name='sh_admin' [ RunTime:0.0010s ]
INFO: [ view_parse ] --START--
INFO: [ template_filter ] --START--
INFO: Run Behavior\ContentReplaceBehavior [ RunTime:0.000085s ]
INFO: [ template_filter ] --END-- [ RunTime:0.000203s ]
INFO: Run Behavior\ParseTemplateBehavior [ RunTime:0.149907s ]
INFO: [ view_parse ] --END-- [ RunTime:0.150058s ]
INFO: [ view_filter ] --START--
INFO: Run Behavior\WriteHtmlCacheBehavior [ RunTime:0.022860s ]
INFO: [ view_filter ] --END-- [ RunTime:0.023036s ]

[ 2015-05-03T20:56:54+08:00 ] 127.0.0.1 /Gii/Index/index.html
INFO: [ app_init ] --START--
INFO: Run Behavior\BuildLiteBehavior [ RunTime:0.000048s ]
INFO: [ app_init ] --END-- [ RunTime:0.002241s ]
INFO: [ app_begin ] --START--
INFO: Run Behavior\ReadHtmlCacheBehavior [ RunTime:0.004801s ]
INFO: [ app_begin ] --END-- [ RunTime:0.005163s ]
NOTIC: [2] mkdir() [<a href='function.mkdir'>function.mkdir</a>]: File exists D:\wamp\www\xm\Application\Gii\Model\GiiModel.class.php 第 23 行.
NOTIC: [2] mkdir() [<a href='function.mkdir'>function.mkdir</a>]: File exists D:\wamp\www\xm\Application\Gii\Model\GiiModel.class.php 第 24 行.
NOTIC: [2] mkdir() [<a href='function.mkdir'>function.mkdir</a>]: File exists D:\wamp\www\xm\Application\Gii\Model\GiiModel.class.php 第 25 行.
NOTIC: [2] mkdir() [<a href='function.mkdir'>function.mkdir</a>]: File exists D:\wamp\www\xm\Application\Gii\Model\GiiModel.class.php 第 26 行.
SQL: show tables [ RunTime:0.0013s ]
SQL: show full fields from sh_admin [ RunTime:0.0114s ]
SQL: show table status from shop where name='sh_admin' [ RunTime:0.0010s ]

[ 2015-05-03T21:00:15+08:00 ] 127.0.0.1 /Gii/Index/index.html
INFO: [ app_init ] --START--
INFO: Run Behavior\BuildLiteBehavior [ RunTime:0.000037s ]
INFO: [ app_init ] --END-- [ RunTime:0.001907s ]
INFO: [ app_begin ] --START--
INFO: Run Behavior\ReadHtmlCacheBehavior [ RunTime:0.002539s ]
INFO: [ app_begin ] --END-- [ RunTime:0.002729s ]
NOTIC: [2] mkdir() [<a href='function.mkdir'>function.mkdir</a>]: File exists D:\wamp\www\xm\Application\Gii\Model\GiiModel.class.php 第 23 行.
NOTIC: [2] mkdir() [<a href='function.mkdir'>function.mkdir</a>]: File exists D:\wamp\www\xm\Application\Gii\Model\GiiModel.class.php 第 24 行.
NOTIC: [2] mkdir() [<a href='function.mkdir'>function.mkdir</a>]: File exists D:\wamp\www\xm\Application\Gii\Model\GiiModel.class.php 第 25 行.
NOTIC: [2] mkdir() [<a href='function.mkdir'>function.mkdir</a>]: File exists D:\wamp\www\xm\Application\Gii\Model\GiiModel.class.php 第 26 行.
SQL: show tables [ RunTime:0.0008s ]
SQL: show full fields from sh_admin [ RunTime:0.0097s ]
SQL: show table status from shop where name='sh_admin' [ RunTime:0.0008s ]
INFO: [ view_parse ] --START--
INFO: [ template_filter ] --START--
INFO: Run Behavior\ContentReplaceBehavior [ RunTime:0.000077s ]
INFO: [ template_filter ] --END-- [ RunTime:0.000200s ]
INFO: Run Behavior\ParseTemplateBehavior [ RunTime:0.012093s ]
INFO: [ view_parse ] --END-- [ RunTime:0.012228s ]
INFO: [ view_filter ] --START--
INFO: Run Behavior\WriteHtmlCacheBehavior [ RunTime:0.000645s ]
INFO: [ view_filter ] --END-- [ RunTime:0.000739s ]

[ 2015-05-03T21:05:27+08:00 ] 127.0.0.1 /Gii/Index/index.html
INFO: [ app_init ] --START--
INFO: Run Behavior\BuildLiteBehavior [ RunTime:0.000042s ]
INFO: [ app_init ] --END-- [ RunTime:0.001219s ]
INFO: [ app_begin ] --START--
INFO: Run Behavior\ReadHtmlCacheBehavior [ RunTime:0.001615s ]
INFO: [ app_begin ] --END-- [ RunTime:0.001794s ]
SQL: show tables [ RunTime:0.0017s ]
SQL: show full fields from sh_admin [ RunTime:0.0097s ]
SQL: show table status from shop where name='sh_admin' [ RunTime:0.0013s ]
INFO: [ view_parse ] --START--
INFO: [ template_filter ] --START--
INFO: Run Behavior\ContentReplaceBehavior [ RunTime:0.000136s ]
INFO: [ template_filter ] --END-- [ RunTime:0.000411s ]
INFO: Run Behavior\ParseTemplateBehavior [ RunTime:0.021093s ]
INFO: [ view_parse ] --END-- [ RunTime:0.021321s ]
INFO: [ view_filter ] --START--
INFO: Run Behavior\WriteHtmlCacheBehavior [ RunTime:0.000959s ]
INFO: [ view_filter ] --END-- [ RunTime:0.001128s ]

[ 2015-05-03T21:06:14+08:00 ] 127.0.0.1 /Gii/Index/index.html
INFO: [ app_init ] --START--
INFO: Run Behavior\BuildLiteBehavior [ RunTime:0.000042s ]
INFO: [ app_init ] --END-- [ RunTime:0.001320s ]
INFO: [ app_begin ] --START--
INFO: Run Behavior\ReadHtmlCacheBehavior [ RunTime:0.001987s ]
INFO: [ app_begin ] --END-- [ RunTime:0.002244s ]
NOTIC: [2] mkdir() [<a href='function.mkdir'>function.mkdir</a>]: File exists D:\wamp\www\xm\Application\Gii\Model\GiiModel.class.php 第 23 行.
NOTIC: [2] mkdir() [<a href='function.mkdir'>function.mkdir</a>]: File exists D:\wamp\www\xm\Application\Gii\Model\GiiModel.class.php 第 24 行.
NOTIC: [2] mkdir() [<a href='function.mkdir'>function.mkdir</a>]: File exists D:\wamp\www\xm\Application\Gii\Model\GiiModel.class.php 第 25 行.
NOTIC: [2] mkdir() [<a href='function.mkdir'>function.mkdir</a>]: File exists D:\wamp\www\xm\Application\Gii\Model\GiiModel.class.php 第 26 行.
SQL: show tables [ RunTime:0.0010s ]
SQL: show full fields from sh_admin [ RunTime:0.0092s ]
SQL: show table status from shop where name='sh_admin' [ RunTime:0.0008s ]
INFO: [ view_parse ] --START--
INFO: [ template_filter ] --START--
INFO: Run Behavior\ContentReplaceBehavior [ RunTime:0.000081s ]
INFO: [ template_filter ] --END-- [ RunTime:0.000216s ]
INFO: Run Behavior\ParseTemplateBehavior [ RunTime:0.014056s ]
INFO: [ view_parse ] --END-- [ RunTime:0.014202s ]
INFO: [ view_filter ] --START--
INFO: Run Behavior\WriteHtmlCacheBehavior [ RunTime:0.000714s ]
INFO: [ view_filter ] --END-- [ RunTime:0.000818s ]

[ 2015-05-03T21:08:44+08:00 ] 127.0.0.1 /Gii/Index/index.html
INFO: [ app_init ] --START--
INFO: Run Behavior\BuildLiteBehavior [ RunTime:0.000029s ]
INFO: [ app_init ] --END-- [ RunTime:0.000884s ]
INFO: [ app_begin ] --START--
INFO: Run Behavior\ReadHtmlCacheBehavior [ RunTime:0.001722s ]
INFO: [ app_begin ] --END-- [ RunTime:0.001894s ]
NOTIC: [2] mkdir() [<a href='function.mkdir'>function.mkdir</a>]: File exists D:\wamp\www\xm\Application\Gii\Model\GiiModel.class.php 第 23 行.
NOTIC: [2] mkdir() [<a href='function.mkdir'>function.mkdir</a>]: File exists D:\wamp\www\xm\Application\Gii\Model\GiiModel.class.php 第 24 行.
NOTIC: [2] mkdir() [<a href='function.mkdir'>function.mkdir</a>]: File exists D:\wamp\www\xm\Application\Gii\Model\GiiModel.class.php 第 25 行.
NOTIC: [2] mkdir() [<a href='function.mkdir'>function.mkdir</a>]: File exists D:\wamp\www\xm\Application\Gii\Model\GiiModel.class.php 第 26 行.
SQL: show tables [ RunTime:0.0007s ]
SQL: show full fields from sh_admin [ RunTime:0.0066s ]
SQL: show table status from shop where name='sh_admin' [ RunTime:0.0008s ]

[ 2015-05-03T21:09:11+08:00 ] 127.0.0.1 /Gii/Index/index.html
INFO: [ app_init ] --START--
INFO: Run Behavior\BuildLiteBehavior [ RunTime:0.000046s ]
INFO: [ app_init ] --END-- [ RunTime:0.001323s ]
INFO: [ app_begin ] --START--
INFO: Run Behavior\ReadHtmlCacheBehavior [ RunTime:0.001882s ]
INFO: [ app_begin ] --END-- [ RunTime:0.002087s ]
NOTIC: [2] mkdir() [<a href='function.mkdir'>function.mkdir</a>]: File exists D:\wamp\www\xm\Application\Gii\Model\GiiModel.class.php 第 23 行.
NOTIC: [2] mkdir() [<a href='function.mkdir'>function.mkdir</a>]: File exists D:\wamp\www\xm\Application\Gii\Model\GiiModel.class.php 第 24 行.
NOTIC: [2] mkdir() [<a href='function.mkdir'>function.mkdir</a>]: File exists D:\wamp\www\xm\Application\Gii\Model\GiiModel.class.php 第 25 行.
NOTIC: [2] mkdir() [<a href='function.mkdir'>function.mkdir</a>]: File exists D:\wamp\www\xm\Application\Gii\Model\GiiModel.class.php 第 26 行.
SQL: show tables [ RunTime:0.0015s ]
SQL: show full fields from sh_admin [ RunTime:0.0088s ]
SQL: show table status from shop where name='sh_admin' [ RunTime:0.0013s ]

[ 2015-05-03T21:09:19+08:00 ] 127.0.0.1 /Gii/Index/index.html
INFO: [ app_init ] --START--
INFO: Run Behavior\BuildLiteBehavior [ RunTime:0.000028s ]
INFO: [ app_init ] --END-- [ RunTime:0.000712s ]
INFO: [ app_begin ] --START--
INFO: Run Behavior\ReadHtmlCacheBehavior [ RunTime:0.000902s ]
INFO: [ app_begin ] --END-- [ RunTime:0.001003s ]
NOTIC: [2] mkdir() [<a href='function.mkdir'>function.mkdir</a>]: File exists D:\wamp\www\xm\Application\Gii\Model\GiiModel.class.php 第 23 行.
NOTIC: [2] mkdir() [<a href='function.mkdir'>function.mkdir</a>]: File exists D:\wamp\www\xm\Application\Gii\Model\GiiModel.class.php 第 24 行.
NOTIC: [2] mkdir() [<a href='function.mkdir'>function.mkdir</a>]: File exists D:\wamp\www\xm\Application\Gii\Model\GiiModel.class.php 第 25 行.
NOTIC: [2] mkdir() [<a href='function.mkdir'>function.mkdir</a>]: File exists D:\wamp\www\xm\Application\Gii\Model\GiiModel.class.php 第 26 行.
SQL: show tables [ RunTime:0.0010s ]
SQL: show full fields from sh_admin [ RunTime:0.0052s ]
SQL: show table status from shop where name='sh_admin' [ RunTime:0.0008s ]
INFO: [ view_parse ] --START--
INFO: [ template_filter ] --START--
INFO: Run Behavior\ContentReplaceBehavior [ RunTime:0.000076s ]
INFO: [ template_filter ] --END-- [ RunTime:0.000193s ]
INFO: Run Behavior\ParseTemplateBehavior [ RunTime:0.010873s ]
INFO: [ view_parse ] --END-- [ RunTime:0.011014s ]
INFO: [ view_filter ] --START--
INFO: Run Behavior\WriteHtmlCacheBehavior [ RunTime:0.000630s ]
INFO: [ view_filter ] --END-- [ RunTime:0.000724s ]

[ 2015-05-03T21:10:51+08:00 ] 127.0.0.1 /Gii/Index/index.html
INFO: [ app_init ] --START--
INFO: Run Behavior\BuildLiteBehavior [ RunTime:0.000044s ]
INFO: [ app_init ] --END-- [ RunTime:0.001370s ]
INFO: [ app_begin ] --START--
INFO: Run Behavior\ReadHtmlCacheBehavior [ RunTime:0.001901s ]
INFO: [ app_begin ] --END-- [ RunTime:0.002086s ]
NOTIC: [2] mkdir() [<a href='function.mkdir'>function.mkdir</a>]: File exists D:\wamp\www\xm\Application\Gii\Model\GiiModel.class.php 第 23 行.
NOTIC: [2] mkdir() [<a href='function.mkdir'>function.mkdir</a>]: File exists D:\wamp\www\xm\Application\Gii\Model\GiiModel.class.php 第 24 行.
NOTIC: [2] mkdir() [<a href='function.mkdir'>function.mkdir</a>]: File exists D:\wamp\www\xm\Application\Gii\Model\GiiModel.class.php 第 25 行.
NOTIC: [2] mkdir() [<a href='function.mkdir'>function.mkdir</a>]: File exists D:\wamp\www\xm\Application\Gii\Model\GiiModel.class.php 第 26 行.
SQL: show tables [ RunTime:0.0011s ]
SQL: show full fields from sh_admin [ RunTime:0.0087s ]
SQL: show table status from shop where name='sh_admin' [ RunTime:0.0013s ]
INFO: [ view_parse ] --START--
INFO: [ template_filter ] --START--
INFO: Run Behavior\ContentReplaceBehavior [ RunTime:0.000132s ]
INFO: [ template_filter ] --END-- [ RunTime:0.000337s ]
INFO: Run Behavior\ParseTemplateBehavior [ RunTime:0.019296s ]
INFO: [ view_parse ] --END-- [ RunTime:0.019513s ]
INFO: [ view_filter ] --START--
INFO: Run Behavior\WriteHtmlCacheBehavior [ RunTime:0.000910s ]
INFO: [ view_filter ] --END-- [ RunTime:0.001078s ]

[ 2015-05-03T21:10:52+08:00 ] 127.0.0.1 /Gii/Index/index.html
INFO: [ app_init ] --START--
INFO: Run Behavior\BuildLiteBehavior [ RunTime:0.000047s ]
INFO: [ app_init ] --END-- [ RunTime:0.001294s ]
INFO: [ app_begin ] --START--
INFO: Run Behavior\ReadHtmlCacheBehavior [ RunTime:0.001630s ]
INFO: [ app_begin ] --END-- [ RunTime:0.001815s ]
INFO: [ view_parse ] --START--
INFO: [ template_filter ] --START--
INFO: Run Behavior\ContentReplaceBehavior [ RunTime:0.000134s ]
INFO: [ template_filter ] --END-- [ RunTime:0.000347s ]
INFO: Run Behavior\ParseTemplateBehavior [ RunTime:0.020657s ]
INFO: [ view_parse ] --END-- [ RunTime:0.020901s ]
INFO: [ view_filter ] --START--
INFO: Run Behavior\WriteHtmlCacheBehavior [ RunTime:0.001036s ]
INFO: [ view_filter ] --END-- [ RunTime:0.001218s ]
INFO: [ app_end ] --START--
INFO: Run Behavior\ShowPageTraceBehavior [ RunTime:0.001938s ]
INFO: [ app_end ] --END-- [ RunTime:0.002125s ]

[ 2015-05-03T21:48:41+08:00 ] 127.0.0.1 /Gii/Index/index.html
INFO: [ app_init ] --START--
INFO: Run Behavior\BuildLiteBehavior [ RunTime:0.000043s ]
INFO: [ app_init ] --END-- [ RunTime:0.001378s ]
INFO: [ app_begin ] --START--
INFO: Run Behavior\ReadHtmlCacheBehavior [ RunTime:0.001960s ]
INFO: [ app_begin ] --END-- [ RunTime:0.002149s ]
SQL: show tables [ RunTime:0.0011s ]
SQL: show full fields from sh_goods [ RunTime:0.0119s ]
SQL: show table status from shop where name='sh_goods' [ RunTime:0.0013s ]

[ 2015-05-03T22:09:42+08:00 ] 127.0.0.1 /Gii/Index/index.html
INFO: [ app_init ] --START--
INFO: Run Behavior\BuildLiteBehavior [ RunTime:0.000043s ]
INFO: [ app_init ] --END-- [ RunTime:0.001322s ]
INFO: [ app_begin ] --START--
INFO: Run Behavior\ReadHtmlCacheBehavior [ RunTime:0.001948s ]
INFO: [ app_begin ] --END-- [ RunTime:0.002141s ]
SQL: show tables [ RunTime:0.0015s ]
SQL: show full fields from sh_goods [ RunTime:0.0157s ]
SQL: show table status from shop where name='sh_goods' [ RunTime:0.0014s ]

[ 2015-05-03T22:10:03+08:00 ] 127.0.0.1 /Gii/Index/index.html
INFO: [ app_init ] --START--
INFO: Run Behavior\BuildLiteBehavior [ RunTime:0.000026s ]
INFO: [ app_init ] --END-- [ RunTime:0.000760s ]
INFO: [ app_begin ] --START--
INFO: Run Behavior\ReadHtmlCacheBehavior [ RunTime:0.000910s ]
INFO: [ app_begin ] --END-- [ RunTime:0.001010s ]
INFO: [ view_parse ] --START--
INFO: [ template_filter ] --START--
INFO: Run Behavior\ContentReplaceBehavior [ RunTime:0.000077s ]
INFO: [ template_filter ] --END-- [ RunTime:0.000211s ]
INFO: Run Behavior\ParseTemplateBehavior [ RunTime:0.012501s ]
INFO: [ view_parse ] --END-- [ RunTime:0.012639s ]
INFO: [ view_filter ] --START--
INFO: Run Behavior\WriteHtmlCacheBehavior [ RunTime:0.000651s ]
INFO: [ view_filter ] --END-- [ RunTime:0.000747s ]
INFO: [ app_end ] --START--
INFO: Run Behavior\ShowPageTraceBehavior [ RunTime:0.001019s ]
INFO: [ app_end ] --END-- [ RunTime:0.001118s ]

[ 2015-05-03T22:10:04+08:00 ] 127.0.0.1 /Gii/Index/index.html
INFO: [ app_init ] --START--
INFO: Run Behavior\BuildLiteBehavior [ RunTime:0.000042s ]
INFO: [ app_init ] --END-- [ RunTime:0.001213s ]
INFO: [ app_begin ] --START--
INFO: Run Behavior\ReadHtmlCacheBehavior [ RunTime:0.001621s ]
INFO: [ app_begin ] --END-- [ RunTime:0.001804s ]
SQL: show tables [ RunTime:0.0012s ]
SQL: show full fields from sh_goods [ RunTime:0.0092s ]
SQL: show table status from shop where name='sh_goods' [ RunTime:0.0013s ]

[ 2015-05-03T22:10:29+08:00 ] 127.0.0.1 /Gii/Index/index.html
INFO: [ app_init ] --START--
INFO: Run Behavior\BuildLiteBehavior [ RunTime:0.000052s ]
INFO: [ app_init ] --END-- [ RunTime:0.001855s ]
INFO: [ app_begin ] --START--
INFO: Run Behavior\ReadHtmlCacheBehavior [ RunTime:0.002196s ]
INFO: [ app_begin ] --END-- [ RunTime:0.002408s ]
INFO: [ view_parse ] --START--
INFO: [ template_filter ] --START--
INFO: Run Behavior\ContentReplaceBehavior [ RunTime:0.000135s ]
INFO: [ template_filter ] --END-- [ RunTime:0.000356s ]
INFO: Run Behavior\ParseTemplateBehavior [ RunTime:0.020281s ]
INFO: [ view_parse ] --END-- [ RunTime:0.020517s ]
INFO: [ view_filter ] --START--
INFO: Run Behavior\WriteHtmlCacheBehavior [ RunTime:0.001035s ]
INFO: [ view_filter ] --END-- [ RunTime:0.001218s ]
INFO: [ app_end ] --START--
INFO: Run Behavior\ShowPageTraceBehavior [ RunTime:0.001724s ]
INFO: [ app_end ] --END-- [ RunTime:0.001912s ]

[ 2015-05-03T22:10:30+08:00 ] 127.0.0.1 /Gii/Index/index.html
INFO: [ app_init ] --START--
INFO: Run Behavior\BuildLiteBehavior [ RunTime:0.000026s ]
INFO: [ app_init ] --END-- [ RunTime:0.000710s ]
INFO: [ app_begin ] --START--
INFO: Run Behavior\ReadHtmlCacheBehavior [ RunTime:0.000907s ]
INFO: [ app_begin ] --END-- [ RunTime:0.001009s ]
SQL: show tables [ RunTime:0.0009s ]
SQL: show full fields from sh_goods [ RunTime:0.0056s ]
SQL: show table status from shop where name='sh_goods' [ RunTime:0.0008s ]

[ 2015-05-03T22:11:20+08:00 ] 127.0.0.1 /Gii/Index/index.html
INFO: [ app_init ] --START--
INFO: Run Behavior\BuildLiteBehavior [ RunTime:0.000045s ]
INFO: [ app_init ] --END-- [ RunTime:0.001327s ]
INFO: [ app_begin ] --START--
INFO: Run Behavior\ReadHtmlCacheBehavior [ RunTime:0.001781s ]
INFO: [ app_begin ] --END-- [ RunTime:0.001983s ]
INFO: [ view_parse ] --START--
INFO: [ template_filter ] --START--
INFO: Run Behavior\ContentReplaceBehavior [ RunTime:0.000135s ]
INFO: [ template_filter ] --END-- [ RunTime:0.000346s ]
INFO: Run Behavior\ParseTemplateBehavior [ RunTime:0.022950s ]
INFO: [ view_parse ] --END-- [ RunTime:0.023188s ]
INFO: [ view_filter ] --START--
INFO: Run Behavior\WriteHtmlCacheBehavior [ RunTime:0.000996s ]
INFO: [ view_filter ] --END-- [ RunTime:0.001168s ]
INFO: [ app_end ] --START--
INFO: Run Behavior\ShowPageTraceBehavior [ RunTime:0.001783s ]
INFO: [ app_end ] --END-- [ RunTime:0.001988s ]

[ 2015-05-03T22:11:21+08:00 ] 127.0.0.1 /Gii/Index/index.html
INFO: [ app_init ] --START--
INFO: Run Behavior\BuildLiteBehavior [ RunTime:0.000044s ]
INFO: [ app_init ] --END-- [ RunTime:0.001353s ]
INFO: [ app_begin ] --START--
INFO: Run Behavior\ReadHtmlCacheBehavior [ RunTime:0.001614s ]
INFO: [ app_begin ] --END-- [ RunTime:0.001795s ]
SQL: show tables [ RunTime:0.0014s ]
SQL: show full fields from sh_goods [ RunTime:0.0091s ]
SQL: show table status from shop where name='sh_goods' [ RunTime:0.0013s ]
INFO: [ view_parse ] --START--
INFO: [ template_filter ] --START--
INFO: Run Behavior\ContentReplaceBehavior [ RunTime:0.000131s ]
INFO: [ template_filter ] --END-- [ RunTime:0.000323s ]
INFO: Run Behavior\ParseTemplateBehavior [ RunTime:0.018696s ]
INFO: [ view_parse ] --END-- [ RunTime:0.018919s ]
INFO: [ view_filter ] --START--
INFO: Run Behavior\WriteHtmlCacheBehavior [ RunTime:0.000903s ]
INFO: [ view_filter ] --END-- [ RunTime:0.001070s ]

[ 2015-05-03T22:11:22+08:00 ] 127.0.0.1 /Gii/Index/index.html
INFO: [ app_init ] --START--
INFO: Run Behavior\BuildLiteBehavior [ RunTime:0.000025s ]
INFO: [ app_init ] --END-- [ RunTime:0.000690s ]
INFO: [ app_begin ] --START--
INFO: Run Behavior\ReadHtmlCacheBehavior [ RunTime:0.000959s ]
INFO: [ app_begin ] --END-- [ RunTime:0.001062s ]
INFO: [ view_parse ] --START--
INFO: [ template_filter ] --START--
INFO: Run Behavior\ContentReplaceBehavior [ RunTime:0.000076s ]
INFO: [ template_filter ] --END-- [ RunTime:0.000196s ]
INFO: Run Behavior\ParseTemplateBehavior [ RunTime:0.011077s ]
INFO: [ view_parse ] --END-- [ RunTime:0.011197s ]
INFO: [ view_filter ] --START--
INFO: Run Behavior\WriteHtmlCacheBehavior [ RunTime:0.000513s ]
INFO: [ view_filter ] --END-- [ RunTime:0.000607s ]
INFO: [ app_end ] --START--
INFO: Run Behavior\ShowPageTraceBehavior [ RunTime:0.000945s ]
INFO: [ app_end ] --END-- [ RunTime:0.001049s ]

[ 2015-05-03T22:12:17+08:00 ] 127.0.0.1 /Gii/Index/index.html
INFO: [ app_init ] --START--
INFO: Run Behavior\BuildLiteBehavior [ RunTime:0.000042s ]
INFO: [ app_init ] --END-- [ RunTime:0.001357s ]
INFO: [ app_begin ] --START--
INFO: Run Behavior\ReadHtmlCacheBehavior [ RunTime:0.001894s ]
INFO: [ app_begin ] --END-- [ RunTime:0.002078s ]
SQL: show tables [ RunTime:0.0007s ]
SQL: show full fields from sh_goods [ RunTime:0.0056s ]
SQL: show table status from shop where name='sh_goods' [ RunTime:0.0008s ]
INFO: [ view_parse ] --START--
INFO: [ template_filter ] --START--
INFO: Run Behavior\ContentReplaceBehavior [ RunTime:0.000076s ]
INFO: [ template_filter ] --END-- [ RunTime:0.000192s ]
INFO: Run Behavior\ParseTemplateBehavior [ RunTime:0.011124s ]
INFO: [ view_parse ] --END-- [ RunTime:0.011259s ]
INFO: [ view_filter ] --START--
INFO: Run Behavior\WriteHtmlCacheBehavior [ RunTime:0.000668s ]
INFO: [ view_filter ] --END-- [ RunTime:0.000765s ]

[ 2015-05-03T22:12:19+08:00 ] 127.0.0.1 /Gii/Index/index.html
INFO: [ app_init ] --START--
INFO: Run Behavior\BuildLiteBehavior [ RunTime:0.000046s ]
INFO: [ app_init ] --END-- [ RunTime:0.001344s ]
INFO: [ app_begin ] --START--
INFO: Run Behavior\ReadHtmlCacheBehavior [ RunTime:0.001766s ]
INFO: [ app_begin ] --END-- [ RunTime:0.001963s ]
INFO: [ view_parse ] --START--
INFO: [ template_filter ] --START--
INFO: Run Behavior\ContentReplaceBehavior [ RunTime:0.000131s ]
INFO: [ template_filter ] --END-- [ RunTime:0.000334s ]
INFO: Run Behavior\ParseTemplateBehavior [ RunTime:0.021498s ]
INFO: [ view_parse ] --END-- [ RunTime:0.021728s ]
INFO: [ view_filter ] --START--
INFO: Run Behavior\WriteHtmlCacheBehavior [ RunTime:0.000915s ]
INFO: [ view_filter ] --END-- [ RunTime:0.001083s ]
INFO: [ app_end ] --START--
INFO: Run Behavior\ShowPageTraceBehavior [ RunTime:0.001843s ]
INFO: [ app_end ] --END-- [ RunTime:0.002022s ]

[ 2015-05-03T22:13:40+08:00 ] 127.0.0.1 /Gii/Index/index.html
INFO: [ app_init ] --START--
INFO: Run Behavior\BuildLiteBehavior [ RunTime:0.000043s ]
INFO: [ app_init ] --END-- [ RunTime:0.001205s ]
INFO: [ app_begin ] --START--
INFO: Run Behavior\ReadHtmlCacheBehavior [ RunTime:0.001587s ]
INFO: [ app_begin ] --END-- [ RunTime:0.001767s ]
SQL: show tables [ RunTime:0.0009s ]
SQL: show full fields from sh_goods [ RunTime:0.0053s ]
SQL: show table status from shop where name='sh_goods' [ RunTime:0.0008s ]

[ 2015-05-03T22:13:40+08:00 ] 127.0.0.1 /Gii/Index/__PUBLIC__/Styles/general.css
INFO: [ app_init ] --START--
INFO: Run Behavior\BuildLiteBehavior [ RunTime:0.000027s ]
INFO: [ app_init ] --END-- [ RunTime:0.000888s ]
INFO: [ app_begin ] --START--
INFO: Run Behavior\ReadHtmlCacheBehavior [ RunTime:0.000963s ]
INFO: [ app_begin ] --END-- [ RunTime:0.001072s ]
ERR: 非法操作:__PUBLIC__

[ 2015-05-03T22:13:40+08:00 ] 127.0.0.1 /Gii/Index/__PUBLIC__/Styles/main.css
INFO: [ app_init ] --START--
INFO: Run Behavior\BuildLiteBehavior [ RunTime:0.000032s ]
INFO: [ app_init ] --END-- [ RunTime:0.000944s ]
INFO: [ app_begin ] --START--
INFO: Run Behavior\ReadHtmlCacheBehavior [ RunTime:0.001364s ]
INFO: [ app_begin ] --END-- [ RunTime:0.001524s ]
ERR: 非法操作:__PUBLIC__

[ 2015-05-03T22:14:49+08:00 ] 127.0.0.1 /Gii/Index/index.html
INFO: [ app_init ] --START--
INFO: Run Behavior\BuildLiteBehavior [ RunTime:0.000041s ]
INFO: [ app_init ] --END-- [ RunTime:0.001320s ]
INFO: [ app_begin ] --START--
INFO: Run Behavior\ReadHtmlCacheBehavior [ RunTime:0.002113s ]
INFO: [ app_begin ] --END-- [ RunTime:0.002331s ]
INFO: [ view_parse ] --START--
INFO: [ template_filter ] --START--
INFO: Run Behavior\ContentReplaceBehavior [ RunTime:0.000137s ]
INFO: [ template_filter ] --END-- [ RunTime:0.000357s ]
INFO: Run Behavior\ParseTemplateBehavior [ RunTime:0.021918s ]
INFO: [ view_parse ] --END-- [ RunTime:0.022146s ]
INFO: [ view_filter ] --START--
INFO: Run Behavior\WriteHtmlCacheBehavior [ RunTime:0.001103s ]
INFO: [ view_filter ] --END-- [ RunTime:0.001271s ]
INFO: [ app_end ] --START--
INFO: Run Behavior\ShowPageTraceBehavior [ RunTime:0.002428s ]
INFO: [ app_end ] --END-- [ RunTime:0.002647s ]

[ 2015-05-03T22:14:55+08:00 ] 127.0.0.1 /Gii/Index/index.html
INFO: [ app_init ] --START--
INFO: Run Behavior\BuildLiteBehavior [ RunTime:0.000048s ]
INFO: [ app_init ] --END-- [ RunTime:0.001386s ]
INFO: [ app_begin ] --START--
INFO: Run Behavior\ReadHtmlCacheBehavior [ RunTime:0.001769s ]
INFO: [ app_begin ] --END-- [ RunTime:0.001977s ]
SQL: show tables [ RunTime:0.0018s ]
SQL: show full fields from sh_goods [ RunTime:0.0093s ]
SQL: show table status from shop where name='sh_goods' [ RunTime:0.0015s ]
INFO: [ view_parse ] --START--
INFO: [ template_filter ] --START--
INFO: Run Behavior\ContentReplaceBehavior [ RunTime:0.000136s ]
INFO: [ template_filter ] --END-- [ RunTime:0.000342s ]
INFO: Run Behavior\ParseTemplateBehavior [ RunTime:0.020268s ]
INFO: [ view_parse ] --END-- [ RunTime:0.020500s ]
INFO: [ view_filter ] --START--
INFO: Run Behavior\WriteHtmlCacheBehavior [ RunTime:0.001040s ]
INFO: [ view_filter ] --END-- [ RunTime:0.001221s ]

[ 2015-05-03T22:14:56+08:00 ] 127.0.0.1 /Gii/Index/index.html
INFO: [ app_init ] --START--
INFO: Run Behavior\BuildLiteBehavior [ RunTime:0.000025s ]
INFO: [ app_init ] --END-- [ RunTime:0.000678s ]
INFO: [ app_begin ] --START--
INFO: Run Behavior\ReadHtmlCacheBehavior [ RunTime:0.000894s ]
INFO: [ app_begin ] --END-- [ RunTime:0.000994s ]
INFO: [ view_parse ] --START--
INFO: [ template_filter ] --START--
INFO: Run Behavior\ContentReplaceBehavior [ RunTime:0.000082s ]
INFO: [ template_filter ] --END-- [ RunTime:0.000221s ]
INFO: Run Behavior\ParseTemplateBehavior [ RunTime:0.010910s ]
INFO: [ view_parse ] --END-- [ RunTime:0.011039s ]
INFO: [ view_filter ] --START--
INFO: Run Behavior\WriteHtmlCacheBehavior [ RunTime:0.000520s ]
INFO: [ view_filter ] --END-- [ RunTime:0.000614s ]
INFO: [ app_end ] --START--
INFO: Run Behavior\ShowPageTraceBehavior [ RunTime:0.000892s ]
INFO: [ app_end ] --END-- [ RunTime:0.000990s ]

[ 2015-05-03T22:15:32+08:00 ] 127.0.0.1 /Gii/Index/index.html
INFO: [ app_init ] --START--
INFO: Run Behavior\BuildLiteBehavior [ RunTime:0.000041s ]
INFO: [ app_init ] --END-- [ RunTime:0.001205s ]
INFO: [ app_begin ] --START--
INFO: Run Behavior\ReadHtmlCacheBehavior [ RunTime:0.001626s ]
INFO: [ app_begin ] --END-- [ RunTime:0.001808s ]
SQL: show tables [ RunTime:0.0012s ]
SQL: show full fields from sh_goods [ RunTime:0.0088s ]
SQL: show table status from shop where name='sh_goods' [ RunTime:0.0013s ]

[ 2015-05-03T22:15:43+08:00 ] 127.0.0.1 /Gii/Index/index.html
INFO: [ app_init ] --START--
INFO: Run Behavior\BuildLiteBehavior [ RunTime:0.000036s ]
INFO: [ app_init ] --END-- [ RunTime:0.000794s ]
INFO: [ app_begin ] --START--
INFO: Run Behavior\ReadHtmlCacheBehavior [ RunTime:0.001107s ]
INFO: [ app_begin ] --END-- [ RunTime:0.001226s ]
SQL: show tables [ RunTime:0.0011s ]
SQL: show full fields from sh_goods [ RunTime:0.0057s ]
SQL: show table status from shop where name='sh_goods' [ RunTime:0.0009s ]

[ 2015-05-03T22:15:43+08:00 ] 127.0.0.1 /Gii/Index/__PUBLIC__/Styles/general.css
INFO: [ app_init ] --START--
INFO: Run Behavior\BuildLiteBehavior [ RunTime:0.000034s ]
INFO: [ app_init ] --END-- [ RunTime:0.001470s ]
INFO: [ app_begin ] --START--
INFO: Run Behavior\ReadHtmlCacheBehavior [ RunTime:0.002128s ]
INFO: [ app_begin ] --END-- [ RunTime:0.002260s ]
ERR: 非法操作:__PUBLIC__

[ 2015-05-03T22:15:43+08:00 ] 127.0.0.1 /Gii/Index/__PUBLIC__/Styles/main.css
INFO: [ app_init ] --START--
INFO: Run Behavior\BuildLiteBehavior [ RunTime:0.000034s ]
INFO: [ app_init ] --END-- [ RunTime:0.003082s ]
INFO: [ app_begin ] --START--
INFO: Run Behavior\ReadHtmlCacheBehavior [ RunTime:0.001978s ]
INFO: [ app_begin ] --END-- [ RunTime:0.002135s ]
ERR: 非法操作:__PUBLIC__

[ 2015-05-03T22:16:51+08:00 ] 127.0.0.1 /Gii/Index/index.html
INFO: [ app_init ] --START--
INFO: Run Behavior\BuildLiteBehavior [ RunTime:0.000025s ]
INFO: [ app_init ] --END-- [ RunTime:0.000733s ]
INFO: [ app_begin ] --START--
INFO: Run Behavior\ReadHtmlCacheBehavior [ RunTime:0.001042s ]
INFO: [ app_begin ] --END-- [ RunTime:0.001145s ]
SQL: show tables [ RunTime:0.0009s ]
SQL: show full fields from sh_goods [ RunTime:0.0055s ]
SQL: show table status from shop where name='sh_goods' [ RunTime:0.0008s ]

[ 2015-05-03T22:16:52+08:00 ] 127.0.0.1 /Gii/Index/__PUBLIC__/Styles/general.css
INFO: [ app_init ] --START--
INFO: Run Behavior\BuildLiteBehavior [ RunTime:0.000033s ]
INFO: [ app_init ] --END-- [ RunTime:0.001577s ]
INFO: [ app_begin ] --START--
INFO: Run Behavior\ReadHtmlCacheBehavior [ RunTime:0.001526s ]
INFO: [ app_begin ] --END-- [ RunTime:0.001658s ]
ERR: 非法操作:__PUBLIC__

[ 2015-05-03T22:16:52+08:00 ] 127.0.0.1 /Gii/Index/__PUBLIC__/Styles/main.css
INFO: [ app_init ] --START--
INFO: Run Behavior\BuildLiteBehavior [ RunTime:0.000036s ]
INFO: [ app_init ] --END-- [ RunTime:0.005219s ]
INFO: [ app_begin ] --START--
INFO: Run Behavior\ReadHtmlCacheBehavior [ RunTime:0.001080s ]
INFO: [ app_begin ] --END-- [ RunTime:0.001205s ]
ERR: 非法操作:__PUBLIC__

[ 2015-05-03T22:16:57+08:00 ] 127.0.0.1 /Gii/Index/index.html
INFO: [ app_init ] --START--
INFO: Run Behavior\BuildLiteBehavior [ RunTime:0.000026s ]
INFO: [ app_init ] --END-- [ RunTime:0.000678s ]
INFO: [ app_begin ] --START--
INFO: Run Behavior\ReadHtmlCacheBehavior [ RunTime:0.000890s ]
INFO: [ app_begin ] --END-- [ RunTime:0.000992s ]
SQL: show tables [ RunTime:0.0009s ]
SQL: show full fields from sh_goods [ RunTime:0.0053s ]
SQL: show table status from shop where name='sh_goods' [ RunTime:0.0008s ]

[ 2015-05-03T22:16:57+08:00 ] 127.0.0.1 /Gii/Index/__PUBLIC__/Styles/general.css
INFO: [ app_init ] --START--
INFO: Run Behavior\BuildLiteBehavior [ RunTime:0.000031s ]
INFO: [ app_init ] --END-- [ RunTime:0.001765s ]
INFO: [ app_begin ] --START--
INFO: Run Behavior\ReadHtmlCacheBehavior [ RunTime:0.001746s ]
INFO: [ app_begin ] --END-- [ RunTime:0.001884s ]
ERR: 非法操作:__PUBLIC__

[ 2015-05-03T22:16:57+08:00 ] 127.0.0.1 /Gii/Index/__PUBLIC__/Styles/main.css
INFO: [ app_init ] --START--
INFO: Run Behavior\BuildLiteBehavior [ RunTime:0.000038s ]
INFO: [ app_init ] --END-- [ RunTime:0.001612s ]
INFO: [ app_begin ] --START--
INFO: Run Behavior\ReadHtmlCacheBehavior [ RunTime:0.001706s ]
INFO: [ app_begin ] --END-- [ RunTime:0.001846s ]
ERR: 非法操作:__PUBLIC__

[ 2015-05-03T22:17:42+08:00 ] 127.0.0.1 /Gii/Index/index.html
INFO: [ app_init ] --START--
INFO: Run Behavior\BuildLiteBehavior [ RunTime:0.000026s ]
INFO: [ app_init ] --END-- [ RunTime:0.000683s ]
INFO: [ app_begin ] --START--
INFO: Run Behavior\ReadHtmlCacheBehavior [ RunTime:0.000889s ]
INFO: [ app_begin ] --END-- [ RunTime:0.000992s ]
SQL: show tables [ RunTime:0.0008s ]
SQL: show full fields from sh_goods [ RunTime:0.0054s ]
SQL: show table status from shop where name='sh_goods' [ RunTime:0.0008s ]

[ 2015-05-03T22:17:42+08:00 ] 127.0.0.1 /Gii/Index/__PUBLIC__/Styles/general.css
INFO: [ app_init ] --START--
INFO: Run Behavior\BuildLiteBehavior [ RunTime:0.000033s ]
INFO: [ app_init ] --END-- [ RunTime:0.001399s ]
INFO: [ app_begin ] --START--
INFO: Run Behavior\ReadHtmlCacheBehavior [ RunTime:0.001983s ]
INFO: [ app_begin ] --END-- [ RunTime:0.002119s ]
ERR: 非法操作:__PUBLIC__

[ 2015-05-03T22:17:42+08:00 ] 127.0.0.1 /Gii/Index/__PUBLIC__/Styles/main.css
INFO: [ app_init ] --START--
INFO: Run Behavior\BuildLiteBehavior [ RunTime:0.000030s ]
INFO: [ app_init ] --END-- [ RunTime:0.000924s ]
INFO: [ app_begin ] --START--
INFO: Run Behavior\ReadHtmlCacheBehavior [ RunTime:0.001610s ]
INFO: [ app_begin ] --END-- [ RunTime:0.001747s ]
ERR: 非法操作:__PUBLIC__

[ 2015-05-03T22:18:59+08:00 ] 127.0.0.1 /Gii/Index/index.html
INFO: [ app_init ] --START--
INFO: Run Behavior\BuildLiteBehavior [ RunTime:0.000025s ]
INFO: [ app_init ] --END-- [ RunTime:0.000735s ]
INFO: [ app_begin ] --START--
INFO: Run Behavior\ReadHtmlCacheBehavior [ RunTime:0.001520s ]
INFO: [ app_begin ] --END-- [ RunTime:0.001640s ]
SQL: show tables [ RunTime:0.0008s ]
SQL: show full fields from sh_goods [ RunTime:0.0054s ]
SQL: show table status from shop where name='sh_goods' [ RunTime:0.0008s ]

[ 2015-05-03T22:18:59+08:00 ] 127.0.0.1 /Gii/Index/__PUBLIC__/Styles/general.css
INFO: [ app_init ] --START--
INFO: Run Behavior\BuildLiteBehavior [ RunTime:0.000061s ]
INFO: [ app_init ] --END-- [ RunTime:0.001863s ]
INFO: [ app_begin ] --START--
INFO: Run Behavior\ReadHtmlCacheBehavior [ RunTime:0.001572s ]
INFO: [ app_begin ] --END-- [ RunTime:0.001704s ]
ERR: 非法操作:__PUBLIC__

[ 2015-05-03T22:18:59+08:00 ] 127.0.0.1 /Gii/Index/__PUBLIC__/Styles/main.css
INFO: [ app_init ] --START--
INFO: Run Behavior\BuildLiteBehavior [ RunTime:0.000032s ]
INFO: [ app_init ] --END-- [ RunTime:0.002355s ]
INFO: [ app_begin ] --START--
INFO: Run Behavior\ReadHtmlCacheBehavior [ RunTime:0.005639s ]
INFO: [ app_begin ] --END-- [ RunTime:0.005809s ]
ERR: 非法操作:__PUBLIC__

[ 2015-05-03T22:19:11+08:00 ] 127.0.0.1 /Gii/Index/index.html
INFO: [ app_init ] --START--
INFO: Run Behavior\BuildLiteBehavior [ RunTime:0.000050s ]
INFO: [ app_init ] --END-- [ RunTime:0.001958s ]
INFO: [ app_begin ] --START--
INFO: Run Behavior\ReadHtmlCacheBehavior [ RunTime:0.001824s ]
INFO: [ app_begin ] --END-- [ RunTime:0.002038s ]
INFO: [ view_parse ] --START--
INFO: [ template_filter ] --START--
INFO: Run Behavior\ContentReplaceBehavior [ RunTime:0.000137s ]
INFO: [ template_filter ] --END-- [ RunTime:0.000350s ]
INFO: Run Behavior\ParseTemplateBehavior [ RunTime:0.021819s ]
INFO: [ view_parse ] --END-- [ RunTime:0.022049s ]
INFO: [ view_filter ] --START--
INFO: Run Behavior\WriteHtmlCacheBehavior [ RunTime:0.005772s ]
INFO: [ view_filter ] --END-- [ RunTime:0.005978s ]
INFO: [ app_end ] --START--
INFO: Run Behavior\ShowPageTraceBehavior [ RunTime:0.002004s ]
INFO: [ app_end ] --END-- [ RunTime:0.002203s ]

[ 2015-05-03T22:19:15+08:00 ] 127.0.0.1 /Gii/Index/index.html
INFO: [ app_init ] --START--
INFO: Run Behavior\BuildLiteBehavior [ RunTime:0.000046s ]
INFO: [ app_init ] --END-- [ RunTime:0.001837s ]
INFO: [ app_begin ] --START--
INFO: Run Behavior\ReadHtmlCacheBehavior [ RunTime:0.001635s ]
INFO: [ app_begin ] --END-- [ RunTime:0.001815s ]
SQL: show tables [ RunTime:0.0011s ]
SQL: show full fields from sh_goods [ RunTime:0.0054s ]
SQL: show table status from shop where name='sh_goods' [ RunTime:0.0008s ]
INFO: [ view_parse ] --START--
INFO: [ template_filter ] --START--
INFO: Run Behavior\ContentReplaceBehavior [ RunTime:0.000077s ]
INFO: [ template_filter ] --END-- [ RunTime:0.000202s ]
INFO: Run Behavior\ParseTemplateBehavior [ RunTime:0.011413s ]
INFO: [ view_parse ] --END-- [ RunTime:0.011540s ]
INFO: [ view_filter ] --START--
INFO: Run Behavior\WriteHtmlCacheBehavior [ RunTime:0.000519s ]
INFO: [ view_filter ] --END-- [ RunTime:0.000613s ]

[ 2015-05-03T22:19:16+08:00 ] 127.0.0.1 /Gii/Index/index.html
INFO: [ app_init ] --START--
INFO: Run Behavior\BuildLiteBehavior [ RunTime:0.000031s ]
INFO: [ app_init ] --END-- [ RunTime:0.000851s ]
INFO: [ app_begin ] --START--
INFO: Run Behavior\ReadHtmlCacheBehavior [ RunTime:0.000935s ]
INFO: [ app_begin ] --END-- [ RunTime:0.001037s ]
INFO: [ view_parse ] --START--
INFO: [ template_filter ] --START--
INFO: Run Behavior\ContentReplaceBehavior [ RunTime:0.000077s ]
INFO: [ template_filter ] --END-- [ RunTime:0.000198s ]
INFO: Run Behavior\ParseTemplateBehavior [ RunTime:0.010148s ]
INFO: [ view_parse ] --END-- [ RunTime:0.010269s ]
INFO: [ view_filter ] --START--
INFO: Run Behavior\WriteHtmlCacheBehavior [ RunTime:0.000506s ]
INFO: [ view_filter ] --END-- [ RunTime:0.000600s ]
INFO: [ app_end ] --START--
INFO: Run Behavior\ShowPageTraceBehavior [ RunTime:0.000953s ]
INFO: [ app_end ] --END-- [ RunTime:0.001050s ]

