[ 2015-05-31T20:17:49+08:00 ] 127.0.0.1 /Member/MemberLevel/lst.html
INFO: [ app_init ] --START--
INFO: Run Behavior\BuildLiteBehavior [ RunTime:0.000043s ]
INFO: [ app_init ] --END-- [ RunTime:0.001385s ]
INFO: [ app_begin ] --START--
INFO: Run Behavior\ReadHtmlCacheBehavior [ RunTime:0.002123s ]
INFO: [ app_begin ] --END-- [ RunTime:0.002329s ]
SQL: SHOW COLUMNS FROM `sh_member_level` [ RunTime:0.0873s ]
NOTIC: [2] Invalid argument supplied for foreach() D:\wamp\www\xm\ThinkPHP\Library\Think\Db\Driver.class.php 第 493 行.
SQL: SELECT COUNT(*) AS tp_count FROM `sh_member_level` LIMIT 1   [ RunTime:0.0138s ]
NOTIC: [2] Invalid argument supplied for foreach() D:\wamp\www\xm\ThinkPHP\Library\Think\Db\Driver.class.php 第 493 行.
SQL: SELECT * FROM `sh_member_level` ORDER BY id LIMIT 0,15   [ RunTime:0.0012s ]
INFO: [ view_parse ] --START--
INFO: [ template_filter ] --START--
INFO: Run Behavior\ContentReplaceBehavior [ RunTime:0.000240s ]
INFO: [ template_filter ] --END-- [ RunTime:0.000457s ]
INFO: Run Behavior\ParseTemplateBehavior [ RunTime:0.041659s ]
INFO: [ view_parse ] --END-- [ RunTime:0.041888s ]
INFO: [ view_filter ] --START--
INFO: Run Behavior\WriteHtmlCacheBehavior [ RunTime:0.001120s ]
INFO: [ view_filter ] --END-- [ RunTime:0.001298s ]
INFO: [ app_end ] --START--
INFO: Run Behavior\ShowPageTraceBehavior [ RunTime:0.001894s ]
INFO: [ app_end ] --END-- [ RunTime:0.002071s ]

[ 2015-05-31T20:17:52+08:00 ] 127.0.0.1 /Member/MemberLevel/add
INFO: [ app_init ] --START--
INFO: Run Behavior\BuildLiteBehavior [ RunTime:0.000042s ]
INFO: [ app_init ] --END-- [ RunTime:0.001238s ]
INFO: [ app_begin ] --START--
INFO: Run Behavior\ReadHtmlCacheBehavior [ RunTime:0.001621s ]
INFO: [ app_begin ] --END-- [ RunTime:0.001810s ]
INFO: [ view_parse ] --START--
INFO: [ template_filter ] --START--
INFO: Run Behavior\ContentReplaceBehavior [ RunTime:0.000177s ]
INFO: [ template_filter ] --END-- [ RunTime:0.000392s ]
INFO: Run Behavior\ParseTemplateBehavior [ RunTime:0.045576s ]
INFO: [ view_parse ] --END-- [ RunTime:0.045893s ]
INFO: [ view_filter ] --START--
INFO: Run Behavior\WriteHtmlCacheBehavior [ RunTime:0.000984s ]
INFO: [ view_filter ] --END-- [ RunTime:0.001156s ]
INFO: [ app_end ] --START--
INFO: Run Behavior\ShowPageTraceBehavior [ RunTime:0.001603s ]
INFO: [ app_end ] --END-- [ RunTime:0.001779s ]

